#
# There is insufficient memory for the Java Runtime Environment to continue.
# Native memory allocation (malloc) failed to allocate 500496 bytes for Chunk::new
# Possible reasons:
#   The system is out of physical RAM or swap space
#   The process is running with CompressedOops enabled, and the Java Heap may be blocking the growth of the native heap
# Possible solutions:
#   Reduce memory load on the system
#   Increase physical memory or swap space
#   Check if swap backing store is full
#   Decrease Java heap size (-Xmx/-Xms)
#   Decrease number of Java threads
#   Decrease Java thread stack sizes (-Xss)
#   Set larger code cache with -XX:ReservedCodeCacheSize=
#   JVM is running with Unscaled Compressed Oops mode in which the Java heap is
#     placed in the first 4GB address space. The Java Heap base address is the
#     maximum limit for the native heap growth. Please use -XX:HeapBaseMinAddress
#     to set the Java Heap base and to place the Java Heap above 4GB virtual address.
# This output file may be truncated or incomplete.
#
#  Out of Memory Error (arena.cpp:168), pid=10132, tid=9476
#
# JRE version: Java(TM) SE Runtime Environment (21.0.3+7) (build 21.0.3+7-LTS-152)
# Java VM: Java HotSpot(TM) 64-Bit Server VM (21.0.3+7-LTS-152, mixed mode, sharing, tiered, compressed oops, compressed class ptrs, g1 gc, windows-amd64)
# No core dump will be written. Minidumps are not enabled by default on client versions of Windows
#

---------------  S U M M A R Y ------------

Command Line: -Dclassworlds.conf=C:\Program Files\NetBeans-21\netbeans\java\maven\bin\m2.conf -Dmaven.home=C:\Program Files\NetBeans-21\netbeans\java\maven -Dlibrary.jansi.path=C:\Program Files\NetBeans-21\netbeans\java\maven\lib\jansi-native -Dmaven.multiModuleProjectDirectory=C:\Users\Student\Documents\sumaiya\Arrayproblem org.codehaus.plexus.classworlds.launcher.Launcher -Dexec.vmArgs= -Dexec.args=${exec.vmArgs} -classpath %classpath ${exec.mainClass} ${exec.appArgs} -Dexec.appArgs= -Dexec.mainClass=arrayproblem.Arrayproblem -Dexec.executable=C:\Program Files\Java\jdk-21\bin\java.exe -Dmaven.ext.class.path=C:\Program Files\NetBeans-21\netbeans\java\maven-nblib\netbeans-eventspy.jar --no-transfer-progress process-classes org.codehaus.mojo:exec-maven-plugin:3.1.0:exec

Host: Intel(R) Core(TM) i3-2100 CPU @ 3.10GHz, 4 cores, 7G,  Windows 10 , 64 bit Build 10240 (10.0.10240.16384)
Time: Sun Jun 30 12:28:54 2024 Bangladesh Standard Time elapsed time: 1.108476 seconds (0d 0h 0m 1s)

---------------  T H R E A D  ---------------

Current thread (0x0000003d716bc7d0):  JavaThread "C2 CompilerThread0" daemon [_thread_in_native, id=9476, stack(0x0000003d76300000,0x0000003d76400000) (1024K)]


Current CompileTask:
C2:   1108 1107   !   4       sun.nio.cs.StreamDecoder::read (78 bytes)

Stack: [0x0000003d76300000,0x0000003d76400000]
Native frames: (J=compiled Java code, j=interpreted, Vv=VM code, C=native code)
V  [jvm.dll+0x6c63b9]
V  [jvm.dll+0x84fa11]
V  [jvm.dll+0x851f3e]
V  [jvm.dll+0x852613]
V  [jvm.dll+0x27cd46]
V  [jvm.dll+0xc4aad]
V  [jvm.dll+0xc4fe3]
V  [jvm.dll+0x3b1d22]
V  [jvm.dll+0x1df0e3]
V  [jvm.dll+0x245c92]
V  [jvm.dll+0x24511f]
V  [jvm.dll+0x1c689e]
V  [jvm.dll+0x254609]
V  [jvm.dll+0x252b9a]
V  [jvm.dll+0x3eb056]
V  [jvm.dll+0x7f9ffb]
V  [jvm.dll+0x6c4a9d]
C  [ucrtbase.dll+0x682dd]
C  [KERNEL32.DLL+0x12d92]
C  [ntdll.dll+0x9f64]


---------------  P R O C E S S  ---------------

Threads class SMR info:
_java_thread_list=0x0000003d76dfe3a0, length=12, elements={
0x0000003d52e464c0, 0x0000003d716aa620, 0x0000003d716ad110, 0x0000003d716af670,
0x0000003d716b12e0, 0x0000003d716b4a10, 0x0000003d716b6160, 0x0000003d716bc7d0,
0x0000003d716c15c0, 0x0000003d765dc360, 0x0000003d765e8bb0, 0x0000003d775eaf60
}

Java Threads: ( => current thread )
  0x0000003d52e464c0 JavaThread "main"                              [_thread_in_Java, id=768, stack(0x0000003d549a0000,0x0000003d54aa0000) (1024K)]
  0x0000003d716aa620 JavaThread "Reference Handler"          daemon [_thread_blocked, id=9228, stack(0x0000003d71c10000,0x0000003d71d10000) (1024K)]
  0x0000003d716ad110 JavaThread "Finalizer"                  daemon [_thread_blocked, id=9236, stack(0x0000003d71d10000,0x0000003d71e10000) (1024K)]
  0x0000003d716af670 JavaThread "Signal Dispatcher"          daemon [_thread_blocked, id=9244, stack(0x0000003d71e10000,0x0000003d71f10000) (1024K)]
  0x0000003d716b12e0 JavaThread "Attach Listener"            daemon [_thread_blocked, id=9232, stack(0x0000003d76000000,0x0000003d76100000) (1024K)]
  0x0000003d716b4a10 JavaThread "Service Thread"             daemon [_thread_blocked, id=9220, stack(0x0000003d76100000,0x0000003d76200000) (1024K)]
  0x0000003d716b6160 JavaThread "Monitor Deflation Thread"   daemon [_thread_blocked, id=8384, stack(0x0000003d76200000,0x0000003d76300000) (1024K)]
=>0x0000003d716bc7d0 JavaThread "C2 CompilerThread0"         daemon [_thread_in_native, id=9476, stack(0x0000003d76300000,0x0000003d76400000) (1024K)]
  0x0000003d716c15c0 JavaThread "C1 CompilerThread0"         daemon [_thread_blocked, id=7368, stack(0x0000003d76400000,0x0000003d76500000) (1024K)]
  0x0000003d765dc360 JavaThread "Notification Thread"        daemon [_thread_blocked, id=8388, stack(0x0000003d76900000,0x0000003d76a00000) (1024K)]
  0x0000003d765e8bb0 JavaThread "Common-Cleaner"             daemon [_thread_blocked, id=6748, stack(0x0000003d76a00000,0x0000003d76b00000) (1024K)]
  0x0000003d775eaf60 JavaThread "C2 CompilerThread1"         daemon [_thread_in_native, id=9548, stack(0x0000003d76b00000,0x0000003d76c00000) (1024K)]
Total: 12

Other Threads:
  0x0000003d71688a50 VMThread "VM Thread"                           [id=9224, stack(0x0000003d71a30000,0x0000003d71b30000) (1024K)]
  0x0000003d71672600 WatcherThread "VM Periodic Task Thread"        [id=5216, stack(0x0000003d71930000,0x0000003d71a30000) (1024K)]
  0x0000003d5530f7d0 WorkerThread "GC Thread#0"                     [id=2460, stack(0x0000003d550d0000,0x0000003d551d0000) (1024K)]
  0x0000003d770fece0 WorkerThread "GC Thread#1"                     [id=3920, stack(0x0000003d784d0000,0x0000003d785d0000) (1024K)]
  0x0000003d770ff080 WorkerThread "GC Thread#2"                     [id=1996, stack(0x0000003d785d0000,0x0000003d786d0000) (1024K)]
  0x0000003d77055680 WorkerThread "GC Thread#3"                     [id=9504, stack(0x0000003d786d0000,0x0000003d787d0000) (1024K)]
  0x0000003d553206e0 ConcurrentGCThread "G1 Main Marker"            [id=9828, stack(0x0000003d6eef0000,0x0000003d6eff0000) (1024K)]
  0x0000003d55321da0 WorkerThread "G1 Conc#0"                       [id=9820, stack(0x0000003d6eff0000,0x0000003d6f0f0000) (1024K)]
  0x0000003d715360b0 ConcurrentGCThread "G1 Refine#0"               [id=9260, stack(0x0000003d71730000,0x0000003d71830000) (1024K)]
  0x0000003d5539d670 ConcurrentGCThread "G1 Service"                [id=9240, stack(0x0000003d71830000,0x0000003d71930000) (1024K)]
Total: 10

Threads with active compile tasks:
C2 CompilerThread0     1126 1107   !   4       sun.nio.cs.StreamDecoder::read (78 bytes)
C2 CompilerThread1     1126 1108       4       sun.nio.cs.StreamDecoder::lockedRead (189 bytes)
Total: 2

VM state: not at safepoint (normal execution)

VM Mutex/Monitor currently owned by a thread: None

Heap address: 0x0000000081800000, size: 2024 MB, Compressed Oops mode: 32-bit

CDS archive(s) mapped at: [0x0000003d00000000-0x0000003d00c90000-0x0000003d00c90000), size 13172736, SharedBaseAddress: 0x0000003d00000000, ArchiveRelocationMode: 1.
Compressed class space mapped at: 0x0000003d01000000-0x0000003d41000000, reserved size: 1073741824
Narrow klass base: 0x0000003d00000000, Narrow klass shift: 0, Narrow klass range: 0x100000000

GC Precious Log:
 CardTable entry size: 512
 Card Set container configuration: InlinePtr #cards 5 size 8 Array Of Cards #cards 12 size 40 Howl #buckets 4 coarsen threshold 1843 Howl Bitmap #cards 512 size 80 coarsen threshold 460 Card regions per heap region 1 cards per card region 2048
 CPUs: 4 total, 4 available
 Memory: 8088M
 Large Page Support: Disabled
 NUMA Support: Disabled
 Compressed Oops: Enabled (32-bit)
 Heap Region Size: 1M
 Heap Min Capacity: 8M
 Heap Initial Capacity: 128M
 Heap Max Capacity: 2024M
 Pre-touch: Disabled
 Parallel Workers: 4
 Concurrent Workers: 1
 Concurrent Refinement Workers: 4
 Periodic GC: Disabled

Heap:
 garbage-first heap   total 131072K, used 11562K [0x0000000081800000, 0x0000000100000000)
  region size 1024K, 11 young (11264K), 2 survivors (2048K)
 Metaspace       used 5765K, committed 5952K, reserved 1114112K
  class space    used 662K, committed 768K, reserved 1048576K

Heap Regions: E=young(eden), S=young(survivor), O=old, HS=humongous(starts), HC=humongous(continues), CS=collection set, F=free, TAMS=top-at-mark-start, PB=parsable bottom
|   0|0x0000000081800000, 0x0000000081900000, 0x0000000081900000|100%| O|  |TAMS 0x0000000081800000| PB 0x0000000081800000| Untracked 
|   1|0x0000000081900000, 0x000000008194aa60, 0x0000000081a00000| 29%| O|  |TAMS 0x0000000081900000| PB 0x0000000081900000| Untracked 
|   2|0x0000000081a00000, 0x0000000081a00000, 0x0000000081b00000|  0%| F|  |TAMS 0x0000000081a00000| PB 0x0000000081a00000| Untracked 
|   3|0x0000000081b00000, 0x0000000081b00000, 0x0000000081c00000|  0%| F|  |TAMS 0x0000000081b00000| PB 0x0000000081b00000| Untracked 
|   4|0x0000000081c00000, 0x0000000081c00000, 0x0000000081d00000|  0%| F|  |TAMS 0x0000000081c00000| PB 0x0000000081c00000| Untracked 
|   5|0x0000000081d00000, 0x0000000081d00000, 0x0000000081e00000|  0%| F|  |TAMS 0x0000000081d00000| PB 0x0000000081d00000| Untracked 
|   6|0x0000000081e00000, 0x0000000081e00000, 0x0000000081f00000|  0%| F|  |TAMS 0x0000000081e00000| PB 0x0000000081e00000| Untracked 
|   7|0x0000000081f00000, 0x0000000081f00000, 0x0000000082000000|  0%| F|  |TAMS 0x0000000081f00000| PB 0x0000000081f00000| Untracked 
|   8|0x0000000082000000, 0x0000000082000000, 0x0000000082100000|  0%| F|  |TAMS 0x0000000082000000| PB 0x0000000082000000| Untracked 
|   9|0x0000000082100000, 0x0000000082100000, 0x0000000082200000|  0%| F|  |TAMS 0x0000000082100000| PB 0x0000000082100000| Untracked 
|  10|0x0000000082200000, 0x0000000082200000, 0x0000000082300000|  0%| F|  |TAMS 0x0000000082200000| PB 0x0000000082200000| Untracked 
|  11|0x0000000082300000, 0x0000000082300000, 0x0000000082400000|  0%| F|  |TAMS 0x0000000082300000| PB 0x0000000082300000| Untracked 
|  12|0x0000000082400000, 0x0000000082400000, 0x0000000082500000|  0%| F|  |TAMS 0x0000000082400000| PB 0x0000000082400000| Untracked 
|  13|0x0000000082500000, 0x0000000082500000, 0x0000000082600000|  0%| F|  |TAMS 0x0000000082500000| PB 0x0000000082500000| Untracked 
|  14|0x0000000082600000, 0x0000000082600000, 0x0000000082700000|  0%| F|  |TAMS 0x0000000082600000| PB 0x0000000082600000| Untracked 
|  15|0x0000000082700000, 0x0000000082700000, 0x0000000082800000|  0%| F|  |TAMS 0x0000000082700000| PB 0x0000000082700000| Untracked 
|  16|0x0000000082800000, 0x0000000082800000, 0x0000000082900000|  0%| F|  |TAMS 0x0000000082800000| PB 0x0000000082800000| Untracked 
|  17|0x0000000082900000, 0x0000000082900000, 0x0000000082a00000|  0%| F|  |TAMS 0x0000000082900000| PB 0x0000000082900000| Untracked 
|  18|0x0000000082a00000, 0x0000000082a00000, 0x0000000082b00000|  0%| F|  |TAMS 0x0000000082a00000| PB 0x0000000082a00000| Untracked 
|  19|0x0000000082b00000, 0x0000000082b00000, 0x0000000082c00000|  0%| F|  |TAMS 0x0000000082b00000| PB 0x0000000082b00000| Untracked 
|  20|0x0000000082c00000, 0x0000000082c00000, 0x0000000082d00000|  0%| F|  |TAMS 0x0000000082c00000| PB 0x0000000082c00000| Untracked 
|  21|0x0000000082d00000, 0x0000000082d00000, 0x0000000082e00000|  0%| F|  |TAMS 0x0000000082d00000| PB 0x0000000082d00000| Untracked 
|  22|0x0000000082e00000, 0x0000000082e00000, 0x0000000082f00000|  0%| F|  |TAMS 0x0000000082e00000| PB 0x0000000082e00000| Untracked 
|  23|0x0000000082f00000, 0x0000000082f00000, 0x0000000083000000|  0%| F|  |TAMS 0x0000000082f00000| PB 0x0000000082f00000| Untracked 
|  24|0x0000000083000000, 0x0000000083000000, 0x0000000083100000|  0%| F|  |TAMS 0x0000000083000000| PB 0x0000000083000000| Untracked 
|  25|0x0000000083100000, 0x0000000083100000, 0x0000000083200000|  0%| F|  |TAMS 0x0000000083100000| PB 0x0000000083100000| Untracked 
|  26|0x0000000083200000, 0x0000000083200000, 0x0000000083300000|  0%| F|  |TAMS 0x0000000083200000| PB 0x0000000083200000| Untracked 
|  27|0x0000000083300000, 0x0000000083300000, 0x0000000083400000|  0%| F|  |TAMS 0x0000000083300000| PB 0x0000000083300000| Untracked 
|  28|0x0000000083400000, 0x0000000083400000, 0x0000000083500000|  0%| F|  |TAMS 0x0000000083400000| PB 0x0000000083400000| Untracked 
|  29|0x0000000083500000, 0x0000000083500000, 0x0000000083600000|  0%| F|  |TAMS 0x0000000083500000| PB 0x0000000083500000| Untracked 
|  30|0x0000000083600000, 0x0000000083600000, 0x0000000083700000|  0%| F|  |TAMS 0x0000000083600000| PB 0x0000000083600000| Untracked 
|  31|0x0000000083700000, 0x0000000083700000, 0x0000000083800000|  0%| F|  |TAMS 0x0000000083700000| PB 0x0000000083700000| Untracked 
|  32|0x0000000083800000, 0x0000000083800000, 0x0000000083900000|  0%| F|  |TAMS 0x0000000083800000| PB 0x0000000083800000| Untracked 
|  33|0x0000000083900000, 0x0000000083900000, 0x0000000083a00000|  0%| F|  |TAMS 0x0000000083900000| PB 0x0000000083900000| Untracked 
|  34|0x0000000083a00000, 0x0000000083a00000, 0x0000000083b00000|  0%| F|  |TAMS 0x0000000083a00000| PB 0x0000000083a00000| Untracked 
|  35|0x0000000083b00000, 0x0000000083b00000, 0x0000000083c00000|  0%| F|  |TAMS 0x0000000083b00000| PB 0x0000000083b00000| Untracked 
|  36|0x0000000083c00000, 0x0000000083c00000, 0x0000000083d00000|  0%| F|  |TAMS 0x0000000083c00000| PB 0x0000000083c00000| Untracked 
|  37|0x0000000083d00000, 0x0000000083d00000, 0x0000000083e00000|  0%| F|  |TAMS 0x0000000083d00000| PB 0x0000000083d00000| Untracked 
|  38|0x0000000083e00000, 0x0000000083e00000, 0x0000000083f00000|  0%| F|  |TAMS 0x0000000083e00000| PB 0x0000000083e00000| Untracked 
|  39|0x0000000083f00000, 0x0000000083f00000, 0x0000000084000000|  0%| F|  |TAMS 0x0000000083f00000| PB 0x0000000083f00000| Untracked 
|  40|0x0000000084000000, 0x0000000084000000, 0x0000000084100000|  0%| F|  |TAMS 0x0000000084000000| PB 0x0000000084000000| Untracked 
|  41|0x0000000084100000, 0x0000000084100000, 0x0000000084200000|  0%| F|  |TAMS 0x0000000084100000| PB 0x0000000084100000| Untracked 
|  42|0x0000000084200000, 0x0000000084200000, 0x0000000084300000|  0%| F|  |TAMS 0x0000000084200000| PB 0x0000000084200000| Untracked 
|  43|0x0000000084300000, 0x0000000084300000, 0x0000000084400000|  0%| F|  |TAMS 0x0000000084300000| PB 0x0000000084300000| Untracked 
|  44|0x0000000084400000, 0x0000000084400000, 0x0000000084500000|  0%| F|  |TAMS 0x0000000084400000| PB 0x0000000084400000| Untracked 
|  45|0x0000000084500000, 0x0000000084500000, 0x0000000084600000|  0%| F|  |TAMS 0x0000000084500000| PB 0x0000000084500000| Untracked 
|  46|0x0000000084600000, 0x0000000084600000, 0x0000000084700000|  0%| F|  |TAMS 0x0000000084600000| PB 0x0000000084600000| Untracked 
|  47|0x0000000084700000, 0x0000000084700000, 0x0000000084800000|  0%| F|  |TAMS 0x0000000084700000| PB 0x0000000084700000| Untracked 
|  48|0x0000000084800000, 0x0000000084800000, 0x0000000084900000|  0%| F|  |TAMS 0x0000000084800000| PB 0x0000000084800000| Untracked 
|  49|0x0000000084900000, 0x0000000084900000, 0x0000000084a00000|  0%| F|  |TAMS 0x0000000084900000| PB 0x0000000084900000| Untracked 
|  50|0x0000000084a00000, 0x0000000084a00000, 0x0000000084b00000|  0%| F|  |TAMS 0x0000000084a00000| PB 0x0000000084a00000| Untracked 
|  51|0x0000000084b00000, 0x0000000084b00000, 0x0000000084c00000|  0%| F|  |TAMS 0x0000000084b00000| PB 0x0000000084b00000| Untracked 
|  52|0x0000000084c00000, 0x0000000084c00000, 0x0000000084d00000|  0%| F|  |TAMS 0x0000000084c00000| PB 0x0000000084c00000| Untracked 
|  53|0x0000000084d00000, 0x0000000084d00000, 0x0000000084e00000|  0%| F|  |TAMS 0x0000000084d00000| PB 0x0000000084d00000| Untracked 
|  54|0x0000000084e00000, 0x0000000084e00000, 0x0000000084f00000|  0%| F|  |TAMS 0x0000000084e00000| PB 0x0000000084e00000| Untracked 
|  55|0x0000000084f00000, 0x0000000084f00000, 0x0000000085000000|  0%| F|  |TAMS 0x0000000084f00000| PB 0x0000000084f00000| Untracked 
|  56|0x0000000085000000, 0x0000000085000000, 0x0000000085100000|  0%| F|  |TAMS 0x0000000085000000| PB 0x0000000085000000| Untracked 
|  57|0x0000000085100000, 0x0000000085100000, 0x0000000085200000|  0%| F|  |TAMS 0x0000000085100000| PB 0x0000000085100000| Untracked 
|  58|0x0000000085200000, 0x0000000085200000, 0x0000000085300000|  0%| F|  |TAMS 0x0000000085200000| PB 0x0000000085200000| Untracked 
|  59|0x0000000085300000, 0x0000000085300000, 0x0000000085400000|  0%| F|  |TAMS 0x0000000085300000| PB 0x0000000085300000| Untracked 
|  60|0x0000000085400000, 0x0000000085400000, 0x0000000085500000|  0%| F|  |TAMS 0x0000000085400000| PB 0x0000000085400000| Untracked 
|  61|0x0000000085500000, 0x0000000085500000, 0x0000000085600000|  0%| F|  |TAMS 0x0000000085500000| PB 0x0000000085500000| Untracked 
|  62|0x0000000085600000, 0x0000000085600000, 0x0000000085700000|  0%| F|  |TAMS 0x0000000085600000| PB 0x0000000085600000| Untracked 
|  63|0x0000000085700000, 0x0000000085700000, 0x0000000085800000|  0%| F|  |TAMS 0x0000000085700000| PB 0x0000000085700000| Untracked 
|  64|0x0000000085800000, 0x0000000085800000, 0x0000000085900000|  0%| F|  |TAMS 0x0000000085800000| PB 0x0000000085800000| Untracked 
|  65|0x0000000085900000, 0x0000000085900000, 0x0000000085a00000|  0%| F|  |TAMS 0x0000000085900000| PB 0x0000000085900000| Untracked 
|  66|0x0000000085a00000, 0x0000000085a00000, 0x0000000085b00000|  0%| F|  |TAMS 0x0000000085a00000| PB 0x0000000085a00000| Untracked 
|  67|0x0000000085b00000, 0x0000000085b00000, 0x0000000085c00000|  0%| F|  |TAMS 0x0000000085b00000| PB 0x0000000085b00000| Untracked 
|  68|0x0000000085c00000, 0x0000000085c00000, 0x0000000085d00000|  0%| F|  |TAMS 0x0000000085c00000| PB 0x0000000085c00000| Untracked 
|  69|0x0000000085d00000, 0x0000000085d00000, 0x0000000085e00000|  0%| F|  |TAMS 0x0000000085d00000| PB 0x0000000085d00000| Untracked 
|  70|0x0000000085e00000, 0x0000000085e00000, 0x0000000085f00000|  0%| F|  |TAMS 0x0000000085e00000| PB 0x0000000085e00000| Untracked 
|  71|0x0000000085f00000, 0x0000000085f00000, 0x0000000086000000|  0%| F|  |TAMS 0x0000000085f00000| PB 0x0000000085f00000| Untracked 
|  72|0x0000000086000000, 0x0000000086000000, 0x0000000086100000|  0%| F|  |TAMS 0x0000000086000000| PB 0x0000000086000000| Untracked 
|  73|0x0000000086100000, 0x0000000086100000, 0x0000000086200000|  0%| F|  |TAMS 0x0000000086100000| PB 0x0000000086100000| Untracked 
|  74|0x0000000086200000, 0x0000000086200000, 0x0000000086300000|  0%| F|  |TAMS 0x0000000086200000| PB 0x0000000086200000| Untracked 
|  75|0x0000000086300000, 0x0000000086300000, 0x0000000086400000|  0%| F|  |TAMS 0x0000000086300000| PB 0x0000000086300000| Untracked 
|  76|0x0000000086400000, 0x0000000086400000, 0x0000000086500000|  0%| F|  |TAMS 0x0000000086400000| PB 0x0000000086400000| Untracked 
|  77|0x0000000086500000, 0x0000000086500000, 0x0000000086600000|  0%| F|  |TAMS 0x0000000086500000| PB 0x0000000086500000| Untracked 
|  78|0x0000000086600000, 0x0000000086600000, 0x0000000086700000|  0%| F|  |TAMS 0x0000000086600000| PB 0x0000000086600000| Untracked 
|  79|0x0000000086700000, 0x0000000086700000, 0x0000000086800000|  0%| F|  |TAMS 0x0000000086700000| PB 0x0000000086700000| Untracked 
|  80|0x0000000086800000, 0x0000000086800000, 0x0000000086900000|  0%| F|  |TAMS 0x0000000086800000| PB 0x0000000086800000| Untracked 
|  81|0x0000000086900000, 0x0000000086900000, 0x0000000086a00000|  0%| F|  |TAMS 0x0000000086900000| PB 0x0000000086900000| Untracked 
|  82|0x0000000086a00000, 0x0000000086a00000, 0x0000000086b00000|  0%| F|  |TAMS 0x0000000086a00000| PB 0x0000000086a00000| Untracked 
|  83|0x0000000086b00000, 0x0000000086b00000, 0x0000000086c00000|  0%| F|  |TAMS 0x0000000086b00000| PB 0x0000000086b00000| Untracked 
|  84|0x0000000086c00000, 0x0000000086c00000, 0x0000000086d00000|  0%| F|  |TAMS 0x0000000086c00000| PB 0x0000000086c00000| Untracked 
|  85|0x0000000086d00000, 0x0000000086d00000, 0x0000000086e00000|  0%| F|  |TAMS 0x0000000086d00000| PB 0x0000000086d00000| Untracked 
|  86|0x0000000086e00000, 0x0000000086e00000, 0x0000000086f00000|  0%| F|  |TAMS 0x0000000086e00000| PB 0x0000000086e00000| Untracked 
|  87|0x0000000086f00000, 0x0000000086f00000, 0x0000000087000000|  0%| F|  |TAMS 0x0000000086f00000| PB 0x0000000086f00000| Untracked 
|  88|0x0000000087000000, 0x0000000087000000, 0x0000000087100000|  0%| F|  |TAMS 0x0000000087000000| PB 0x0000000087000000| Untracked 
|  89|0x0000000087100000, 0x0000000087100000, 0x0000000087200000|  0%| F|  |TAMS 0x0000000087100000| PB 0x0000000087100000| Untracked 
|  90|0x0000000087200000, 0x0000000087200000, 0x0000000087300000|  0%| F|  |TAMS 0x0000000087200000| PB 0x0000000087200000| Untracked 
|  91|0x0000000087300000, 0x0000000087300000, 0x0000000087400000|  0%| F|  |TAMS 0x0000000087300000| PB 0x0000000087300000| Untracked 
|  92|0x0000000087400000, 0x0000000087400000, 0x0000000087500000|  0%| F|  |TAMS 0x0000000087400000| PB 0x0000000087400000| Untracked 
|  93|0x0000000087500000, 0x0000000087500000, 0x0000000087600000|  0%| F|  |TAMS 0x0000000087500000| PB 0x0000000087500000| Untracked 
|  94|0x0000000087600000, 0x0000000087600000, 0x0000000087700000|  0%| F|  |TAMS 0x0000000087600000| PB 0x0000000087600000| Untracked 
|  95|0x0000000087700000, 0x0000000087700000, 0x0000000087800000|  0%| F|  |TAMS 0x0000000087700000| PB 0x0000000087700000| Untracked 
|  96|0x0000000087800000, 0x0000000087800000, 0x0000000087900000|  0%| F|  |TAMS 0x0000000087800000| PB 0x0000000087800000| Untracked 
|  97|0x0000000087900000, 0x0000000087900000, 0x0000000087a00000|  0%| F|  |TAMS 0x0000000087900000| PB 0x0000000087900000| Untracked 
|  98|0x0000000087a00000, 0x0000000087a00000, 0x0000000087b00000|  0%| F|  |TAMS 0x0000000087a00000| PB 0x0000000087a00000| Untracked 
|  99|0x0000000087b00000, 0x0000000087b00000, 0x0000000087c00000|  0%| F|  |TAMS 0x0000000087b00000| PB 0x0000000087b00000| Untracked 
| 100|0x0000000087c00000, 0x0000000087c00000, 0x0000000087d00000|  0%| F|  |TAMS 0x0000000087c00000| PB 0x0000000087c00000| Untracked 
| 101|0x0000000087d00000, 0x0000000087d00000, 0x0000000087e00000|  0%| F|  |TAMS 0x0000000087d00000| PB 0x0000000087d00000| Untracked 
| 102|0x0000000087e00000, 0x0000000087e00000, 0x0000000087f00000|  0%| F|  |TAMS 0x0000000087e00000| PB 0x0000000087e00000| Untracked 
| 103|0x0000000087f00000, 0x0000000087f00000, 0x0000000088000000|  0%| F|  |TAMS 0x0000000087f00000| PB 0x0000000087f00000| Untracked 
| 104|0x0000000088000000, 0x0000000088000000, 0x0000000088100000|  0%| F|  |TAMS 0x0000000088000000| PB 0x0000000088000000| Untracked 
| 105|0x0000000088100000, 0x0000000088100000, 0x0000000088200000|  0%| F|  |TAMS 0x0000000088100000| PB 0x0000000088100000| Untracked 
| 106|0x0000000088200000, 0x0000000088200000, 0x0000000088300000|  0%| F|  |TAMS 0x0000000088200000| PB 0x0000000088200000| Untracked 
| 107|0x0000000088300000, 0x0000000088300000, 0x0000000088400000|  0%| F|  |TAMS 0x0000000088300000| PB 0x0000000088300000| Untracked 
| 108|0x0000000088400000, 0x0000000088400000, 0x0000000088500000|  0%| F|  |TAMS 0x0000000088400000| PB 0x0000000088400000| Untracked 
| 109|0x0000000088500000, 0x0000000088500000, 0x0000000088600000|  0%| F|  |TAMS 0x0000000088500000| PB 0x0000000088500000| Untracked 
| 110|0x0000000088600000, 0x0000000088600000, 0x0000000088700000|  0%| F|  |TAMS 0x0000000088600000| PB 0x0000000088600000| Untracked 
| 111|0x0000000088700000, 0x0000000088700000, 0x0000000088800000|  0%| F|  |TAMS 0x0000000088700000| PB 0x0000000088700000| Untracked 
| 112|0x0000000088800000, 0x0000000088800000, 0x0000000088900000|  0%| F|  |TAMS 0x0000000088800000| PB 0x0000000088800000| Untracked 
| 113|0x0000000088900000, 0x0000000088a00000, 0x0000000088a00000|100%| S|CS|TAMS 0x0000000088900000| PB 0x0000000088900000| Complete 
| 114|0x0000000088a00000, 0x0000000088b00000, 0x0000000088b00000|100%| S|CS|TAMS 0x0000000088a00000| PB 0x0000000088a00000| Complete 
| 115|0x0000000088b00000, 0x0000000088b00000, 0x0000000088c00000|  0%| F|  |TAMS 0x0000000088b00000| PB 0x0000000088b00000| Untracked 
| 116|0x0000000088c00000, 0x0000000088c00000, 0x0000000088d00000|  0%| F|  |TAMS 0x0000000088c00000| PB 0x0000000088c00000| Untracked 
| 117|0x0000000088d00000, 0x0000000088d00000, 0x0000000088e00000|  0%| F|  |TAMS 0x0000000088d00000| PB 0x0000000088d00000| Untracked 
| 118|0x0000000088e00000, 0x0000000088e00000, 0x0000000088f00000|  0%| F|  |TAMS 0x0000000088e00000| PB 0x0000000088e00000| Untracked 
| 119|0x0000000088f00000, 0x0000000088fd8a38, 0x0000000089000000| 84%| E|  |TAMS 0x0000000088f00000| PB 0x0000000088f00000| Complete 
| 120|0x0000000089000000, 0x0000000089100000, 0x0000000089100000|100%| E|CS|TAMS 0x0000000089000000| PB 0x0000000089000000| Complete 
| 121|0x0000000089100000, 0x0000000089200000, 0x0000000089200000|100%| E|CS|TAMS 0x0000000089100000| PB 0x0000000089100000| Complete 
| 122|0x0000000089200000, 0x0000000089300000, 0x0000000089300000|100%| E|CS|TAMS 0x0000000089200000| PB 0x0000000089200000| Complete 
| 123|0x0000000089300000, 0x0000000089400000, 0x0000000089400000|100%| E|CS|TAMS 0x0000000089300000| PB 0x0000000089300000| Complete 
| 124|0x0000000089400000, 0x0000000089500000, 0x0000000089500000|100%| E|CS|TAMS 0x0000000089400000| PB 0x0000000089400000| Complete 
| 125|0x0000000089500000, 0x0000000089600000, 0x0000000089600000|100%| E|CS|TAMS 0x0000000089500000| PB 0x0000000089500000| Complete 
| 126|0x0000000089600000, 0x0000000089700000, 0x0000000089700000|100%| E|CS|TAMS 0x0000000089600000| PB 0x0000000089600000| Complete 
| 127|0x0000000089700000, 0x0000000089800000, 0x0000000089800000|100%| E|CS|TAMS 0x0000000089700000| PB 0x0000000089700000| Complete 

Card table byte_map: [0x0000003d6cb50000,0x0000003d6cf50000] _byte_map_base: 0x0000003d6c744000

Marking Bits: (CMBitMap*) 0x0000003d5530fed0
 Bits: [0x0000003d6cf50000, 0x0000003d6eef0000)

Polling page: 0x0000003d531a0000

Metaspace:

Usage:
  Non-class:      4.99 MB used.
      Class:    662.57 KB used.
       Both:      5.63 MB used.

Virtual space:
  Non-class space:       64.00 MB reserved,       5.06 MB (  8%) committed,  1 nodes.
      Class space:        1.00 GB reserved,     768.00 KB ( <1%) committed,  1 nodes.
             Both:        1.06 GB reserved,       5.81 MB ( <1%) committed. 

Chunk freelists:
   Non-Class:  9.16 MB
       Class:  15.28 MB
        Both:  24.44 MB

MaxMetaspaceSize: unlimited
CompressedClassSpaceSize: 1.00 GB
Initial GC threshold: 21.00 MB
Current GC threshold: 21.00 MB
CDS: on
 - commit_granule_bytes: 65536.
 - commit_granule_words: 8192.
 - virtual_space_node_default_size: 8388608.
 - enlarge_chunks_in_place: 1.
 - use_allocation_guard: 0.


Internal statistics:

num_allocs_failed_limit: 0.
num_arena_births: 54.
num_arena_deaths: 0.
num_vsnodes_births: 2.
num_vsnodes_deaths: 0.
num_space_committed: 93.
num_space_uncommitted: 0.
num_chunks_returned_to_freelist: 0.
num_chunks_taken_from_freelist: 215.
num_chunk_merges: 0.
num_chunk_splits: 137.
num_chunks_enlarged: 114.
num_inconsistent_stats: 0.

CodeHeap 'non-profiled nmethods': size=120000Kb used=355Kb max_used=355Kb free=119644Kb
 bounds [0x0000003d65220000, 0x0000003d65490000, 0x0000003d6c750000]
CodeHeap 'profiled nmethods': size=120000Kb used=2221Kb max_used=2221Kb free=117778Kb
 bounds [0x0000003d5d750000, 0x0000003d5d9c0000, 0x0000003d64c80000]
CodeHeap 'non-nmethods': size=5760Kb used=1354Kb max_used=1372Kb free=4405Kb
 bounds [0x0000003d64c80000, 0x0000003d64ef0000, 0x0000003d65220000]
 total_blobs=1587 nmethods=1128 adapters=364
 compilation: enabled
              stopped_count=0, restarted_count=0
 full_count=0

Compilation events (20 events):
Event: 1.050 Thread 0x0000003d716c15c0 nmethod 1127 0x0000003d5d976c90 code [0x0000003d5d976e40, 0x0000003d5d976fe8]
Event: 1.053 Thread 0x0000003d716c15c0 1128       3       org.codehaus.plexus.util.xml.pull.MXParser::getName (84 bytes)
Event: 1.053 Thread 0x0000003d716c15c0 nmethod 1128 0x0000003d5d977110 code [0x0000003d5d9772e0, 0x0000003d5d977670]
Event: 1.062 Thread 0x0000003d716c15c0 1130       3       org.eclipse.sisu.plexus.PlexusXmlScanner::TEXT (10 bytes)
Event: 1.063 Thread 0x0000003d716c15c0 nmethod 1130 0x0000003d5d977790 code [0x0000003d5d977980, 0x0000003d5d977d20]
Event: 1.063 Thread 0x0000003d716c15c0 1131       3       org.codehaus.plexus.util.xml.pull.MXParser::nextText (103 bytes)
Event: 1.064 Thread 0x0000003d716c15c0 nmethod 1131 0x0000003d5d977e90 code [0x0000003d5d978160, 0x0000003d5d978d38]
Event: 1.067 Thread 0x0000003d716c15c0 1132       1       sun.nio.fs.NativeBuffer::setOwner (6 bytes)
Event: 1.067 Thread 0x0000003d716c15c0 nmethod 1132 0x0000003d65276590 code [0x0000003d65276720, 0x0000003d65276830]
Event: 1.067 Thread 0x0000003d716c15c0 1133       1       sun.nio.fs.NativeBuffer::size (5 bytes)
Event: 1.067 Thread 0x0000003d716c15c0 nmethod 1133 0x0000003d65276890 code [0x0000003d65276a20, 0x0000003d65276ae8]
Event: 1.086 Thread 0x0000003d716c15c0 1143       1       org.codehaus.plexus.util.xml.pull.MXParser::getDepth (5 bytes)
Event: 1.087 Thread 0x0000003d716c15c0 nmethod 1143 0x0000003d65276b90 code [0x0000003d65276d20, 0x0000003d65276de8]
Event: 1.087 Thread 0x0000003d716c15c0 1144   !   2       sun.net.www.ParseUtil::decode (349 bytes)
Event: 1.090 Thread 0x0000003d716c15c0 nmethod 1144 0x0000003d5d979190 code [0x0000003d5d979580, 0x0000003d5d97a798]
Event: 1.090 Thread 0x0000003d716c15c0 1145       2       java.util.HashMap::isEmpty (13 bytes)
Event: 1.091 Thread 0x0000003d716c15c0 nmethod 1145 0x0000003d5d97b390 code [0x0000003d5d97b520, 0x0000003d5d97b638]
Event: 1.094 Thread 0x0000003d775eaf60 1118       4       org.codehaus.plexus.util.xml.pull.MXParser::more (106 bytes)
Event: 1.096 Thread 0x0000003d775eaf60 nmethod 1118 0x0000003d65276e90 code [0x0000003d65277020, 0x0000003d65277180]
Event: 1.096 Thread 0x0000003d775eaf60 1137       4       sun.nio.cs.StreamDecoder::implRead (232 bytes)

GC Heap History (2 events):
Event: 0.687 GC heap before
{Heap before GC invocations=0 (full 0):
 garbage-first heap   total 131072K, used 12288K [0x0000000081800000, 0x0000000100000000)
  region size 1024K, 13 young (13312K), 0 survivors (0K)
 Metaspace       used 3983K, committed 4160K, reserved 1114112K
  class space    used 406K, committed 512K, reserved 1048576K
}
Event: 0.693 GC heap after
{Heap after GC invocations=1 (full 0):
 garbage-first heap   total 131072K, used 3370K [0x0000000081800000, 0x0000000100000000)
  region size 1024K, 2 young (2048K), 2 survivors (2048K)
 Metaspace       used 3983K, committed 4160K, reserved 1114112K
  class space    used 406K, committed 512K, reserved 1048576K
}

Dll operation events (8 events):
Event: 0.007 Loaded shared library C:\Program Files\Java\jdk-21\bin\java.dll
Event: 0.042 Loaded shared library C:\Program Files\Java\jdk-21\bin\jsvml.dll
Event: 0.085 Loaded shared library C:\Program Files\Java\jdk-21\bin\net.dll
Event: 0.087 Loaded shared library C:\Program Files\Java\jdk-21\bin\nio.dll
Event: 0.092 Loaded shared library C:\Program Files\Java\jdk-21\bin\zip.dll
Event: 0.264 Loaded shared library C:\Program Files\Java\jdk-21\bin\jimage.dll
Event: 0.274 Loaded shared library C:\Program Files\NetBeans-21\netbeans\java\maven\lib\jansi-native\Windows\x86_64\jansi.dll
Event: 0.287 Loaded shared library C:\Program Files\Java\jdk-21\bin\verify.dll

Deoptimization events (20 events):
Event: 0.992 Thread 0x0000003d52e464c0 Uncommon trap: trap_request=0xffffffde fr.pc=0x0000003d652537dc relative=0x00000000000006bc
Event: 0.992 Thread 0x0000003d52e464c0 Uncommon trap: reason=class_check action=maybe_recompile pc=0x0000003d652537dc method=java.util.regex.Matcher.search(I)Z @ 121 c2
Event: 0.992 Thread 0x0000003d52e464c0 DEOPT PACKING pc=0x0000003d652537dc sp=0x0000003d54a9e110
Event: 0.992 Thread 0x0000003d52e464c0 DEOPT UNPACKING pc=0x0000003d64cd46a2 sp=0x0000003d54a9e0e0 mode 2
Event: 0.992 Thread 0x0000003d52e464c0 Uncommon trap: trap_request=0xffffff76 fr.pc=0x0000003d6524dd0c relative=0x000000000000032c
Event: 0.992 Thread 0x0000003d52e464c0 Uncommon trap: reason=predicate action=maybe_recompile pc=0x0000003d6524dd0c method=java.util.regex.Pattern$BmpCharPropertyGreedy.match(Ljava/util/regex/Matcher;ILjava/lang/CharSequence;)Z @ 12 c2
Event: 0.992 Thread 0x0000003d52e464c0 DEOPT PACKING pc=0x0000003d6524dd0c sp=0x0000003d54a9dee0
Event: 0.992 Thread 0x0000003d52e464c0 DEOPT UNPACKING pc=0x0000003d64cd46a2 sp=0x0000003d54a9de98 mode 2
Event: 0.993 Thread 0x0000003d52e464c0 Uncommon trap: trap_request=0xffffff45 fr.pc=0x0000003d65246ae0 relative=0x00000000000000c0
Event: 0.993 Thread 0x0000003d52e464c0 Uncommon trap: reason=unstable_if action=reinterpret pc=0x0000003d65246ae0 method=org.codehaus.plexus.util.xml.pull.MXParser.more()C @ 8 c2
Event: 0.993 Thread 0x0000003d52e464c0 DEOPT PACKING pc=0x0000003d65246ae0 sp=0x0000003d54a9e2d0
Event: 0.993 Thread 0x0000003d52e464c0 DEOPT UNPACKING pc=0x0000003d64cd46a2 sp=0x0000003d54a9e260 mode 2
Event: 1.015 Thread 0x0000003d52e464c0 Uncommon trap: trap_request=0xffffffde fr.pc=0x0000003d652537dc relative=0x00000000000006bc
Event: 1.015 Thread 0x0000003d52e464c0 Uncommon trap: reason=class_check action=maybe_recompile pc=0x0000003d652537dc method=java.util.regex.Matcher.search(I)Z @ 121 c2
Event: 1.015 Thread 0x0000003d52e464c0 DEOPT PACKING pc=0x0000003d652537dc sp=0x0000003d54a9e110
Event: 1.015 Thread 0x0000003d52e464c0 DEOPT UNPACKING pc=0x0000003d64cd46a2 sp=0x0000003d54a9e0e0 mode 2
Event: 1.068 Thread 0x0000003d52e464c0 Uncommon trap: trap_request=0xffffffde fr.pc=0x0000003d652537dc relative=0x00000000000006bc
Event: 1.068 Thread 0x0000003d52e464c0 Uncommon trap: reason=class_check action=maybe_recompile pc=0x0000003d652537dc method=java.util.regex.Matcher.search(I)Z @ 121 c2
Event: 1.068 Thread 0x0000003d52e464c0 DEOPT PACKING pc=0x0000003d652537dc sp=0x0000003d54a9e110
Event: 1.068 Thread 0x0000003d52e464c0 DEOPT UNPACKING pc=0x0000003d64cd46a2 sp=0x0000003d54a9e0e0 mode 2

Classes loaded (20 events):
Event: 0.898 Loading class java/util/concurrent/TimeoutException
Event: 0.898 Loading class java/util/concurrent/TimeoutException done
Event: 0.898 Loading class java/util/concurrent/CancellationException
Event: 0.898 Loading class java/util/concurrent/CancellationException done
Event: 0.900 Loading class java/security/PrivilegedActionException
Event: 0.900 Loading class java/security/PrivilegedActionException done
Event: 0.900 Loading class sun/misc/Unsafe
Event: 0.900 Loading class sun/misc/Unsafe done
Event: 0.902 Loading class java/lang/invoke/DirectMethodHandle$StaticAccessor
Event: 0.903 Loading class java/lang/invoke/DirectMethodHandle$StaticAccessor done
Event: 0.914 Loading class java/lang/reflect/ParameterizedType
Event: 0.914 Loading class java/lang/reflect/ParameterizedType done
Event: 0.923 Loading class java/lang/reflect/WildcardType
Event: 0.923 Loading class java/lang/reflect/WildcardType done
Event: 0.928 Loading class sun/reflect/generics/tree/TypeVariableSignature
Event: 0.928 Loading class sun/reflect/generics/tree/TypeVariableSignature done
Event: 0.956 Loading class java/lang/annotation/IncompleteAnnotationException
Event: 0.956 Loading class java/lang/annotation/IncompleteAnnotationException done
Event: 1.078 Loading class java/lang/foreign/MemorySegment
Event: 1.079 Loading class java/lang/foreign/MemorySegment done

Classes unloaded (0 events):
No events

Classes redefined (0 events):
No events

Internal exceptions (20 events):
Event: 0.279 Thread 0x0000003d52e464c0 Exception <a 'java/lang/NullPointerException'{0x00000000893f96a8}> (0x00000000893f96a8) 
thrown [s\open\src\hotspot\share\interpreter\linkResolver.cpp, line 1372]
Event: 0.279 Thread 0x0000003d52e464c0 Exception <a 'java/lang/NullPointerException'{0x00000000893f9988}> (0x00000000893f9988) 
thrown [s\open\src\hotspot\share\interpreter\linkResolver.cpp, line 1372]
Event: 0.279 Thread 0x0000003d52e464c0 Exception <a 'java/lang/NullPointerException'{0x00000000893f9c68}> (0x00000000893f9c68) 
thrown [s\open\src\hotspot\share\interpreter\linkResolver.cpp, line 1372]
Event: 0.279 Thread 0x0000003d52e464c0 Exception <a 'java/lang/NullPointerException'{0x00000000893f9f48}> (0x00000000893f9f48) 
thrown [s\open\src\hotspot\share\interpreter\linkResolver.cpp, line 1372]
Event: 0.285 Thread 0x0000003d52e464c0 Exception <a 'sun/nio/fs/WindowsException'{0x0000000089223620}> (0x0000000089223620) 
thrown [s\open\src\hotspot\share\prims\jni.cpp, line 520]
Event: 0.286 Thread 0x0000003d52e464c0 Exception <a 'sun/nio/fs/WindowsException'{0x0000000089223d28}> (0x0000000089223d28) 
thrown [s\open\src\hotspot\share\prims\jni.cpp, line 520]
Event: 0.286 Thread 0x0000003d52e464c0 Exception <a 'sun/nio/fs/WindowsException'{0x00000000892242b0}> (0x00000000892242b0) 
thrown [s\open\src\hotspot\share\prims\jni.cpp, line 520]
Event: 0.286 Thread 0x0000003d52e464c0 Exception <a 'sun/nio/fs/WindowsException'{0x0000000089224810}> (0x0000000089224810) 
thrown [s\open\src\hotspot\share\prims\jni.cpp, line 520]
Event: 0.286 Thread 0x0000003d52e464c0 Exception <a 'sun/nio/fs/WindowsException'{0x0000000089224d18}> (0x0000000089224d18) 
thrown [s\open\src\hotspot\share\prims\jni.cpp, line 520]
Event: 0.286 Thread 0x0000003d52e464c0 Exception <a 'sun/nio/fs/WindowsException'{0x00000000892251d8}> (0x00000000892251d8) 
thrown [s\open\src\hotspot\share\prims\jni.cpp, line 520]
Event: 0.306 Thread 0x0000003d52e464c0 Exception <a 'java/lang/NoSuchMethodError'{0x0000000089297610}: 'void java.lang.invoke.DirectMethodHandle$Holder.invokeStatic(java.lang.Object, java.lang.Object, java.lang.Object)'> (0x0000000089297610) 
thrown [s\open\src\hotspot\share\interpreter\linkResolver.cpp, line 773]
Event: 0.391 Thread 0x0000003d52e464c0 Exception <a 'java/lang/NoSuchMethodError'{0x0000000089049190}: 'java.lang.Object java.lang.invoke.DirectMethodHandle$Holder.invokeSpecialIFC(java.lang.Object, java.lang.Object, java.lang.Object, java.lang.Object)'> (0x0000000089049190) 
thrown [s\open\src\hotspot\share\interpreter\linkResolver.cpp, line 773]
Event: 0.673 Thread 0x0000003d52e464c0 Exception <a 'java/lang/NoSuchMethodError'{0x0000000088baed30}: 'void java.lang.invoke.DirectMethodHandle$Holder.invokeSpecial(java.lang.Object, java.lang.Object, java.lang.Object)'> (0x0000000088baed30) 
thrown [s\open\src\hotspot\share\interpreter\linkResolver.cpp, line 773]
Event: 0.738 Thread 0x0000003d52e464c0 Exception <a 'java/lang/NoSuchMethodError'{0x00000000896291c8}: 'java.lang.Object java.lang.invoke.DirectMethodHandle$Holder.invokeInterface(java.lang.Object, java.lang.Object)'> (0x00000000896291c8) 
thrown [s\open\src\hotspot\share\interpreter\linkResolver.cpp, line 773]
Event: 0.774 Thread 0x0000003d52e464c0 Exception <a 'java/lang/NoSuchMethodError'{0x00000000896bbbc0}: 'int java.lang.invoke.DirectMethodHandle$Holder.invokeStatic(java.lang.Object, java.lang.Object, java.lang.Object, java.lang.Object)'> (0x00000000896bbbc0) 
thrown [s\open\src\hotspot\share\interpreter\linkResolver.cpp, line 773]
Event: 0.775 Thread 0x0000003d52e464c0 Exception <a 'java/lang/NoSuchMethodError'{0x00000000896bf240}: 'java.lang.Object java.lang.invoke.Invokers$Holder.invokeExact_MT(java.lang.Object, java.lang.Object, java.lang.Object, java.lang.Object, java.lang.Object, java.lang.Object)'> (0x00000000896bf240) 
thrown [s\open\src\hotspot\share\interpreter\linkResolver.cpp, line 773]
Event: 0.786 Thread 0x0000003d52e464c0 Exception <a 'java/lang/NoSuchMethodError'{0x00000000896cd930}: 'int java.lang.invoke.DirectMethodHandle$Holder.invokeSpecialIFC(java.lang.Object, java.lang.Object, java.lang.Object, java.lang.Object, java.lang.Object)'> (0x00000000896cd930) 
thrown [s\open\src\hotspot\share\interpreter\linkResolver.cpp, line 773]
Event: 0.879 Thread 0x0000003d52e464c0 Exception <a 'java/lang/NoSuchMethodError'{0x0000000089444950}: 'java.lang.Object java.lang.invoke.DirectMethodHandle$Holder.newInvokeSpecial(java.lang.Object, java.lang.Object, java.lang.Object, java.lang.Object, java.lang.Object)'> (0x0000000089444950) 
thrown [s\open\src\hotspot\share\interpreter\linkResolver.cpp, line 773]
Event: 0.938 Thread 0x0000003d52e464c0 Exception <a 'java/lang/NoSuchMethodError'{0x000000008933ae60}: 'int java.lang.invoke.DirectMethodHandle$Holder.invokeStaticInit(java.lang.Object, java.lang.Object)'> (0x000000008933ae60) 
thrown [s\open\src\hotspot\share\interpreter\linkResolver.cpp, line 773]
Event: 0.957 Thread 0x0000003d52e464c0 Exception <a 'java/lang/NoClassDefFoundError'{0x000000008936c0b0}: javax/enterprise/inject/Typed> (0x000000008936c0b0) 
thrown [s\open\src\hotspot\share\classfile\systemDictionary.cpp, line 301]

ZGC Phase Switch (0 events):
No events

VM Operations (8 events):
Event: 0.094 Executing VM operation: HandshakeAllThreads (Deoptimize)
Event: 0.094 Executing VM operation: HandshakeAllThreads (Deoptimize) done
Event: 0.260 Executing VM operation: HandshakeAllThreads (Deoptimize)
Event: 0.260 Executing VM operation: HandshakeAllThreads (Deoptimize) done
Event: 0.267 Executing VM operation: HandshakeAllThreads (Deoptimize)
Event: 0.267 Executing VM operation: HandshakeAllThreads (Deoptimize) done
Event: 0.687 Executing VM operation: G1CollectForAllocation (G1 Evacuation Pause)
Event: 0.693 Executing VM operation: G1CollectForAllocation (G1 Evacuation Pause) done

Events (14 events):
Event: 0.023 Thread 0x0000003d52e464c0 Thread added: 0x0000003d52e464c0
Event: 0.040 Thread 0x0000003d716aa620 Thread added: 0x0000003d716aa620
Event: 0.040 Thread 0x0000003d716ad110 Thread added: 0x0000003d716ad110
Event: 0.040 Thread 0x0000003d716af670 Thread added: 0x0000003d716af670
Event: 0.040 Thread 0x0000003d716b12e0 Thread added: 0x0000003d716b12e0
Event: 0.040 Thread 0x0000003d716b4a10 Thread added: 0x0000003d716b4a10
Event: 0.041 Thread 0x0000003d716b6160 Thread added: 0x0000003d716b6160
Event: 0.041 Thread 0x0000003d716bc7d0 Thread added: 0x0000003d716bc7d0
Event: 0.041 Thread 0x0000003d716c15c0 Thread added: 0x0000003d716c15c0
Event: 0.077 Thread 0x0000003d765dc360 Thread added: 0x0000003d765dc360
Event: 0.081 Thread 0x0000003d765e8bb0 Thread added: 0x0000003d765e8bb0
Event: 0.202 Thread 0x0000003d76700120 Thread added: 0x0000003d76700120
Event: 0.833 Thread 0x0000003d76700120 Thread exited: 0x0000003d76700120
Event: 1.027 Thread 0x0000003d775eaf60 Thread added: 0x0000003d775eaf60


Dynamic libraries:
0x00007ff7c2620000 - 0x00007ff7c2630000 	C:\Program Files\Java\jdk-21\bin\java.exe
0x00007ffcd0600000 - 0x00007ffcd07c2000 	C:\Windows\SYSTEM32\ntdll.dll
0x00007ffccdde0000 - 0x00007ffccde8d000 	C:\Windows\system32\KERNEL32.DLL
0x00007ffccd0a0000 - 0x00007ffccd27d000 	C:\Windows\system32\KERNELBASE.dll
0x00007ffcc8b20000 - 0x00007ffcc8b39000 	C:\Program Files\Java\jdk-21\bin\jli.dll
0x00007ffccec90000 - 0x00007ffcced36000 	C:\Windows\system32\ADVAPI32.dll
0x00007ffcce400000 - 0x00007ffcce49d000 	C:\Windows\system32\msvcrt.dll
0x00007ffcce630000 - 0x00007ffcce68b000 	C:\Windows\system32\sechost.dll
0x00007ffcce7e0000 - 0x00007ffcce906000 	C:\Windows\system32\RPCRT4.dll
0x00007ffccee00000 - 0x00007ffccef4e000 	C:\Windows\system32\USER32.dll
0x00007ffcc8e20000 - 0x00007ffcc8f12000 	C:\Windows\SYSTEM32\ucrtbase.dll
0x00007ffcce4a0000 - 0x00007ffcce625000 	C:\Windows\system32\GDI32.dll
0x00007ffcc6150000 - 0x00007ffcc616b000 	C:\Program Files\Java\jdk-21\bin\VCRUNTIME140.dll
0x00007ffcc0390000 - 0x00007ffcc0604000 	C:\Windows\WinSxS\amd64_microsoft.windows.common-controls_6595b64144ccf1df_6.0.10240.16384_none_f41f7b285750ef43\COMCTL32.dll
0x00007ffcc5590000 - 0x00007ffcc559a000 	C:\Windows\SYSTEM32\VERSION.dll
0x00007ffcce3c0000 - 0x00007ffcce3f6000 	C:\Windows\system32\IMM32.DLL
0x00007ffccde90000 - 0x00007ffccdfec000 	C:\Windows\system32\MSCTF.dll
0x00007ffccb790000 - 0x00007ffccb79c000 	C:\Program Files\Java\jdk-21\bin\vcruntime140_1.dll
0x00007ffcc02b0000 - 0x00007ffcc033e000 	C:\Program Files\Java\jdk-21\bin\msvcp140.dll
0x00007ffcafdc0000 - 0x00007ffcb0acd000 	C:\Program Files\Java\jdk-21\bin\server\jvm.dll
0x00007ffccd050000 - 0x00007ffccd09a000 	C:\Windows\system32\POWRPROF.dll
0x00007ffccdff0000 - 0x00007ffcce059000 	C:\Windows\system32\WS2_32.dll
0x00007ffcd0500000 - 0x00007ffcd0508000 	C:\Windows\system32\NSI.dll
0x00007ffcbf080000 - 0x00007ffcbf0a3000 	C:\Windows\SYSTEM32\WINMM.dll
0x0000003d53170000 - 0x0000003d5319c000 	C:\Windows\SYSTEM32\WINMMBASE.dll
0x00007ffccd910000 - 0x00007ffccd954000 	C:\Windows\system32\cfgmgr32.dll
0x00007ffccb970000 - 0x00007ffccb997000 	C:\Windows\SYSTEM32\DEVOBJ.dll
0x00007ffccd040000 - 0x00007ffccd04f000 	C:\Windows\system32\kernel.appcore.dll
0x00007ffcc8c10000 - 0x00007ffcc8c1a000 	C:\Program Files\Java\jdk-21\bin\jimage.dll
0x00007ffca6790000 - 0x00007ffca691a000 	C:\Windows\SYSTEM32\DBGHELP.DLL
0x00007ffcc60c0000 - 0x00007ffcc60e5000 	C:\Windows\SYSTEM32\dbgcore.DLL
0x00007ffcc60f0000 - 0x00007ffcc610f000 	C:\Program Files\Java\jdk-21\bin\java.dll
0x00007ffccefc0000 - 0x00007ffcd04e5000 	C:\Windows\system32\SHELL32.dll
0x00007ffccd2e0000 - 0x00007ffccd908000 	C:\Windows\system32\windows.storage.dll
0x00007ffcce120000 - 0x00007ffcce39c000 	C:\Windows\system32\combase.dll
0x00007ffcce060000 - 0x00007ffcce0b1000 	C:\Windows\system32\shlwapi.dll
0x00007ffccda10000 - 0x00007ffccdac3000 	C:\Windows\system32\shcore.dll
0x00007ffccd020000 - 0x00007ffccd033000 	C:\Windows\system32\profapi.dll
0x00007ffcb9e20000 - 0x00007ffcb9ef7000 	C:\Program Files\Java\jdk-21\bin\jsvml.dll
0x00007ffcc8a90000 - 0x00007ffcc8aa0000 	C:\Program Files\Java\jdk-21\bin\net.dll
0x00007ffcc9b20000 - 0x00007ffcc9bf6000 	C:\Windows\SYSTEM32\WINHTTP.dll
0x00007ffccc870000 - 0x00007ffccc8cd000 	C:\Windows\system32\mswsock.dll
0x00007ffcc60a0000 - 0x00007ffcc60b6000 	C:\Program Files\Java\jdk-21\bin\nio.dll
0x00007ffcc6080000 - 0x00007ffcc6098000 	C:\Program Files\Java\jdk-21\bin\zip.dll
0x0000000069ac0000 - 0x0000000069ae4000 	C:\Program Files\NetBeans-21\netbeans\java\maven\lib\jansi-native\Windows\x86_64\jansi.dll
0x00007ffcc8240000 - 0x00007ffcc8250000 	C:\Program Files\Java\jdk-21\bin\verify.dll

dbghelp: loaded successfully - version: 4.0.5 - missing functions: none
symbol engine: initialized successfully - sym options: 0x614 - pdb path: .;C:\Program Files\Java\jdk-21\bin;C:\Windows\SYSTEM32;C:\Windows\WinSxS\amd64_microsoft.windows.common-controls_6595b64144ccf1df_6.0.10240.16384_none_f41f7b285750ef43;C:\Program Files\Java\jdk-21\bin\server;C:\Program Files\NetBeans-21\netbeans\java\maven\lib\jansi-native\Windows\x86_64

VM Arguments:
jvm_args: -Dclassworlds.conf=C:\Program Files\NetBeans-21\netbeans\java\maven\bin\m2.conf -Dmaven.home=C:\Program Files\NetBeans-21\netbeans\java\maven -Dlibrary.jansi.path=C:\Program Files\NetBeans-21\netbeans\java\maven\lib\jansi-native -Dmaven.multiModuleProjectDirectory=C:\Users\Student\Documents\sumaiya\Arrayproblem 
java_command: org.codehaus.plexus.classworlds.launcher.Launcher -Dexec.vmArgs= -Dexec.args=${exec.vmArgs} -classpath %classpath ${exec.mainClass} ${exec.appArgs} -Dexec.appArgs= -Dexec.mainClass=arrayproblem.Arrayproblem -Dexec.executable=C:\Program Files\Java\jdk-21\bin\java.exe -Dmaven.ext.class.path=C:\Program Files\NetBeans-21\netbeans\java\maven-nblib\netbeans-eventspy.jar --no-transfer-progress process-classes org.codehaus.mojo:exec-maven-plugin:3.1.0:exec
java_class_path (initial): C:\Program Files\NetBeans-21\netbeans\java\maven\boot\plexus-classworlds-2.7.0.jar
Launcher Type: SUN_STANDARD

[Global flags]
     intx CICompilerCount                          = 3                                         {product} {ergonomic}
     uint ConcGCThreads                            = 1                                         {product} {ergonomic}
     uint G1ConcRefinementThreads                  = 4                                         {product} {ergonomic}
   size_t G1HeapRegionSize                         = 1048576                                   {product} {ergonomic}
    uintx GCDrainStackTargetSize                   = 64                                        {product} {ergonomic}
   size_t InitialHeapSize                          = 134217728                                 {product} {ergonomic}
   size_t MarkStackSize                            = 4194304                                   {product} {ergonomic}
   size_t MaxHeapSize                              = 2122317824                                {product} {ergonomic}
   size_t MaxNewSize                               = 1272971264                                {product} {ergonomic}
   size_t MinHeapDeltaBytes                        = 1048576                                   {product} {ergonomic}
   size_t MinHeapSize                              = 8388608                                   {product} {ergonomic}
    uintx NonNMethodCodeHeapSize                   = 5832780                                {pd product} {ergonomic}
    uintx NonProfiledCodeHeapSize                  = 122912730                              {pd product} {ergonomic}
    uintx ProfiledCodeHeapSize                     = 122912730                              {pd product} {ergonomic}
    uintx ReservedCodeCacheSize                    = 251658240                              {pd product} {ergonomic}
     bool SegmentedCodeCache                       = true                                      {product} {ergonomic}
   size_t SoftMaxHeapSize                          = 2122317824                             {manageable} {ergonomic}
     bool UseCompressedOops                        = true                           {product lp64_product} {ergonomic}
     bool UseG1GC                                  = true                                      {product} {ergonomic}
     bool UseLargePagesIndividualAllocation        = false                                  {pd product} {ergonomic}

Logging:
Log output configuration:
 #0: stdout all=warning uptime,level,tags foldmultilines=false
 #1: stderr all=off uptime,level,tags foldmultilines=false

Environment Variables:
JAVA_HOME=C:\Program Files\Java\jdk-21
PATH=C:\Program Files\Common Files\Oracle\Java\javapath;C:\oraclexe\app\oracle\product\10.2.0\server\bin;C:\ProgramData\Oracle\Java\javapath;C:\Windows\system32;C:\Windows;C:\Windows\System32\Wbem;C:\Windows\System32\WindowsPowerShell\v1.0\;C:\Program Files\MATLAB\R2013a\runtime\win64;C:\Program Files\MATLAB\R2013a\bin;C:\Program Files\Java\jdk-21\bin;;C:\Users\Student\AppData\Local\Programs\Microsoft VS Code\bin;C:\Program Files (x86)\EaseUS\Todo Backup\bin\x64\
USERNAME=Student
OS=Windows_NT
PROCESSOR_IDENTIFIER=Intel64 Family 6 Model 42 Stepping 7, GenuineIntel
TMP=C:\Users\Student\AppData\Local\Temp
TEMP=C:\Users\Student\AppData\Local\Temp




Periodic native trim disabled

---------------  S Y S T E M  ---------------

OS:
 Windows 10 , 64 bit Build 10240 (10.0.10240.16384)
OS uptime: 0 days 1:59 hours

CPU: total 4 (initial active 4) (2 cores per cpu, 2 threads per core) family 6 model 42 stepping 7 microcode 0x29, cx8, cmov, fxsr, ht, mmx, sse, sse2, sse3, ssse3, sse4.1, sse4.2, popcnt, tsc, tscinvbit, avx, clmul, vzeroupper, clflush, rdtscp
Processor Information for all 4 processors :
  Max Mhz: 3100, Current Mhz: 3100, Mhz Limit: 3100

Memory: 4k page, system-wide physical 8088M (3050M free)
TotalPageFile size 8187M (AvailPageFile size 5M)
current process WorkingSet (physical memory assigned to process): 74M, peak: 74M
current process commit charge ("private bytes"): 221M, peak: 221M

vm_info: Java HotSpot(TM) 64-Bit Server VM (21.0.3+7-LTS-152) for windows-amd64 JRE (21.0.3+7-LTS-152), built on 2024-03-11T17:42:26Z by "mach5one" with MS VC++ 17.6 (VS2022)

END.
