#
# There is insufficient memory for the Java Runtime Environment to continue.
# Native memory allocation (malloc) failed to allocate 72704 bytes for Chunk::new
# Possible reasons:
#   The system is out of physical RAM or swap space
#   The process is running with CompressedOops enabled, and the Java Heap may be blocking the growth of the native heap
# Possible solutions:
#   Reduce memory load on the system
#   Increase physical memory or swap space
#   Check if swap backing store is full
#   Decrease Java heap size (-Xmx/-Xms)
#   Decrease number of Java threads
#   Decrease Java thread stack sizes (-Xss)
#   Set larger code cache with -XX:ReservedCodeCacheSize=
#   JVM is running with Unscaled Compressed Oops mode in which the Java heap is
#     placed in the first 4GB address space. The Java Heap base address is the
#     maximum limit for the native heap growth. Please use -XX:HeapBaseMinAddress
#     to set the Java Heap base and to place the Java Heap above 4GB virtual address.
# This output file may be truncated or incomplete.
#
#  Out of Memory Error (arena.cpp:168), pid=6524, tid=9720
#
# JRE version: Java(TM) SE Runtime Environment (21.0.3+7) (build 21.0.3+7-LTS-152)
# Java VM: Java HotSpot(TM) 64-Bit Server VM (21.0.3+7-LTS-152, mixed mode, sharing, tiered, compressed oops, compressed class ptrs, g1 gc, windows-amd64)
# No core dump will be written. Minidumps are not enabled by default on client versions of Windows
#

---------------  S U M M A R Y ------------

Command Line: -Dclassworlds.conf=C:\Program Files\NetBeans-21\netbeans\java\maven\bin\m2.conf -Dmaven.home=C:\Program Files\NetBeans-21\netbeans\java\maven -Dlibrary.jansi.path=C:\Program Files\NetBeans-21\netbeans\java\maven\lib\jansi-native -Dmaven.multiModuleProjectDirectory=C:\Users\Student\Documents\sumaiya\Arrayproblem org.codehaus.plexus.classworlds.launcher.Launcher -Dexec.vmArgs= -Dexec.args=${exec.vmArgs} -classpath %classpath ${exec.mainClass} ${exec.appArgs} -Dexec.appArgs= -Dexec.mainClass=arrayproblem.Arrayproblem -Dexec.executable=C:\Program Files\Java\jdk-21\bin\java.exe -Dmaven.ext.class.path=C:\Program Files\NetBeans-21\netbeans\java\maven-nblib\netbeans-eventspy.jar --no-transfer-progress process-classes org.codehaus.mojo:exec-maven-plugin:3.1.0:exec

Host: Intel(R) Core(TM) i3-2100 CPU @ 3.10GHz, 4 cores, 7G,  Windows 10 , 64 bit Build 10240 (10.0.10240.16384)
Time: Sun Jun 30 12:27:43 2024 Bangladesh Standard Time elapsed time: 1.954897 seconds (0d 0h 0m 1s)

---------------  T H R E A D  ---------------

Current thread (0x000000196576efd0):  JavaThread "C2 CompilerThread1" daemon [_thread_in_native, id=9720, stack(0x0000001966cd0000,0x0000001966dd0000) (1024K)]


Current CompileTask:
C2:   1955 1794       4       java.lang.reflect.Executable::getAnnotation (23 bytes)

Stack: [0x0000001966cd0000,0x0000001966dd0000]
Native frames: (J=compiled Java code, j=interpreted, Vv=VM code, C=native code)
V  [jvm.dll+0x6c63b9]
V  [jvm.dll+0x84fa11]
V  [jvm.dll+0x851f3e]
V  [jvm.dll+0x852613]
V  [jvm.dll+0x27cd46]
V  [jvm.dll+0xc4aad]
V  [jvm.dll+0xc4fe3]
V  [jvm.dll+0x3b1d5c]
V  [jvm.dll+0x37e485]
V  [jvm.dll+0x37d8fa]
V  [jvm.dll+0x245b40]
V  [jvm.dll+0x24511f]
V  [jvm.dll+0x1c689e]
V  [jvm.dll+0x254609]
V  [jvm.dll+0x252b9a]
V  [jvm.dll+0x3eb056]
V  [jvm.dll+0x7f9ffb]
V  [jvm.dll+0x6c4a9d]
C  [ucrtbase.dll+0x682dd]
C  [KERNEL32.DLL+0x12d92]
C  [ntdll.dll+0x9f64]


---------------  P R O C E S S  ---------------

Threads class SMR info:
_java_thread_list=0x00000019657927b0, length=12, elements={
0x0000001943931220, 0x000000195fd1e870, 0x000000195fd20e40, 0x000000195fd220f0,
0x000000195fd24500, 0x000000195fd27070, 0x000000195fd27ad0, 0x000000195fd28860,
0x000000195fd3e2c0, 0x0000001960b50790, 0x0000001960b60ff0, 0x000000196576efd0
}

Java Threads: ( => current thread )
  0x0000001943931220 JavaThread "main"                              [_thread_blocked, id=9612, stack(0x0000001943010000,0x0000001943110000) (1024K)]
  0x000000195fd1e870 JavaThread "Reference Handler"          daemon [_thread_blocked, id=9652, stack(0x0000001960280000,0x0000001960380000) (1024K)]
  0x000000195fd20e40 JavaThread "Finalizer"                  daemon [_thread_blocked, id=9668, stack(0x0000001960380000,0x0000001960480000) (1024K)]
  0x000000195fd220f0 JavaThread "Signal Dispatcher"          daemon [_thread_blocked, id=9672, stack(0x0000001960480000,0x0000001960580000) (1024K)]
  0x000000195fd24500 JavaThread "Attach Listener"            daemon [_thread_blocked, id=9664, stack(0x0000001960580000,0x0000001960680000) (1024K)]
  0x000000195fd27070 JavaThread "Service Thread"             daemon [_thread_blocked, id=9644, stack(0x0000001960680000,0x0000001960780000) (1024K)]
  0x000000195fd27ad0 JavaThread "Monitor Deflation Thread"   daemon [_thread_blocked, id=9660, stack(0x0000001960780000,0x0000001960880000) (1024K)]
  0x000000195fd28860 JavaThread "C2 CompilerThread0"         daemon [_thread_blocked, id=9656, stack(0x0000001960880000,0x0000001960980000) (1024K)]
  0x000000195fd3e2c0 JavaThread "C1 CompilerThread0"         daemon [_thread_blocked, id=9588, stack(0x0000001960980000,0x0000001960a80000) (1024K)]
  0x0000001960b50790 JavaThread "Notification Thread"        daemon [_thread_blocked, id=9312, stack(0x0000001960e80000,0x0000001960f80000) (1024K)]
  0x0000001960b60ff0 JavaThread "Common-Cleaner"             daemon [_thread_blocked, id=9308, stack(0x0000001965000000,0x0000001965100000) (1024K)]
=>0x000000196576efd0 JavaThread "C2 CompilerThread1"         daemon [_thread_in_native, id=9720, stack(0x0000001966cd0000,0x0000001966dd0000) (1024K)]
Total: 12

Other Threads:
  0x000000195fcfc020 VMThread "VM Thread"                           [id=9628, stack(0x00000019600a0000,0x00000019601a0000) (1024K)]
  0x000000195fce5ff0 WatcherThread "VM Periodic Task Thread"        [id=9616, stack(0x000000195ffa0000,0x00000019600a0000) (1024K)]
  0x000000194397fde0 WorkerThread "GC Thread#0"                     [id=9636, stack(0x0000001943780000,0x0000001943880000) (1024K)]
  0x00000019657bd980 WorkerThread "GC Thread#1"                     [id=9316, stack(0x0000001965a00000,0x0000001965b00000) (1024K)]
  0x00000019654c71e0 WorkerThread "GC Thread#2"                     [id=9328, stack(0x0000001965b00000,0x0000001965c00000) (1024K)]
  0x0000001965771770 WorkerThread "GC Thread#3"                     [id=9700, stack(0x0000001965c00000,0x0000001965d00000) (1024K)]
  0x0000001943990ac0 ConcurrentGCThread "G1 Main Marker"            [id=9632, stack(0x000000195d560000,0x000000195d660000) (1024K)]
  0x0000001943991770 WorkerThread "G1 Conc#0"                       [id=9604, stack(0x000000195d660000,0x000000195d760000) (1024K)]
  0x0000001943a0dd20 ConcurrentGCThread "G1 Refine#0"               [id=9624, stack(0x000000195fda0000,0x000000195fea0000) (1024K)]
  0x0000001943a0e890 ConcurrentGCThread "G1 Service"                [id=9620, stack(0x000000195fea0000,0x000000195ffa0000) (1024K)]
Total: 10

Threads with active compile tasks:
C2 CompilerThread1     1987 1794       4       java.lang.reflect.Executable::getAnnotation (23 bytes)
Total: 1

VM state: not at safepoint (normal execution)

VM Mutex/Monitor currently owned by a thread: None

Heap address: 0x0000000081800000, size: 2024 MB, Compressed Oops mode: 32-bit

CDS archive(s) mapped at: [0x0000001900000000-0x0000001900c90000-0x0000001900c90000), size 13172736, SharedBaseAddress: 0x0000001900000000, ArchiveRelocationMode: 1.
Compressed class space mapped at: 0x0000001901000000-0x0000001941000000, reserved size: 1073741824
Narrow klass base: 0x0000001900000000, Narrow klass shift: 0, Narrow klass range: 0x100000000

GC Precious Log:
 CardTable entry size: 512
 Card Set container configuration: InlinePtr #cards 5 size 8 Array Of Cards #cards 12 size 40 Howl #buckets 4 coarsen threshold 1843 Howl Bitmap #cards 512 size 80 coarsen threshold 460 Card regions per heap region 1 cards per card region 2048
 CPUs: 4 total, 4 available
 Memory: 8088M
 Large Page Support: Disabled
 NUMA Support: Disabled
 Compressed Oops: Enabled (32-bit)
 Heap Region Size: 1M
 Heap Min Capacity: 8M
 Heap Initial Capacity: 128M
 Heap Max Capacity: 2024M
 Pre-touch: Disabled
 Parallel Workers: 4
 Concurrent Workers: 1
 Concurrent Refinement Workers: 4
 Periodic GC: Disabled

Heap:
 garbage-first heap   total 131072K, used 23717K [0x0000000081800000, 0x0000000100000000)
  region size 1024K, 22 young (22528K), 1 survivors (1024K)
 Metaspace       used 9717K, committed 9856K, reserved 1114112K
  class space    used 1138K, committed 1216K, reserved 1048576K

Heap Regions: E=young(eden), S=young(survivor), O=old, HS=humongous(starts), HC=humongous(continues), CS=collection set, F=free, TAMS=top-at-mark-start, PB=parsable bottom
|   0|0x0000000081800000, 0x0000000081900000, 0x0000000081900000|100%| O|  |TAMS 0x0000000081800000| PB 0x0000000081800000| Untracked 
|   1|0x0000000081900000, 0x0000000081a00000, 0x0000000081a00000|100%| O|  |TAMS 0x0000000081900000| PB 0x0000000081900000| Untracked 
|   2|0x0000000081a00000, 0x0000000081b00000, 0x0000000081b00000|100%| O|  |TAMS 0x0000000081a00000| PB 0x0000000081a00000| Untracked 
|   3|0x0000000081b00000, 0x0000000081b5e4c0, 0x0000000081c00000| 36%| O|  |TAMS 0x0000000081b00000| PB 0x0000000081b00000| Untracked 
|   4|0x0000000081c00000, 0x0000000081c00000, 0x0000000081d00000|  0%| F|  |TAMS 0x0000000081c00000| PB 0x0000000081c00000| Untracked 
|   5|0x0000000081d00000, 0x0000000081d00000, 0x0000000081e00000|  0%| F|  |TAMS 0x0000000081d00000| PB 0x0000000081d00000| Untracked 
|   6|0x0000000081e00000, 0x0000000081e00000, 0x0000000081f00000|  0%| F|  |TAMS 0x0000000081e00000| PB 0x0000000081e00000| Untracked 
|   7|0x0000000081f00000, 0x0000000081f00000, 0x0000000082000000|  0%| F|  |TAMS 0x0000000081f00000| PB 0x0000000081f00000| Untracked 
|   8|0x0000000082000000, 0x0000000082000000, 0x0000000082100000|  0%| F|  |TAMS 0x0000000082000000| PB 0x0000000082000000| Untracked 
|   9|0x0000000082100000, 0x0000000082100000, 0x0000000082200000|  0%| F|  |TAMS 0x0000000082100000| PB 0x0000000082100000| Untracked 
|  10|0x0000000082200000, 0x0000000082200000, 0x0000000082300000|  0%| F|  |TAMS 0x0000000082200000| PB 0x0000000082200000| Untracked 
|  11|0x0000000082300000, 0x0000000082300000, 0x0000000082400000|  0%| F|  |TAMS 0x0000000082300000| PB 0x0000000082300000| Untracked 
|  12|0x0000000082400000, 0x0000000082400000, 0x0000000082500000|  0%| F|  |TAMS 0x0000000082400000| PB 0x0000000082400000| Untracked 
|  13|0x0000000082500000, 0x0000000082500000, 0x0000000082600000|  0%| F|  |TAMS 0x0000000082500000| PB 0x0000000082500000| Untracked 
|  14|0x0000000082600000, 0x0000000082600000, 0x0000000082700000|  0%| F|  |TAMS 0x0000000082600000| PB 0x0000000082600000| Untracked 
|  15|0x0000000082700000, 0x0000000082700000, 0x0000000082800000|  0%| F|  |TAMS 0x0000000082700000| PB 0x0000000082700000| Untracked 
|  16|0x0000000082800000, 0x0000000082800000, 0x0000000082900000|  0%| F|  |TAMS 0x0000000082800000| PB 0x0000000082800000| Untracked 
|  17|0x0000000082900000, 0x0000000082900000, 0x0000000082a00000|  0%| F|  |TAMS 0x0000000082900000| PB 0x0000000082900000| Untracked 
|  18|0x0000000082a00000, 0x0000000082a00000, 0x0000000082b00000|  0%| F|  |TAMS 0x0000000082a00000| PB 0x0000000082a00000| Untracked 
|  19|0x0000000082b00000, 0x0000000082b00000, 0x0000000082c00000|  0%| F|  |TAMS 0x0000000082b00000| PB 0x0000000082b00000| Untracked 
|  20|0x0000000082c00000, 0x0000000082c00000, 0x0000000082d00000|  0%| F|  |TAMS 0x0000000082c00000| PB 0x0000000082c00000| Untracked 
|  21|0x0000000082d00000, 0x0000000082d00000, 0x0000000082e00000|  0%| F|  |TAMS 0x0000000082d00000| PB 0x0000000082d00000| Untracked 
|  22|0x0000000082e00000, 0x0000000082e00000, 0x0000000082f00000|  0%| F|  |TAMS 0x0000000082e00000| PB 0x0000000082e00000| Untracked 
|  23|0x0000000082f00000, 0x0000000082f00000, 0x0000000083000000|  0%| F|  |TAMS 0x0000000082f00000| PB 0x0000000082f00000| Untracked 
|  24|0x0000000083000000, 0x0000000083000000, 0x0000000083100000|  0%| F|  |TAMS 0x0000000083000000| PB 0x0000000083000000| Untracked 
|  25|0x0000000083100000, 0x0000000083100000, 0x0000000083200000|  0%| F|  |TAMS 0x0000000083100000| PB 0x0000000083100000| Untracked 
|  26|0x0000000083200000, 0x0000000083200000, 0x0000000083300000|  0%| F|  |TAMS 0x0000000083200000| PB 0x0000000083200000| Untracked 
|  27|0x0000000083300000, 0x0000000083300000, 0x0000000083400000|  0%| F|  |TAMS 0x0000000083300000| PB 0x0000000083300000| Untracked 
|  28|0x0000000083400000, 0x0000000083400000, 0x0000000083500000|  0%| F|  |TAMS 0x0000000083400000| PB 0x0000000083400000| Untracked 
|  29|0x0000000083500000, 0x0000000083500000, 0x0000000083600000|  0%| F|  |TAMS 0x0000000083500000| PB 0x0000000083500000| Untracked 
|  30|0x0000000083600000, 0x0000000083600000, 0x0000000083700000|  0%| F|  |TAMS 0x0000000083600000| PB 0x0000000083600000| Untracked 
|  31|0x0000000083700000, 0x0000000083700000, 0x0000000083800000|  0%| F|  |TAMS 0x0000000083700000| PB 0x0000000083700000| Untracked 
|  32|0x0000000083800000, 0x0000000083800000, 0x0000000083900000|  0%| F|  |TAMS 0x0000000083800000| PB 0x0000000083800000| Untracked 
|  33|0x0000000083900000, 0x0000000083900000, 0x0000000083a00000|  0%| F|  |TAMS 0x0000000083900000| PB 0x0000000083900000| Untracked 
|  34|0x0000000083a00000, 0x0000000083a00000, 0x0000000083b00000|  0%| F|  |TAMS 0x0000000083a00000| PB 0x0000000083a00000| Untracked 
|  35|0x0000000083b00000, 0x0000000083b00000, 0x0000000083c00000|  0%| F|  |TAMS 0x0000000083b00000| PB 0x0000000083b00000| Untracked 
|  36|0x0000000083c00000, 0x0000000083c00000, 0x0000000083d00000|  0%| F|  |TAMS 0x0000000083c00000| PB 0x0000000083c00000| Untracked 
|  37|0x0000000083d00000, 0x0000000083d00000, 0x0000000083e00000|  0%| F|  |TAMS 0x0000000083d00000| PB 0x0000000083d00000| Untracked 
|  38|0x0000000083e00000, 0x0000000083e00000, 0x0000000083f00000|  0%| F|  |TAMS 0x0000000083e00000| PB 0x0000000083e00000| Untracked 
|  39|0x0000000083f00000, 0x0000000083f00000, 0x0000000084000000|  0%| F|  |TAMS 0x0000000083f00000| PB 0x0000000083f00000| Untracked 
|  40|0x0000000084000000, 0x0000000084000000, 0x0000000084100000|  0%| F|  |TAMS 0x0000000084000000| PB 0x0000000084000000| Untracked 
|  41|0x0000000084100000, 0x0000000084100000, 0x0000000084200000|  0%| F|  |TAMS 0x0000000084100000| PB 0x0000000084100000| Untracked 
|  42|0x0000000084200000, 0x0000000084200000, 0x0000000084300000|  0%| F|  |TAMS 0x0000000084200000| PB 0x0000000084200000| Untracked 
|  43|0x0000000084300000, 0x0000000084300000, 0x0000000084400000|  0%| F|  |TAMS 0x0000000084300000| PB 0x0000000084300000| Untracked 
|  44|0x0000000084400000, 0x0000000084400000, 0x0000000084500000|  0%| F|  |TAMS 0x0000000084400000| PB 0x0000000084400000| Untracked 
|  45|0x0000000084500000, 0x0000000084500000, 0x0000000084600000|  0%| F|  |TAMS 0x0000000084500000| PB 0x0000000084500000| Untracked 
|  46|0x0000000084600000, 0x0000000084600000, 0x0000000084700000|  0%| F|  |TAMS 0x0000000084600000| PB 0x0000000084600000| Untracked 
|  47|0x0000000084700000, 0x0000000084700000, 0x0000000084800000|  0%| F|  |TAMS 0x0000000084700000| PB 0x0000000084700000| Untracked 
|  48|0x0000000084800000, 0x0000000084800000, 0x0000000084900000|  0%| F|  |TAMS 0x0000000084800000| PB 0x0000000084800000| Untracked 
|  49|0x0000000084900000, 0x0000000084900000, 0x0000000084a00000|  0%| F|  |TAMS 0x0000000084900000| PB 0x0000000084900000| Untracked 
|  50|0x0000000084a00000, 0x0000000084a00000, 0x0000000084b00000|  0%| F|  |TAMS 0x0000000084a00000| PB 0x0000000084a00000| Untracked 
|  51|0x0000000084b00000, 0x0000000084b00000, 0x0000000084c00000|  0%| F|  |TAMS 0x0000000084b00000| PB 0x0000000084b00000| Untracked 
|  52|0x0000000084c00000, 0x0000000084c00000, 0x0000000084d00000|  0%| F|  |TAMS 0x0000000084c00000| PB 0x0000000084c00000| Untracked 
|  53|0x0000000084d00000, 0x0000000084d00000, 0x0000000084e00000|  0%| F|  |TAMS 0x0000000084d00000| PB 0x0000000084d00000| Untracked 
|  54|0x0000000084e00000, 0x0000000084e00000, 0x0000000084f00000|  0%| F|  |TAMS 0x0000000084e00000| PB 0x0000000084e00000| Untracked 
|  55|0x0000000084f00000, 0x0000000084f00000, 0x0000000085000000|  0%| F|  |TAMS 0x0000000084f00000| PB 0x0000000084f00000| Untracked 
|  56|0x0000000085000000, 0x0000000085000000, 0x0000000085100000|  0%| F|  |TAMS 0x0000000085000000| PB 0x0000000085000000| Untracked 
|  57|0x0000000085100000, 0x0000000085100000, 0x0000000085200000|  0%| F|  |TAMS 0x0000000085100000| PB 0x0000000085100000| Untracked 
|  58|0x0000000085200000, 0x0000000085200000, 0x0000000085300000|  0%| F|  |TAMS 0x0000000085200000| PB 0x0000000085200000| Untracked 
|  59|0x0000000085300000, 0x0000000085300000, 0x0000000085400000|  0%| F|  |TAMS 0x0000000085300000| PB 0x0000000085300000| Untracked 
|  60|0x0000000085400000, 0x0000000085400000, 0x0000000085500000|  0%| F|  |TAMS 0x0000000085400000| PB 0x0000000085400000| Untracked 
|  61|0x0000000085500000, 0x0000000085500000, 0x0000000085600000|  0%| F|  |TAMS 0x0000000085500000| PB 0x0000000085500000| Untracked 
|  62|0x0000000085600000, 0x0000000085600000, 0x0000000085700000|  0%| F|  |TAMS 0x0000000085600000| PB 0x0000000085600000| Untracked 
|  63|0x0000000085700000, 0x0000000085700000, 0x0000000085800000|  0%| F|  |TAMS 0x0000000085700000| PB 0x0000000085700000| Untracked 
|  64|0x0000000085800000, 0x0000000085800000, 0x0000000085900000|  0%| F|  |TAMS 0x0000000085800000| PB 0x0000000085800000| Untracked 
|  65|0x0000000085900000, 0x0000000085900000, 0x0000000085a00000|  0%| F|  |TAMS 0x0000000085900000| PB 0x0000000085900000| Untracked 
|  66|0x0000000085a00000, 0x0000000085a00000, 0x0000000085b00000|  0%| F|  |TAMS 0x0000000085a00000| PB 0x0000000085a00000| Untracked 
|  67|0x0000000085b00000, 0x0000000085b00000, 0x0000000085c00000|  0%| F|  |TAMS 0x0000000085b00000| PB 0x0000000085b00000| Untracked 
|  68|0x0000000085c00000, 0x0000000085c00000, 0x0000000085d00000|  0%| F|  |TAMS 0x0000000085c00000| PB 0x0000000085c00000| Untracked 
|  69|0x0000000085d00000, 0x0000000085d00000, 0x0000000085e00000|  0%| F|  |TAMS 0x0000000085d00000| PB 0x0000000085d00000| Untracked 
|  70|0x0000000085e00000, 0x0000000085e00000, 0x0000000085f00000|  0%| F|  |TAMS 0x0000000085e00000| PB 0x0000000085e00000| Untracked 
|  71|0x0000000085f00000, 0x0000000085f00000, 0x0000000086000000|  0%| F|  |TAMS 0x0000000085f00000| PB 0x0000000085f00000| Untracked 
|  72|0x0000000086000000, 0x0000000086000000, 0x0000000086100000|  0%| F|  |TAMS 0x0000000086000000| PB 0x0000000086000000| Untracked 
|  73|0x0000000086100000, 0x0000000086100000, 0x0000000086200000|  0%| F|  |TAMS 0x0000000086100000| PB 0x0000000086100000| Untracked 
|  74|0x0000000086200000, 0x0000000086200000, 0x0000000086300000|  0%| F|  |TAMS 0x0000000086200000| PB 0x0000000086200000| Untracked 
|  75|0x0000000086300000, 0x0000000086300000, 0x0000000086400000|  0%| F|  |TAMS 0x0000000086300000| PB 0x0000000086300000| Untracked 
|  76|0x0000000086400000, 0x0000000086400000, 0x0000000086500000|  0%| F|  |TAMS 0x0000000086400000| PB 0x0000000086400000| Untracked 
|  77|0x0000000086500000, 0x0000000086500000, 0x0000000086600000|  0%| F|  |TAMS 0x0000000086500000| PB 0x0000000086500000| Untracked 
|  78|0x0000000086600000, 0x0000000086600000, 0x0000000086700000|  0%| F|  |TAMS 0x0000000086600000| PB 0x0000000086600000| Untracked 
|  79|0x0000000086700000, 0x0000000086700000, 0x0000000086800000|  0%| F|  |TAMS 0x0000000086700000| PB 0x0000000086700000| Untracked 
|  80|0x0000000086800000, 0x0000000086800000, 0x0000000086900000|  0%| F|  |TAMS 0x0000000086800000| PB 0x0000000086800000| Untracked 
|  81|0x0000000086900000, 0x0000000086900000, 0x0000000086a00000|  0%| F|  |TAMS 0x0000000086900000| PB 0x0000000086900000| Untracked 
|  82|0x0000000086a00000, 0x0000000086a00000, 0x0000000086b00000|  0%| F|  |TAMS 0x0000000086a00000| PB 0x0000000086a00000| Untracked 
|  83|0x0000000086b00000, 0x0000000086b00000, 0x0000000086c00000|  0%| F|  |TAMS 0x0000000086b00000| PB 0x0000000086b00000| Untracked 
|  84|0x0000000086c00000, 0x0000000086c00000, 0x0000000086d00000|  0%| F|  |TAMS 0x0000000086c00000| PB 0x0000000086c00000| Untracked 
|  85|0x0000000086d00000, 0x0000000086d00000, 0x0000000086e00000|  0%| F|  |TAMS 0x0000000086d00000| PB 0x0000000086d00000| Untracked 
|  86|0x0000000086e00000, 0x0000000086e00000, 0x0000000086f00000|  0%| F|  |TAMS 0x0000000086e00000| PB 0x0000000086e00000| Untracked 
|  87|0x0000000086f00000, 0x0000000086f00000, 0x0000000087000000|  0%| F|  |TAMS 0x0000000086f00000| PB 0x0000000086f00000| Untracked 
|  88|0x0000000087000000, 0x0000000087000000, 0x0000000087100000|  0%| F|  |TAMS 0x0000000087000000| PB 0x0000000087000000| Untracked 
|  89|0x0000000087100000, 0x0000000087100000, 0x0000000087200000|  0%| F|  |TAMS 0x0000000087100000| PB 0x0000000087100000| Untracked 
|  90|0x0000000087200000, 0x0000000087200000, 0x0000000087300000|  0%| F|  |TAMS 0x0000000087200000| PB 0x0000000087200000| Untracked 
|  91|0x0000000087300000, 0x0000000087300000, 0x0000000087400000|  0%| F|  |TAMS 0x0000000087300000| PB 0x0000000087300000| Untracked 
|  92|0x0000000087400000, 0x0000000087400000, 0x0000000087500000|  0%| F|  |TAMS 0x0000000087400000| PB 0x0000000087400000| Untracked 
|  93|0x0000000087500000, 0x0000000087500000, 0x0000000087600000|  0%| F|  |TAMS 0x0000000087500000| PB 0x0000000087500000| Untracked 
|  94|0x0000000087600000, 0x0000000087600000, 0x0000000087700000|  0%| F|  |TAMS 0x0000000087600000| PB 0x0000000087600000| Untracked 
|  95|0x0000000087700000, 0x0000000087700000, 0x0000000087800000|  0%| F|  |TAMS 0x0000000087700000| PB 0x0000000087700000| Untracked 
|  96|0x0000000087800000, 0x0000000087800000, 0x0000000087900000|  0%| F|  |TAMS 0x0000000087800000| PB 0x0000000087800000| Untracked 
|  97|0x0000000087900000, 0x0000000087900000, 0x0000000087a00000|  0%| F|  |TAMS 0x0000000087900000| PB 0x0000000087900000| Untracked 
|  98|0x0000000087a00000, 0x0000000087a00000, 0x0000000087b00000|  0%| F|  |TAMS 0x0000000087a00000| PB 0x0000000087a00000| Untracked 
|  99|0x0000000087b00000, 0x0000000087b00000, 0x0000000087c00000|  0%| F|  |TAMS 0x0000000087b00000| PB 0x0000000087b00000| Untracked 
| 100|0x0000000087c00000, 0x0000000087c00000, 0x0000000087d00000|  0%| F|  |TAMS 0x0000000087c00000| PB 0x0000000087c00000| Untracked 
| 101|0x0000000087d00000, 0x0000000087d00000, 0x0000000087e00000|  0%| F|  |TAMS 0x0000000087d00000| PB 0x0000000087d00000| Untracked 
| 102|0x0000000087e00000, 0x0000000087e00000, 0x0000000087f00000|  0%| F|  |TAMS 0x0000000087e00000| PB 0x0000000087e00000| Untracked 
| 103|0x0000000087f00000, 0x0000000087f00000, 0x0000000088000000|  0%| F|  |TAMS 0x0000000087f00000| PB 0x0000000087f00000| Untracked 
| 104|0x0000000088000000, 0x0000000088000000, 0x0000000088100000|  0%| F|  |TAMS 0x0000000088000000| PB 0x0000000088000000| Untracked 
| 105|0x0000000088100000, 0x0000000088100000, 0x0000000088200000|  0%| F|  |TAMS 0x0000000088100000| PB 0x0000000088100000| Untracked 
| 106|0x0000000088200000, 0x0000000088300000, 0x0000000088300000|100%| E|  |TAMS 0x0000000088200000| PB 0x0000000088200000| Complete 
| 107|0x0000000088300000, 0x0000000088400000, 0x0000000088400000|100%| E|CS|TAMS 0x0000000088300000| PB 0x0000000088300000| Complete 
| 108|0x0000000088400000, 0x0000000088500000, 0x0000000088500000|100%| E|  |TAMS 0x0000000088400000| PB 0x0000000088400000| Complete 
| 109|0x0000000088500000, 0x00000000885cb2c0, 0x0000000088600000| 79%| S|CS|TAMS 0x0000000088500000| PB 0x0000000088500000| Complete 
| 110|0x0000000088600000, 0x0000000088700000, 0x0000000088700000|100%| E|CS|TAMS 0x0000000088600000| PB 0x0000000088600000| Complete 
| 111|0x0000000088700000, 0x0000000088800000, 0x0000000088800000|100%| E|CS|TAMS 0x0000000088700000| PB 0x0000000088700000| Complete 
| 112|0x0000000088800000, 0x0000000088900000, 0x0000000088900000|100%| E|CS|TAMS 0x0000000088800000| PB 0x0000000088800000| Complete 
| 113|0x0000000088900000, 0x0000000088a00000, 0x0000000088a00000|100%| E|CS|TAMS 0x0000000088900000| PB 0x0000000088900000| Complete 
| 114|0x0000000088a00000, 0x0000000088b00000, 0x0000000088b00000|100%| E|CS|TAMS 0x0000000088a00000| PB 0x0000000088a00000| Complete 
| 115|0x0000000088b00000, 0x0000000088c00000, 0x0000000088c00000|100%| E|CS|TAMS 0x0000000088b00000| PB 0x0000000088b00000| Complete 
| 116|0x0000000088c00000, 0x0000000088d00000, 0x0000000088d00000|100%| E|CS|TAMS 0x0000000088c00000| PB 0x0000000088c00000| Complete 
| 117|0x0000000088d00000, 0x0000000088e00000, 0x0000000088e00000|100%| E|CS|TAMS 0x0000000088d00000| PB 0x0000000088d00000| Complete 
| 118|0x0000000088e00000, 0x0000000088f00000, 0x0000000088f00000|100%| E|CS|TAMS 0x0000000088e00000| PB 0x0000000088e00000| Complete 
| 119|0x0000000088f00000, 0x0000000089000000, 0x0000000089000000|100%| E|CS|TAMS 0x0000000088f00000| PB 0x0000000088f00000| Complete 
| 120|0x0000000089000000, 0x0000000089100000, 0x0000000089100000|100%| E|CS|TAMS 0x0000000089000000| PB 0x0000000089000000| Complete 
| 121|0x0000000089100000, 0x0000000089200000, 0x0000000089200000|100%| E|CS|TAMS 0x0000000089100000| PB 0x0000000089100000| Complete 
| 122|0x0000000089200000, 0x0000000089300000, 0x0000000089300000|100%| E|CS|TAMS 0x0000000089200000| PB 0x0000000089200000| Complete 
| 123|0x0000000089300000, 0x0000000089400000, 0x0000000089400000|100%| E|CS|TAMS 0x0000000089300000| PB 0x0000000089300000| Complete 
| 124|0x0000000089400000, 0x0000000089500000, 0x0000000089500000|100%| E|CS|TAMS 0x0000000089400000| PB 0x0000000089400000| Complete 
| 125|0x0000000089500000, 0x0000000089600000, 0x0000000089600000|100%| E|CS|TAMS 0x0000000089500000| PB 0x0000000089500000| Complete 
| 126|0x0000000089600000, 0x0000000089700000, 0x0000000089700000|100%| E|CS|TAMS 0x0000000089600000| PB 0x0000000089600000| Complete 
| 127|0x0000000089700000, 0x0000000089800000, 0x0000000089800000|100%| E|CS|TAMS 0x0000000089700000| PB 0x0000000089700000| Complete 

Card table byte_map: [0x000000195b1c0000,0x000000195b5c0000] _byte_map_base: 0x000000195adb4000

Marking Bits: (CMBitMap*) 0x00000019439804e0
 Bits: [0x000000195b5c0000, 0x000000195d560000)

Polling page: 0x00000019414b0000

Metaspace:

Usage:
  Non-class:      8.39 MB used.
      Class:      1.12 MB used.
       Both:      9.51 MB used.

Virtual space:
  Non-class space:       64.00 MB reserved,       8.44 MB ( 13%) committed,  1 nodes.
      Class space:        1.00 GB reserved,       1.19 MB ( <1%) committed,  1 nodes.
             Both:        1.06 GB reserved,       9.63 MB ( <1%) committed. 

Chunk freelists:
   Non-Class:  6.13 MB
       Class:  14.83 MB
        Both:  20.95 MB

MaxMetaspaceSize: unlimited
CompressedClassSpaceSize: 1.00 GB
Initial GC threshold: 21.00 MB
Current GC threshold: 21.00 MB
CDS: on
 - commit_granule_bytes: 65536.
 - commit_granule_words: 8192.
 - virtual_space_node_default_size: 8388608.
 - enlarge_chunks_in_place: 1.
 - use_allocation_guard: 0.


Internal statistics:

num_allocs_failed_limit: 0.
num_arena_births: 62.
num_arena_deaths: 0.
num_vsnodes_births: 2.
num_vsnodes_deaths: 0.
num_space_committed: 154.
num_space_uncommitted: 0.
num_chunks_returned_to_freelist: 0.
num_chunks_taken_from_freelist: 363.
num_chunk_merges: 0.
num_chunk_splits: 253.
num_chunks_enlarged: 217.
num_inconsistent_stats: 0.

CodeHeap 'non-profiled nmethods': size=120000Kb used=678Kb max_used=678Kb free=119321Kb
 bounds [0x0000001953890000, 0x0000001953b00000, 0x000000195adc0000]
CodeHeap 'profiled nmethods': size=120000Kb used=3611Kb max_used=3611Kb free=116388Kb
 bounds [0x000000194bdc0000, 0x000000194c150000, 0x00000019532f0000]
CodeHeap 'non-nmethods': size=5760Kb used=1360Kb max_used=1390Kb free=4399Kb
 bounds [0x00000019532f0000, 0x0000001953560000, 0x0000001953890000]
 total_blobs=2290 nmethods=1825 adapters=370
 compilation: enabled
              stopped_count=0, restarted_count=0
 full_count=0

Compilation events (20 events):
Event: 1.894 Thread 0x000000195fd3e2c0 nmethod 1785 0x000000194c136790 code [0x000000194c136980, 0x000000194c136e58]
Event: 1.894 Thread 0x000000195fd3e2c0 1786       3       java.util.stream.ReferencePipeline$2::<init> (15 bytes)
Event: 1.894 Thread 0x000000195fd3e2c0 nmethod 1786 0x000000194c137090 code [0x000000194c137260, 0x000000194c1374e0]
Event: 1.894 Thread 0x000000195fd3e2c0 1787       3       java.util.stream.ReferencePipeline$2::opWrapSink (10 bytes)
Event: 1.895 Thread 0x000000195fd3e2c0 nmethod 1787 0x000000194c137610 code [0x000000194c137800, 0x000000194c137db0]
Event: 1.899 Thread 0x000000196576efd0 1788       4       java.lang.reflect.Method::getAnnotation (6 bytes)
Event: 1.900 Thread 0x000000195fd28860 1789       4       sun.reflect.generics.parser.SignatureParser::skipIdentifier (67 bytes)
Event: 1.904 Thread 0x000000195fd3e2c0 1790       3       java.lang.reflect.AccessibleObject::getAnnotations (5 bytes)
Event: 1.904 Thread 0x000000195fd3e2c0 nmethod 1790 0x000000194c137f90 code [0x000000194c138140, 0x000000194c138308]
Event: 1.906 Thread 0x000000196576efd0 nmethod 1788 0x0000001953935d10 code [0x0000001953935f00, 0x0000001953936378]
Event: 1.906 Thread 0x000000196576efd0 1791       4       java.lang.ref.SoftReference::get (29 bytes)
Event: 1.907 Thread 0x000000195fd28860 nmethod 1789 0x0000001953936710 code [0x00000019539368e0, 0x0000001953936c88]
Event: 1.907 Thread 0x000000196576efd0 nmethod 1791 0x0000001953937010 code [0x00000019539371a0, 0x00000019539372b0]
Event: 1.934 Thread 0x000000196576efd0 1792       4       java.util.HashMap::newNode (13 bytes)
Event: 1.935 Thread 0x000000196576efd0 nmethod 1792 0x0000001953937390 code [0x0000001953937520, 0x0000001953937640]
Event: 1.943 Thread 0x000000195fd28860 1793       4       java.util.HashMap::get (19 bytes)
Event: 1.945 Thread 0x000000196576efd0 1794       4       java.lang.reflect.Executable::getAnnotation (23 bytes)
Event: 1.946 Thread 0x000000195fd3e2c0 1795       3       com.google.inject.internal.ProviderInstanceBindingImpl::<init> (23 bytes)
Event: 1.946 Thread 0x000000195fd3e2c0 nmethod 1795 0x000000194c138390 code [0x000000194c138560, 0x000000194c138988]
Event: 1.949 Thread 0x000000195fd28860 nmethod 1793 0x0000001953937710 code [0x00000019539378e0, 0x0000001953937c40]

GC Heap History (4 events):
Event: 0.685 GC heap before
{Heap before GC invocations=0 (full 0):
 garbage-first heap   total 131072K, used 12288K [0x0000000081800000, 0x0000000100000000)
  region size 1024K, 13 young (13312K), 0 survivors (0K)
 Metaspace       used 3986K, committed 4160K, reserved 1114112K
  class space    used 406K, committed 512K, reserved 1048576K
}
Event: 0.691 GC heap after
{Heap after GC invocations=1 (full 0):
 garbage-first heap   total 131072K, used 3327K [0x0000000081800000, 0x0000000100000000)
  region size 1024K, 2 young (2048K), 2 survivors (2048K)
 Metaspace       used 3986K, committed 4160K, reserved 1114112K
  class space    used 406K, committed 512K, reserved 1048576K
}
Event: 1.334 GC heap before
{Heap before GC invocations=1 (full 0):
 garbage-first heap   total 131072K, used 18687K [0x0000000081800000, 0x0000000100000000)
  region size 1024K, 18 young (18432K), 2 survivors (2048K)
 Metaspace       used 6448K, committed 6592K, reserved 1114112K
  class space    used 739K, committed 832K, reserved 1048576K
}
Event: 1.339 GC heap after
{Heap after GC invocations=2 (full 0):
 garbage-first heap   total 131072K, used 4261K [0x0000000081800000, 0x0000000100000000)
  region size 1024K, 1 young (1024K), 1 survivors (1024K)
 Metaspace       used 6448K, committed 6592K, reserved 1114112K
  class space    used 739K, committed 832K, reserved 1048576K
}

Dll operation events (8 events):
Event: 0.008 Loaded shared library C:\Program Files\Java\jdk-21\bin\java.dll
Event: 0.046 Loaded shared library C:\Program Files\Java\jdk-21\bin\jsvml.dll
Event: 0.084 Loaded shared library C:\Program Files\Java\jdk-21\bin\net.dll
Event: 0.087 Loaded shared library C:\Program Files\Java\jdk-21\bin\nio.dll
Event: 0.092 Loaded shared library C:\Program Files\Java\jdk-21\bin\zip.dll
Event: 0.279 Loaded shared library C:\Program Files\Java\jdk-21\bin\jimage.dll
Event: 0.289 Loaded shared library C:\Program Files\NetBeans-21\netbeans\java\maven\lib\jansi-native\Windows\x86_64\jansi.dll
Event: 0.301 Loaded shared library C:\Program Files\Java\jdk-21\bin\verify.dll

Deoptimization events (20 events):
Event: 1.151 Thread 0x0000001943931220 Uncommon trap: trap_request=0xffffffde fr.pc=0x00000019538c18dc relative=0x00000000000006bc
Event: 1.151 Thread 0x0000001943931220 Uncommon trap: reason=class_check action=maybe_recompile pc=0x00000019538c18dc method=java.util.regex.Matcher.search(I)Z @ 121 c2
Event: 1.151 Thread 0x0000001943931220 DEOPT PACKING pc=0x00000019538c18dc sp=0x000000194310e070
Event: 1.151 Thread 0x0000001943931220 DEOPT UNPACKING pc=0x00000019533446a2 sp=0x000000194310e040 mode 2
Event: 1.420 Thread 0x0000001943931220 Uncommon trap: trap_request=0xffffff45 fr.pc=0x000000195390cf0c relative=0x00000000000006cc
Event: 1.420 Thread 0x0000001943931220 Uncommon trap: reason=unstable_if action=reinterpret pc=0x000000195390cf0c method=java.lang.String.<init>([CIILjava/lang/Void;)V @ 5 c2
Event: 1.420 Thread 0x0000001943931220 DEOPT PACKING pc=0x000000195390cf0c sp=0x000000194310df70
Event: 1.420 Thread 0x0000001943931220 DEOPT UNPACKING pc=0x00000019533446a2 sp=0x000000194310de10 mode 2
Event: 1.458 Thread 0x0000001943931220 DEOPT PACKING pc=0x000000194bff2827 sp=0x000000194310e100
Event: 1.458 Thread 0x0000001943931220 DEOPT UNPACKING pc=0x0000001953344e42 sp=0x000000194310d570 mode 0
Event: 1.578 Thread 0x0000001943931220 Uncommon trap: trap_request=0xffffff45 fr.pc=0x0000001953922050 relative=0x0000000000001c10
Event: 1.578 Thread 0x0000001943931220 Uncommon trap: reason=unstable_if action=reinterpret pc=0x0000001953922050 method=jdk.internal.jimage.ImageLocation.verifyName(Ljava/lang/String;Ljava/lang/String;IIIIIILjdk/internal/jimage/ImageStrings;)Z @ 27 c2
Event: 1.578 Thread 0x0000001943931220 DEOPT PACKING pc=0x0000001953922050 sp=0x000000194310df90
Event: 1.578 Thread 0x0000001943931220 DEOPT UNPACKING pc=0x00000019533446a2 sp=0x000000194310dca8 mode 2
Event: 1.592 Thread 0x0000001943931220 DEOPT PACKING pc=0x000000194bfecbf3 sp=0x000000194310d4d0
Event: 1.592 Thread 0x0000001943931220 DEOPT UNPACKING pc=0x0000001953344e42 sp=0x000000194310ca30 mode 0
Event: 1.654 Thread 0x0000001943931220 Uncommon trap: trap_request=0xffffffc6 fr.pc=0x000000195390b900 relative=0x0000000000000300
Event: 1.654 Thread 0x0000001943931220 Uncommon trap: reason=bimorphic_or_optimized_type_check action=maybe_recompile pc=0x000000195390b900 method=java.util.HashMap.getNode(Ljava/lang/Object;)Ljava/util/HashMap$Node; @ 63 c2
Event: 1.654 Thread 0x0000001943931220 DEOPT PACKING pc=0x000000195390b900 sp=0x000000194310e440
Event: 1.654 Thread 0x0000001943931220 DEOPT UNPACKING pc=0x00000019533446a2 sp=0x000000194310e3b8 mode 2

Classes loaded (20 events):
Event: 1.623 Loading class java/lang/invoke/MethodHandle$1
Event: 1.624 Loading class java/lang/invoke/MethodHandle$1 done
Event: 1.635 Loading class sun/reflect/generics/tree/BottomSignature
Event: 1.635 Loading class sun/reflect/generics/tree/BottomSignature done
Event: 1.635 Loading class sun/reflect/generics/tree/Wildcard
Event: 1.635 Loading class sun/reflect/generics/tree/Wildcard done
Event: 1.635 Loading class sun/reflect/generics/reflectiveObjects/WildcardTypeImpl
Event: 1.635 Loading class sun/reflect/generics/reflectiveObjects/WildcardTypeImpl done
Event: 1.636 Loading class sun/reflect/annotation/AnnotatedTypeFactory$AnnotatedParameterizedTypeImpl
Event: 1.636 Loading class java/lang/reflect/AnnotatedParameterizedType
Event: 1.636 Loading class java/lang/reflect/AnnotatedParameterizedType done
Event: 1.636 Loading class sun/reflect/annotation/AnnotatedTypeFactory$AnnotatedParameterizedTypeImpl done
Event: 1.674 Loading class java/util/concurrent/atomic/AtomicBoolean
Event: 1.674 Loading class java/util/concurrent/atomic/AtomicBoolean done
Event: 1.812 Loading class java/util/EventObject
Event: 1.812 Loading class java/util/EventObject done
Event: 1.897 Loading class java/security/NoSuchAlgorithmException
Event: 1.897 Loading class java/security/GeneralSecurityException
Event: 1.897 Loading class java/security/GeneralSecurityException done
Event: 1.897 Loading class java/security/NoSuchAlgorithmException done

Classes unloaded (0 events):
No events

Classes redefined (0 events):
No events

Internal exceptions (20 events):
Event: 0.293 Thread 0x0000001943931220 Exception <a 'java/lang/NullPointerException'{0x00000000893f9700}> (0x00000000893f9700) 
thrown [s\open\src\hotspot\share\interpreter\linkResolver.cpp, line 1372]
Event: 0.293 Thread 0x0000001943931220 Exception <a 'java/lang/NullPointerException'{0x00000000893f99e0}> (0x00000000893f99e0) 
thrown [s\open\src\hotspot\share\interpreter\linkResolver.cpp, line 1372]
Event: 0.293 Thread 0x0000001943931220 Exception <a 'java/lang/NullPointerException'{0x00000000893f9cc0}> (0x00000000893f9cc0) 
thrown [s\open\src\hotspot\share\interpreter\linkResolver.cpp, line 1372]
Event: 0.293 Thread 0x0000001943931220 Exception <a 'java/lang/NullPointerException'{0x00000000893f9fa0}> (0x00000000893f9fa0) 
thrown [s\open\src\hotspot\share\interpreter\linkResolver.cpp, line 1372]
Event: 0.299 Thread 0x0000001943931220 Exception <a 'sun/nio/fs/WindowsException'{0x0000000089223358}> (0x0000000089223358) 
thrown [s\open\src\hotspot\share\prims\jni.cpp, line 520]
Event: 0.300 Thread 0x0000001943931220 Exception <a 'sun/nio/fs/WindowsException'{0x0000000089223a60}> (0x0000000089223a60) 
thrown [s\open\src\hotspot\share\prims\jni.cpp, line 520]
Event: 0.300 Thread 0x0000001943931220 Exception <a 'sun/nio/fs/WindowsException'{0x0000000089223fe8}> (0x0000000089223fe8) 
thrown [s\open\src\hotspot\share\prims\jni.cpp, line 520]
Event: 0.300 Thread 0x0000001943931220 Exception <a 'sun/nio/fs/WindowsException'{0x0000000089224548}> (0x0000000089224548) 
thrown [s\open\src\hotspot\share\prims\jni.cpp, line 520]
Event: 0.300 Thread 0x0000001943931220 Exception <a 'sun/nio/fs/WindowsException'{0x0000000089224a50}> (0x0000000089224a50) 
thrown [s\open\src\hotspot\share\prims\jni.cpp, line 520]
Event: 0.300 Thread 0x0000001943931220 Exception <a 'sun/nio/fs/WindowsException'{0x0000000089224f10}> (0x0000000089224f10) 
thrown [s\open\src\hotspot\share\prims\jni.cpp, line 520]
Event: 0.321 Thread 0x0000001943931220 Exception <a 'java/lang/NoSuchMethodError'{0x0000000089297610}: 'void java.lang.invoke.DirectMethodHandle$Holder.invokeStatic(java.lang.Object, java.lang.Object, java.lang.Object)'> (0x0000000089297610) 
thrown [s\open\src\hotspot\share\interpreter\linkResolver.cpp, line 773]
Event: 0.401 Thread 0x0000001943931220 Exception <a 'java/lang/NoSuchMethodError'{0x0000000089049190}: 'java.lang.Object java.lang.invoke.DirectMethodHandle$Holder.invokeSpecialIFC(java.lang.Object, java.lang.Object, java.lang.Object, java.lang.Object)'> (0x0000000089049190) 
thrown [s\open\src\hotspot\share\interpreter\linkResolver.cpp, line 773]
Event: 0.671 Thread 0x0000001943931220 Exception <a 'java/lang/NoSuchMethodError'{0x0000000088baed30}: 'void java.lang.invoke.DirectMethodHandle$Holder.invokeSpecial(java.lang.Object, java.lang.Object, java.lang.Object)'> (0x0000000088baed30) 
thrown [s\open\src\hotspot\share\interpreter\linkResolver.cpp, line 773]
Event: 0.726 Thread 0x0000001943931220 Exception <a 'java/lang/NoSuchMethodError'{0x0000000089629328}: 'java.lang.Object java.lang.invoke.DirectMethodHandle$Holder.invokeInterface(java.lang.Object, java.lang.Object)'> (0x0000000089629328) 
thrown [s\open\src\hotspot\share\interpreter\linkResolver.cpp, line 773]
Event: 0.753 Thread 0x0000001943931220 Exception <a 'java/lang/NoSuchMethodError'{0x00000000896bbe90}: 'int java.lang.invoke.DirectMethodHandle$Holder.invokeStatic(java.lang.Object, java.lang.Object, java.lang.Object, java.lang.Object)'> (0x00000000896bbe90) 
thrown [s\open\src\hotspot\share\interpreter\linkResolver.cpp, line 773]
Event: 0.753 Thread 0x0000001943931220 Exception <a 'java/lang/NoSuchMethodError'{0x00000000896bf510}: 'java.lang.Object java.lang.invoke.Invokers$Holder.invokeExact_MT(java.lang.Object, java.lang.Object, java.lang.Object, java.lang.Object, java.lang.Object, java.lang.Object)'> (0x00000000896bf510) 
thrown [s\open\src\hotspot\share\interpreter\linkResolver.cpp, line 773]
Event: 0.759 Thread 0x0000001943931220 Exception <a 'java/lang/NoSuchMethodError'{0x00000000896cdef8}: 'int java.lang.invoke.DirectMethodHandle$Holder.invokeSpecialIFC(java.lang.Object, java.lang.Object, java.lang.Object, java.lang.Object, java.lang.Object)'> (0x00000000896cdef8) 
thrown [s\open\src\hotspot\share\interpreter\linkResolver.cpp, line 773]
Event: 0.846 Thread 0x0000001943931220 Exception <a 'java/lang/NoSuchMethodError'{0x0000000089445560}: 'java.lang.Object java.lang.invoke.DirectMethodHandle$Holder.newInvokeSpecial(java.lang.Object, java.lang.Object, java.lang.Object, java.lang.Object, java.lang.Object)'> (0x0000000089445560) 
thrown [s\open\src\hotspot\share\interpreter\linkResolver.cpp, line 773]
Event: 0.903 Thread 0x0000001943931220 Exception <a 'java/lang/NoSuchMethodError'{0x000000008933b0e0}: 'int java.lang.invoke.DirectMethodHandle$Holder.invokeStaticInit(java.lang.Object, java.lang.Object)'> (0x000000008933b0e0) 
thrown [s\open\src\hotspot\share\interpreter\linkResolver.cpp, line 773]
Event: 0.920 Thread 0x0000001943931220 Exception <a 'java/lang/NoClassDefFoundError'{0x000000008936c3c0}: javax/enterprise/inject/Typed> (0x000000008936c3c0) 
thrown [s\open\src\hotspot\share\classfile\systemDictionary.cpp, line 301]

ZGC Phase Switch (0 events):
No events

VM Operations (14 events):
Event: 0.094 Executing VM operation: HandshakeAllThreads (Deoptimize)
Event: 0.094 Executing VM operation: HandshakeAllThreads (Deoptimize) done
Event: 0.274 Executing VM operation: HandshakeAllThreads (Deoptimize)
Event: 0.274 Executing VM operation: HandshakeAllThreads (Deoptimize) done
Event: 0.282 Executing VM operation: HandshakeAllThreads (Deoptimize)
Event: 0.282 Executing VM operation: HandshakeAllThreads (Deoptimize) done
Event: 0.685 Executing VM operation: G1CollectForAllocation (G1 Evacuation Pause)
Event: 0.691 Executing VM operation: G1CollectForAllocation (G1 Evacuation Pause) done
Event: 1.334 Executing VM operation: G1CollectForAllocation (G1 Evacuation Pause)
Event: 1.339 Executing VM operation: G1CollectForAllocation (G1 Evacuation Pause) done
Event: 1.664 Executing VM operation: HandshakeAllThreads (Deoptimize)
Event: 1.664 Executing VM operation: HandshakeAllThreads (Deoptimize) done
Event: 1.882 Executing VM operation: HandshakeAllThreads (Deoptimize)
Event: 1.882 Executing VM operation: HandshakeAllThreads (Deoptimize) done

Events (12 events):
Event: 0.025 Thread 0x0000001943931220 Thread added: 0x0000001943931220
Event: 0.043 Thread 0x000000195fd1e870 Thread added: 0x000000195fd1e870
Event: 0.043 Thread 0x000000195fd20e40 Thread added: 0x000000195fd20e40
Event: 0.044 Thread 0x000000195fd220f0 Thread added: 0x000000195fd220f0
Event: 0.044 Thread 0x000000195fd24500 Thread added: 0x000000195fd24500
Event: 0.044 Thread 0x000000195fd27070 Thread added: 0x000000195fd27070
Event: 0.044 Thread 0x000000195fd27ad0 Thread added: 0x000000195fd27ad0
Event: 0.044 Thread 0x000000195fd28860 Thread added: 0x000000195fd28860
Event: 0.045 Thread 0x000000195fd3e2c0 Thread added: 0x000000195fd3e2c0
Event: 0.075 Thread 0x0000001960b50790 Thread added: 0x0000001960b50790
Event: 0.080 Thread 0x0000001960b60ff0 Thread added: 0x0000001960b60ff0
Event: 0.960 Thread 0x000000196576efd0 Thread added: 0x000000196576efd0


Dynamic libraries:
0x00007ff7c2620000 - 0x00007ff7c2630000 	C:\Program Files\Java\jdk-21\bin\java.exe
0x00007ffcd0600000 - 0x00007ffcd07c2000 	C:\Windows\SYSTEM32\ntdll.dll
0x00007ffccdde0000 - 0x00007ffccde8d000 	C:\Windows\system32\KERNEL32.DLL
0x00007ffccd0a0000 - 0x00007ffccd27d000 	C:\Windows\system32\KERNELBASE.dll
0x00007ffcc8b20000 - 0x00007ffcc8b39000 	C:\Program Files\Java\jdk-21\bin\jli.dll
0x00007ffccec90000 - 0x00007ffcced36000 	C:\Windows\system32\ADVAPI32.dll
0x00007ffcce400000 - 0x00007ffcce49d000 	C:\Windows\system32\msvcrt.dll
0x00007ffcce630000 - 0x00007ffcce68b000 	C:\Windows\system32\sechost.dll
0x00007ffcce7e0000 - 0x00007ffcce906000 	C:\Windows\system32\RPCRT4.dll
0x00007ffcc6150000 - 0x00007ffcc616b000 	C:\Program Files\Java\jdk-21\bin\VCRUNTIME140.dll
0x00007ffccee00000 - 0x00007ffccef4e000 	C:\Windows\system32\USER32.dll
0x00007ffcce4a0000 - 0x00007ffcce625000 	C:\Windows\system32\GDI32.dll
0x00007ffcc8e20000 - 0x00007ffcc8f12000 	C:\Windows\SYSTEM32\ucrtbase.dll
0x00007ffcc0390000 - 0x00007ffcc0604000 	C:\Windows\WinSxS\amd64_microsoft.windows.common-controls_6595b64144ccf1df_6.0.10240.16384_none_f41f7b285750ef43\COMCTL32.dll
0x00007ffcc5590000 - 0x00007ffcc559a000 	C:\Windows\SYSTEM32\VERSION.dll
0x00007ffcce3c0000 - 0x00007ffcce3f6000 	C:\Windows\system32\IMM32.DLL
0x00007ffccde90000 - 0x00007ffccdfec000 	C:\Windows\system32\MSCTF.dll
0x00007ffccb790000 - 0x00007ffccb79c000 	C:\Program Files\Java\jdk-21\bin\vcruntime140_1.dll
0x00007ffcc02b0000 - 0x00007ffcc033e000 	C:\Program Files\Java\jdk-21\bin\msvcp140.dll
0x00007ffcafdc0000 - 0x00007ffcb0acd000 	C:\Program Files\Java\jdk-21\bin\server\jvm.dll
0x00007ffccd050000 - 0x00007ffccd09a000 	C:\Windows\system32\POWRPROF.dll
0x00007ffccdff0000 - 0x00007ffcce059000 	C:\Windows\system32\WS2_32.dll
0x00007ffcd0500000 - 0x00007ffcd0508000 	C:\Windows\system32\NSI.dll
0x00007ffcbf080000 - 0x00007ffcbf0a3000 	C:\Windows\SYSTEM32\WINMM.dll
0x00007ffcbf050000 - 0x00007ffcbf07c000 	C:\Windows\SYSTEM32\WINMMBASE.dll
0x00007ffccd910000 - 0x00007ffccd954000 	C:\Windows\system32\cfgmgr32.dll
0x00007ffccb970000 - 0x00007ffccb997000 	C:\Windows\SYSTEM32\DEVOBJ.dll
0x00007ffccd040000 - 0x00007ffccd04f000 	C:\Windows\system32\kernel.appcore.dll
0x00007ffcc8c10000 - 0x00007ffcc8c1a000 	C:\Program Files\Java\jdk-21\bin\jimage.dll
0x00007ffca6790000 - 0x00007ffca691a000 	C:\Windows\SYSTEM32\DBGHELP.DLL
0x00007ffcc60c0000 - 0x00007ffcc60e5000 	C:\Windows\SYSTEM32\dbgcore.DLL
0x00007ffcc60f0000 - 0x00007ffcc610f000 	C:\Program Files\Java\jdk-21\bin\java.dll
0x00007ffccefc0000 - 0x00007ffcd04e5000 	C:\Windows\system32\SHELL32.dll
0x00007ffccd2e0000 - 0x00007ffccd908000 	C:\Windows\system32\windows.storage.dll
0x00007ffcce120000 - 0x00007ffcce39c000 	C:\Windows\system32\combase.dll
0x00007ffcce060000 - 0x00007ffcce0b1000 	C:\Windows\system32\shlwapi.dll
0x00007ffccda10000 - 0x00007ffccdac3000 	C:\Windows\system32\shcore.dll
0x00007ffccd020000 - 0x00007ffccd033000 	C:\Windows\system32\profapi.dll
0x00007ffcb9e20000 - 0x00007ffcb9ef7000 	C:\Program Files\Java\jdk-21\bin\jsvml.dll
0x00007ffcc8a90000 - 0x00007ffcc8aa0000 	C:\Program Files\Java\jdk-21\bin\net.dll
0x00007ffcc9b20000 - 0x00007ffcc9bf6000 	C:\Windows\SYSTEM32\WINHTTP.dll
0x00007ffccc870000 - 0x00007ffccc8cd000 	C:\Windows\system32\mswsock.dll
0x00007ffcc60a0000 - 0x00007ffcc60b6000 	C:\Program Files\Java\jdk-21\bin\nio.dll
0x00007ffcc6080000 - 0x00007ffcc6098000 	C:\Program Files\Java\jdk-21\bin\zip.dll
0x0000000069ac0000 - 0x0000000069ae4000 	C:\Program Files\NetBeans-21\netbeans\java\maven\lib\jansi-native\Windows\x86_64\jansi.dll
0x00007ffcc8240000 - 0x00007ffcc8250000 	C:\Program Files\Java\jdk-21\bin\verify.dll

dbghelp: loaded successfully - version: 4.0.5 - missing functions: none
symbol engine: initialized successfully - sym options: 0x614 - pdb path: .;C:\Program Files\Java\jdk-21\bin;C:\Windows\SYSTEM32;C:\Windows\WinSxS\amd64_microsoft.windows.common-controls_6595b64144ccf1df_6.0.10240.16384_none_f41f7b285750ef43;C:\Program Files\Java\jdk-21\bin\server;C:\Program Files\NetBeans-21\netbeans\java\maven\lib\jansi-native\Windows\x86_64

VM Arguments:
jvm_args: -Dclassworlds.conf=C:\Program Files\NetBeans-21\netbeans\java\maven\bin\m2.conf -Dmaven.home=C:\Program Files\NetBeans-21\netbeans\java\maven -Dlibrary.jansi.path=C:\Program Files\NetBeans-21\netbeans\java\maven\lib\jansi-native -Dmaven.multiModuleProjectDirectory=C:\Users\Student\Documents\sumaiya\Arrayproblem 
java_command: org.codehaus.plexus.classworlds.launcher.Launcher -Dexec.vmArgs= -Dexec.args=${exec.vmArgs} -classpath %classpath ${exec.mainClass} ${exec.appArgs} -Dexec.appArgs= -Dexec.mainClass=arrayproblem.Arrayproblem -Dexec.executable=C:\Program Files\Java\jdk-21\bin\java.exe -Dmaven.ext.class.path=C:\Program Files\NetBeans-21\netbeans\java\maven-nblib\netbeans-eventspy.jar --no-transfer-progress process-classes org.codehaus.mojo:exec-maven-plugin:3.1.0:exec
java_class_path (initial): C:\Program Files\NetBeans-21\netbeans\java\maven\boot\plexus-classworlds-2.7.0.jar
Launcher Type: SUN_STANDARD

[Global flags]
     intx CICompilerCount                          = 3                                         {product} {ergonomic}
     uint ConcGCThreads                            = 1                                         {product} {ergonomic}
     uint G1ConcRefinementThreads                  = 4                                         {product} {ergonomic}
   size_t G1HeapRegionSize                         = 1048576                                   {product} {ergonomic}
    uintx GCDrainStackTargetSize                   = 64                                        {product} {ergonomic}
   size_t InitialHeapSize                          = 134217728                                 {product} {ergonomic}
   size_t MarkStackSize                            = 4194304                                   {product} {ergonomic}
   size_t MaxHeapSize                              = 2122317824                                {product} {ergonomic}
   size_t MaxNewSize                               = 1272971264                                {product} {ergonomic}
   size_t MinHeapDeltaBytes                        = 1048576                                   {product} {ergonomic}
   size_t MinHeapSize                              = 8388608                                   {product} {ergonomic}
    uintx NonNMethodCodeHeapSize                   = 5832780                                {pd product} {ergonomic}
    uintx NonProfiledCodeHeapSize                  = 122912730                              {pd product} {ergonomic}
    uintx ProfiledCodeHeapSize                     = 122912730                              {pd product} {ergonomic}
    uintx ReservedCodeCacheSize                    = 251658240                              {pd product} {ergonomic}
     bool SegmentedCodeCache                       = true                                      {product} {ergonomic}
   size_t SoftMaxHeapSize                          = 2122317824                             {manageable} {ergonomic}
     bool UseCompressedOops                        = true                           {product lp64_product} {ergonomic}
     bool UseG1GC                                  = true                                      {product} {ergonomic}
     bool UseLargePagesIndividualAllocation        = false                                  {pd product} {ergonomic}

Logging:
Log output configuration:
 #0: stdout all=warning uptime,level,tags foldmultilines=false
 #1: stderr all=off uptime,level,tags foldmultilines=false

Environment Variables:
JAVA_HOME=C:\Program Files\Java\jdk-21
PATH=C:\Program Files\Common Files\Oracle\Java\javapath;C:\oraclexe\app\oracle\product\10.2.0\server\bin;C:\ProgramData\Oracle\Java\javapath;C:\Windows\system32;C:\Windows;C:\Windows\System32\Wbem;C:\Windows\System32\WindowsPowerShell\v1.0\;C:\Program Files\MATLAB\R2013a\runtime\win64;C:\Program Files\MATLAB\R2013a\bin;C:\Program Files\Java\jdk-21\bin;;C:\Users\Student\AppData\Local\Programs\Microsoft VS Code\bin;C:\Program Files (x86)\EaseUS\Todo Backup\bin\x64\
USERNAME=Student
OS=Windows_NT
PROCESSOR_IDENTIFIER=Intel64 Family 6 Model 42 Stepping 7, GenuineIntel
TMP=C:\Users\Student\AppData\Local\Temp
TEMP=C:\Users\Student\AppData\Local\Temp




Periodic native trim disabled

---------------  S Y S T E M  ---------------

OS:
 Windows 10 , 64 bit Build 10240 (10.0.10240.16384)
OS uptime: 0 days 1:58 hours

CPU: total 4 (initial active 4) (2 cores per cpu, 2 threads per core) family 6 model 42 stepping 7 microcode 0x29, cx8, cmov, fxsr, ht, mmx, sse, sse2, sse3, ssse3, sse4.1, sse4.2, popcnt, tsc, tscinvbit, avx, clmul, vzeroupper, clflush, rdtscp
Processor Information for all 4 processors :
  Max Mhz: 3100, Current Mhz: 3100, Mhz Limit: 3100

Memory: 4k page, system-wide physical 8088M (3044M free)
TotalPageFile size 8187M (AvailPageFile size 3M)
current process WorkingSet (physical memory assigned to process): 91M, peak: 91M
current process commit charge ("private bytes"): 229M, peak: 229M

vm_info: Java HotSpot(TM) 64-Bit Server VM (21.0.3+7-LTS-152) for windows-amd64 JRE (21.0.3+7-LTS-152), built on 2024-03-11T17:42:26Z by "mach5one" with MS VC++ 17.6 (VS2022)

END.
