#
# There is insufficient memory for the Java Runtime Environment to continue.
# Native memory allocation (mmap) failed to map 134217728 bytes for G1 virtual space
# Possible reasons:
#   The system is out of physical RAM or swap space
#   The process is running with CompressedOops enabled, and the Java Heap may be blocking the growth of the native heap
# Possible solutions:
#   Reduce memory load on the system
#   Increase physical memory or swap space
#   Check if swap backing store is full
#   Decrease Java heap size (-Xmx/-Xms)
#   Decrease number of Java threads
#   Decrease Java thread stack sizes (-Xss)
#   Set larger code cache with -XX:ReservedCodeCacheSize=
#   JVM is running with Unscaled Compressed Oops mode in which the Java heap is
#     placed in the first 4GB address space. The Java Heap base address is the
#     maximum limit for the native heap growth. Please use -XX:HeapBaseMinAddress
#     to set the Java Heap base and to place the Java Heap above 4GB virtual address.
# This output file may be truncated or incomplete.
#
#  Out of Memory Error (os_windows.cpp:3600), pid=9248, tid=9648
#
# JRE version:  (21.0.3+7) (build )
# Java VM: Java HotSpot(TM) 64-Bit Server VM (21.0.3+7-LTS-152, mixed mode, sharing, tiered, compressed oops, compressed class ptrs, g1 gc, windows-amd64)
# No core dump will be written. Minidumps are not enabled by default on client versions of Windows
#

---------------  S U M M A R Y ------------

Command Line: -Dclassworlds.conf=C:\Program Files\NetBeans-21\netbeans\java\maven\bin\m2.conf -Dmaven.home=C:\Program Files\NetBeans-21\netbeans\java\maven -Dlibrary.jansi.path=C:\Program Files\NetBeans-21\netbeans\java\maven\lib\jansi-native -Dmaven.multiModuleProjectDirectory=C:\Users\Student\Documents\sumaiya\Arrayproblem org.codehaus.plexus.classworlds.launcher.Launcher -Dexec.vmArgs= -Dexec.args=${exec.vmArgs} -classpath %classpath ${exec.mainClass} ${exec.appArgs} -Dexec.appArgs= -Dexec.mainClass=arrayproblem.Arrayproblem -Dexec.executable=C:\Program Files\Java\jdk-21\bin\java.exe -Dmaven.ext.class.path=C:\Program Files\NetBeans-21\netbeans\java\maven-nblib\netbeans-eventspy.jar --no-transfer-progress process-classes org.codehaus.mojo:exec-maven-plugin:3.1.0:exec

Host: Intel(R) Core(TM) i3-2100 CPU @ 3.10GHz, 4 cores, 7G,  Windows 10 , 64 bit Build 10240 (10.0.10240.16384)
Time: Sun Jun 30 12:30:57 2024 Bangladesh Standard Time elapsed time: 0.025769 seconds (0d 0h 0m 0s)

---------------  T H R E A D  ---------------

Current thread (0x000000e90e850db0):  JavaThread "Unknown thread" [_thread_in_vm, id=9648, stack(0x000000e90df30000,0x000000e90e030000) (1024K)]

Stack: [0x000000e90df30000,0x000000e90e030000]
Native frames: (J=compiled Java code, j=interpreted, Vv=VM code, C=native code)
V  [jvm.dll+0x6c63b9]
V  [jvm.dll+0x84fa11]
V  [jvm.dll+0x851f3e]
V  [jvm.dll+0x852613]
V  [jvm.dll+0x27cd46]
V  [jvm.dll+0x6c2b55]
V  [jvm.dll+0x6b76da]
V  [jvm.dll+0x35051a]
V  [jvm.dll+0x358176]
V  [jvm.dll+0x3aa84e]
V  [jvm.dll+0x3aaaf8]
V  [jvm.dll+0x32491c]
V  [jvm.dll+0x32547b]
V  [jvm.dll+0x818f69]
V  [jvm.dll+0x3b7771]
V  [jvm.dll+0x802358]
V  [jvm.dll+0x44c7ce]
V  [jvm.dll+0x44e2a1]
C  [jli.dll+0x52a3]
C  [ucrtbase.dll+0x682dd]
C  [KERNEL32.DLL+0x12d92]
C  [ntdll.dll+0x9f64]


---------------  P R O C E S S  ---------------

Threads class SMR info:
_java_thread_list=0x00007ffcb0981b88, length=0, elements={
}

Java Threads: ( => current thread )
Total: 0

Other Threads:
  0x000000e90e8a1ae0 WorkerThread "GC Thread#0"                     [id=9696, stack(0x000000e90e6a0000,0x000000e90e7a0000) (1024K)]
  0x000000e90e8b2750 ConcurrentGCThread "G1 Main Marker"            [id=9732, stack(0x000000e928480000,0x000000e928580000) (1024K)]
  0x000000e90e8b3160 WorkerThread "G1 Conc#0"                       [id=9764, stack(0x0000000000000000,0x0000000000000000) (0B)]

[error occurred during error reporting (printing all threads), id 0xc0000005, EXCEPTION_ACCESS_VIOLATION (0xc0000005) at pc=0x00007ffcb00f7077]
VM state: not at safepoint (not fully initialized)

VM Mutex/Monitor currently owned by a thread:  ([mutex/lock_event])
[0x00007ffcb09f2ea8] Heap_lock - owner thread: 0x000000e90e850db0

Heap address: 0x0000000081800000, size: 2024 MB, Compressed Oops mode: 32-bit

CDS archive(s) mapped at: [0x0000000000000000-0x0000000000000000-0x0000000000000000), size 0, SharedBaseAddress: 0x0000000800000000, ArchiveRelocationMode: 1.
Narrow klass base: 0x0000000000000000, Narrow klass shift: 0, Narrow klass range: 0x0

GC Precious Log:
 CardTable entry size: 512
 Card Set container configuration: InlinePtr #cards 5 size 8 Array Of Cards #cards 12 size 40 Howl #buckets 4 coarsen threshold 1843 Howl Bitmap #cards 512 size 80 coarsen threshold 460 Card regions per heap region 1 cards per card region 2048

Heap:
 garbage-first heap   total 0K, used 0K [0x0000000081800000, 0x0000000100000000)
  region size 1024K, 0 young (0K), 0 survivors (0K)

[error occurred during error reporting (printing heap information), id 0xc0000005, EXCEPTION_ACCESS_VIOLATION (0xc0000005) at pc=0x00007ffcb04de669]
GC Heap History (0 events):
No events

Dll operation events (1 events):
Event: 0.019 Loaded shared library C:\Program Files\Java\jdk-21\bin\java.dll

Deoptimization events (0 events):
No events

Classes loaded (0 events):
No events

Classes unloaded (0 events):
No events

Classes redefined (0 events):
No events

Internal exceptions (0 events):
No events

ZGC Phase Switch (0 events):
No events

VM Operations (0 events):
No events

Events (0 events):
No events


Dynamic libraries:
0x00007ff7c2620000 - 0x00007ff7c2630000 	C:\Program Files\Java\jdk-21\bin\java.exe
0x00007ffcd0600000 - 0x00007ffcd07c2000 	C:\Windows\SYSTEM32\ntdll.dll
0x00007ffccdde0000 - 0x00007ffccde8d000 	C:\Windows\system32\KERNEL32.DLL
0x00007ffccd0a0000 - 0x00007ffccd27d000 	C:\Windows\system32\KERNELBASE.dll
0x00007ffcc8b20000 - 0x00007ffcc8b39000 	C:\Program Files\Java\jdk-21\bin\jli.dll
0x00007ffccec90000 - 0x00007ffcced36000 	C:\Windows\system32\ADVAPI32.dll
0x00007ffcce400000 - 0x00007ffcce49d000 	C:\Windows\system32\msvcrt.dll
0x00007ffcce630000 - 0x00007ffcce68b000 	C:\Windows\system32\sechost.dll
0x00007ffcce7e0000 - 0x00007ffcce906000 	C:\Windows\system32\RPCRT4.dll
0x00007ffccee00000 - 0x00007ffccef4e000 	C:\Windows\system32\USER32.dll
0x00007ffcce4a0000 - 0x00007ffcce625000 	C:\Windows\system32\GDI32.dll
0x00007ffcc6150000 - 0x00007ffcc616b000 	C:\Program Files\Java\jdk-21\bin\VCRUNTIME140.dll
0x00007ffcc8e20000 - 0x00007ffcc8f12000 	C:\Windows\SYSTEM32\ucrtbase.dll
0x00007ffcc0390000 - 0x00007ffcc0604000 	C:\Windows\WinSxS\amd64_microsoft.windows.common-controls_6595b64144ccf1df_6.0.10240.16384_none_f41f7b285750ef43\COMCTL32.dll
0x00007ffcc5590000 - 0x00007ffcc559a000 	C:\Windows\SYSTEM32\VERSION.dll
0x00007ffcce3c0000 - 0x00007ffcce3f6000 	C:\Windows\system32\IMM32.DLL
0x00007ffccde90000 - 0x00007ffccdfec000 	C:\Windows\system32\MSCTF.dll
0x00007ffccb790000 - 0x00007ffccb79c000 	C:\Program Files\Java\jdk-21\bin\vcruntime140_1.dll
0x00007ffcc02b0000 - 0x00007ffcc033e000 	C:\Program Files\Java\jdk-21\bin\msvcp140.dll
0x00007ffcafdc0000 - 0x00007ffcb0acd000 	C:\Program Files\Java\jdk-21\bin\server\jvm.dll
0x00007ffccd050000 - 0x00007ffccd09a000 	C:\Windows\system32\POWRPROF.dll
0x00007ffccdff0000 - 0x00007ffcce059000 	C:\Windows\system32\WS2_32.dll
0x00007ffcd0500000 - 0x00007ffcd0508000 	C:\Windows\system32\NSI.dll
0x00007ffcbf080000 - 0x00007ffcbf0a3000 	C:\Windows\SYSTEM32\WINMM.dll
0x00007ffcbf050000 - 0x00007ffcbf07c000 	C:\Windows\SYSTEM32\WINMMBASE.dll
0x00007ffccd910000 - 0x00007ffccd954000 	C:\Windows\system32\cfgmgr32.dll
0x00007ffccb970000 - 0x00007ffccb997000 	C:\Windows\SYSTEM32\DEVOBJ.dll
0x00007ffccd040000 - 0x00007ffccd04f000 	C:\Windows\system32\kernel.appcore.dll
0x00007ffcc8c10000 - 0x00007ffcc8c1a000 	C:\Program Files\Java\jdk-21\bin\jimage.dll
0x00007ffca6790000 - 0x00007ffca691a000 	C:\Windows\SYSTEM32\DBGHELP.DLL
0x00007ffcc60c0000 - 0x00007ffcc60e5000 	C:\Windows\SYSTEM32\dbgcore.DLL
0x00007ffcc60f0000 - 0x00007ffcc610f000 	C:\Program Files\Java\jdk-21\bin\java.dll

dbghelp: loaded successfully - version: 4.0.5 - missing functions: none
symbol engine: initialized successfully - sym options: 0x614 - pdb path: .;C:\Program Files\Java\jdk-21\bin;C:\Windows\SYSTEM32;C:\Windows\WinSxS\amd64_microsoft.windows.common-controls_6595b64144ccf1df_6.0.10240.16384_none_f41f7b285750ef43;C:\Program Files\Java\jdk-21\bin\server

VM Arguments:
jvm_args: -Dclassworlds.conf=C:\Program Files\NetBeans-21\netbeans\java\maven\bin\m2.conf -Dmaven.home=C:\Program Files\NetBeans-21\netbeans\java\maven -Dlibrary.jansi.path=C:\Program Files\NetBeans-21\netbeans\java\maven\lib\jansi-native -Dmaven.multiModuleProjectDirectory=C:\Users\Student\Documents\sumaiya\Arrayproblem 
java_command: org.codehaus.plexus.classworlds.launcher.Launcher -Dexec.vmArgs= -Dexec.args=${exec.vmArgs} -classpath %classpath ${exec.mainClass} ${exec.appArgs} -Dexec.appArgs= -Dexec.mainClass=arrayproblem.Arrayproblem -Dexec.executable=C:\Program Files\Java\jdk-21\bin\java.exe -Dmaven.ext.class.path=C:\Program Files\NetBeans-21\netbeans\java\maven-nblib\netbeans-eventspy.jar --no-transfer-progress process-classes org.codehaus.mojo:exec-maven-plugin:3.1.0:exec
java_class_path (initial): C:\Program Files\NetBeans-21\netbeans\java\maven\boot\plexus-classworlds-2.7.0.jar
Launcher Type: SUN_STANDARD

[Global flags]
     intx CICompilerCount                          = 3                                         {product} {ergonomic}
     uint ConcGCThreads                            = 1                                         {product} {ergonomic}
     uint G1ConcRefinementThreads                  = 4                                         {product} {ergonomic}
   size_t G1HeapRegionSize                         = 1048576                                   {product} {ergonomic}
    uintx GCDrainStackTargetSize                   = 64                                        {product} {ergonomic}
   size_t InitialHeapSize                          = 134217728                                 {product} {ergonomic}
   size_t MarkStackSize                            = 4194304                                   {product} {ergonomic}
   size_t MaxHeapSize                              = 2122317824                                {product} {ergonomic}
   size_t MinHeapDeltaBytes                        = 1048576                                   {product} {ergonomic}
   size_t MinHeapSize                              = 8388608                                   {product} {ergonomic}
    uintx NonNMethodCodeHeapSize                   = 5832780                                {pd product} {ergonomic}
    uintx NonProfiledCodeHeapSize                  = 122912730                              {pd product} {ergonomic}
    uintx ProfiledCodeHeapSize                     = 122912730                              {pd product} {ergonomic}
    uintx ReservedCodeCacheSize                    = 251658240                              {pd product} {ergonomic}
     bool SegmentedCodeCache                       = true                                      {product} {ergonomic}
   size_t SoftMaxHeapSize                          = 2122317824                             {manageable} {ergonomic}
     bool UseCompressedOops                        = true                           {product lp64_product} {ergonomic}
     bool UseG1GC                                  = true                                      {product} {ergonomic}
     bool UseLargePagesIndividualAllocation        = false                                  {pd product} {ergonomic}

Logging:
Log output configuration:
 #0: stdout all=warning uptime,level,tags foldmultilines=false
 #1: stderr all=off uptime,level,tags foldmultilines=false

Environment Variables:
JAVA_HOME=C:\Program Files\Java\jdk-21
PATH=C:\Program Files\Common Files\Oracle\Java\javapath;C:\oraclexe\app\oracle\product\10.2.0\server\bin;C:\ProgramData\Oracle\Java\javapath;C:\Windows\system32;C:\Windows;C:\Windows\System32\Wbem;C:\Windows\System32\WindowsPowerShell\v1.0\;C:\Program Files\MATLAB\R2013a\runtime\win64;C:\Program Files\MATLAB\R2013a\bin;C:\Program Files\Java\jdk-21\bin;;C:\Users\Student\AppData\Local\Programs\Microsoft VS Code\bin;C:\Program Files (x86)\EaseUS\Todo Backup\bin\x64\
USERNAME=Student
OS=Windows_NT
PROCESSOR_IDENTIFIER=Intel64 Family 6 Model 42 Stepping 7, GenuineIntel
TMP=C:\Users\Student\AppData\Local\Temp
TEMP=C:\Users\Student\AppData\Local\Temp




Periodic native trim disabled

---------------  S Y S T E M  ---------------

OS:
 Windows 10 , 64 bit Build 10240 (10.0.10240.16384)
OS uptime: 0 days 2:01 hours

CPU: total 4 (initial active 4) (2 cores per cpu, 2 threads per core) family 6 model 42 stepping 7 microcode 0x29, cx8, cmov, fxsr, ht, mmx, sse, sse2, sse3, ssse3, sse4.1, sse4.2, popcnt, tsc, tscinvbit, avx, clmul, vzeroupper, clflush, rdtscp
Processor Information for all 4 processors :
  Max Mhz: 3100, Current Mhz: 3100, Mhz Limit: 3100

Memory: 4k page, system-wide physical 8088M (3158M free)
TotalPageFile size 8187M (AvailPageFile size 19M)
current process WorkingSet (physical memory assigned to process): 9M, peak: 9M
current process commit charge ("private bytes"): 51M, peak: 179M

vm_info: Java HotSpot(TM) 64-Bit Server VM (21.0.3+7-LTS-152) for windows-amd64 JRE (21.0.3+7-LTS-152), built on 2024-03-11T17:42:26Z by "mach5one" with MS VC++ 17.6 (VS2022)

END.
