#
# There is insufficient memory for the Java Runtime Environment to continue.
# Native memory allocation (malloc) failed to allocate 639600 bytes for Chunk::new
# Possible reasons:
#   The system is out of physical RAM or swap space
#   The process is running with CompressedOops enabled, and the Java Heap may be blocking the growth of the native heap
# Possible solutions:
#   Reduce memory load on the system
#   Increase physical memory or swap space
#   Check if swap backing store is full
#   Decrease Java heap size (-Xmx/-Xms)
#   Decrease number of Java threads
#   Decrease Java thread stack sizes (-Xss)
#   Set larger code cache with -XX:ReservedCodeCacheSize=
#   JVM is running with Unscaled Compressed Oops mode in which the Java heap is
#     placed in the first 4GB address space. The Java Heap base address is the
#     maximum limit for the native heap growth. Please use -XX:HeapBaseMinAddress
#     to set the Java Heap base and to place the Java Heap above 4GB virtual address.
# This output file may be truncated or incomplete.
#
#  Out of Memory Error (arena.cpp:168), pid=9944, tid=1128
#
# JRE version: Java(TM) SE Runtime Environment (21.0.3+7) (build 21.0.3+7-LTS-152)
# Java VM: Java HotSpot(TM) 64-Bit Server VM (21.0.3+7-LTS-152, mixed mode, sharing, tiered, compressed oops, compressed class ptrs, g1 gc, windows-amd64)
# No core dump will be written. Minidumps are not enabled by default on client versions of Windows
#

---------------  S U M M A R Y ------------

Command Line: -Dclassworlds.conf=C:\Program Files\NetBeans-21\netbeans\java\maven\bin\m2.conf -Dmaven.home=C:\Program Files\NetBeans-21\netbeans\java\maven -Dlibrary.jansi.path=C:\Program Files\NetBeans-21\netbeans\java\maven\lib\jansi-native -Dmaven.multiModuleProjectDirectory=C:\Users\Student\Documents\sumaiya\Arrayproblem org.codehaus.plexus.classworlds.launcher.Launcher -Dexec.vmArgs= -Dexec.args=${exec.vmArgs} -classpath %classpath ${exec.mainClass} ${exec.appArgs} -Dexec.appArgs= -Dexec.mainClass=arrayproblem.Arrayproblem -Dexec.executable=C:\Program Files\Java\jdk-21\bin\java.exe -Dmaven.ext.class.path=C:\Program Files\NetBeans-21\netbeans\java\maven-nblib\netbeans-eventspy.jar --no-transfer-progress process-classes org.codehaus.mojo:exec-maven-plugin:3.1.0:exec

Host: Intel(R) Core(TM) i3-2100 CPU @ 3.10GHz, 4 cores, 7G,  Windows 10 , 64 bit Build 10240 (10.0.10240.16384)
Time: Sun Jun 30 12:32:00 2024 Bangladesh Standard Time elapsed time: 2.267494 seconds (0d 0h 0m 2s)

---------------  T H R E A D  ---------------

Current thread (0x0000005047833d80):  JavaThread "C2 CompilerThread0" daemon [_thread_in_native, id=1128, stack(0x000000508d300000,0x000000508d400000) (1024K)]


Current CompileTask:
C2:   2267 1118   !   4       sun.nio.cs.StreamDecoder::read (78 bytes)

Stack: [0x000000508d300000,0x000000508d400000]
Native frames: (J=compiled Java code, j=interpreted, Vv=VM code, C=native code)
V  [jvm.dll+0x6c63b9]
V  [jvm.dll+0x84fa11]
V  [jvm.dll+0x851f3e]
V  [jvm.dll+0x852613]
V  [jvm.dll+0x27cd46]
V  [jvm.dll+0xc4aad]
V  [jvm.dll+0xc4fe3]
V  [jvm.dll+0x3b1d5c]
V  [jvm.dll+0x1df2d9]
V  [jvm.dll+0x245c92]
V  [jvm.dll+0x24511f]
V  [jvm.dll+0x1c689e]
V  [jvm.dll+0x254609]
V  [jvm.dll+0x252b9a]
V  [jvm.dll+0x3eb056]
V  [jvm.dll+0x7f9ffb]
V  [jvm.dll+0x6c4a9d]
C  [ucrtbase.dll+0x682dd]
C  [KERNEL32.DLL+0x12d92]
C  [ntdll.dll+0x9f64]


---------------  P R O C E S S  ---------------

Threads class SMR info:
_java_thread_list=0x000000508e1642d0, length=12, elements={
0x000000502b440d50, 0x000000504782c2d0, 0x000000504782cff0, 0x000000504782edc0,
0x000000504782fa20, 0x0000005047832590, 0x0000005047832ff0, 0x0000005047833d80,
0x0000005047836400, 0x000000508d5d4720, 0x000000508d5de3b0, 0x000000508e1ff2e0
}

Java Threads: ( => current thread )
  0x000000502b440d50 JavaThread "main"                              [_thread_in_Java, id=2780, stack(0x000000502ab20000,0x000000502ac20000) (1024K)]
  0x000000504782c2d0 JavaThread "Reference Handler"          daemon [_thread_blocked, id=9880, stack(0x0000005047cb0000,0x0000005047db0000) (1024K)]
  0x000000504782cff0 JavaThread "Finalizer"                  daemon [_thread_blocked, id=9856, stack(0x0000005047db0000,0x0000005047eb0000) (1024K)]
  0x000000504782edc0 JavaThread "Signal Dispatcher"          daemon [_thread_blocked, id=8164, stack(0x0000005047eb0000,0x0000005047fb0000) (1024K)]
  0x000000504782fa20 JavaThread "Attach Listener"            daemon [_thread_blocked, id=9968, stack(0x000000508d000000,0x000000508d100000) (1024K)]
  0x0000005047832590 JavaThread "Service Thread"             daemon [_thread_blocked, id=9528, stack(0x000000508d100000,0x000000508d200000) (1024K)]
  0x0000005047832ff0 JavaThread "Monitor Deflation Thread"   daemon [_thread_blocked, id=9696, stack(0x000000508d200000,0x000000508d300000) (1024K)]
=>0x0000005047833d80 JavaThread "C2 CompilerThread0"         daemon [_thread_in_native, id=1128, stack(0x000000508d300000,0x000000508d400000) (1024K)]
  0x0000005047836400 JavaThread "C1 CompilerThread0"         daemon [_thread_blocked, id=1480, stack(0x000000508d400000,0x000000508d500000) (1024K)]
  0x000000508d5d4720 JavaThread "Notification Thread"        daemon [_thread_blocked, id=1476, stack(0x000000508d900000,0x000000508da00000) (1024K)]
  0x000000508d5de3b0 JavaThread "Common-Cleaner"             daemon [_thread_blocked, id=1172, stack(0x000000508da00000,0x000000508db00000) (1024K)]
  0x000000508e1ff2e0 JavaThread "C2 CompilerThread1"         daemon [_thread_in_native, id=9916, stack(0x000000508f6d0000,0x000000508f7d0000) (1024K)]
Total: 12

Other Threads:
  0x000000504780bbe0 VMThread "VM Thread"                           [id=8344, stack(0x0000005047bb0000,0x0000005047cb0000) (1024K)]
  0x000000502b51e740 WatcherThread "VM Periodic Task Thread"        [id=1616, stack(0x0000005047ab0000,0x0000005047bb0000) (1024K)]
  0x000000502b491ac0 WorkerThread "GC Thread#0"                     [id=10192, stack(0x000000502b240000,0x000000502b340000) (1024K)]
  0x000000508e13f320 WorkerThread "GC Thread#1"                     [id=276, stack(0x000000508e400000,0x000000508e500000) (1024K)]
  0x000000508e13f6c0 WorkerThread "GC Thread#2"                     [id=3720, stack(0x000000508e500000,0x000000508e600000) (1024K)]
  0x000000508e14c810 WorkerThread "GC Thread#3"                     [id=9684, stack(0x000000508e600000,0x000000508e700000) (1024K)]
  0x000000502b4a36c0 ConcurrentGCThread "G1 Main Marker"            [id=3872, stack(0x0000005045070000,0x0000005045170000) (1024K)]
  0x000000502b4a4280 WorkerThread "G1 Conc#0"                       [id=9448, stack(0x0000005045170000,0x0000005045270000) (1024K)]
  0x000000502b5134b0 ConcurrentGCThread "G1 Refine#0"               [id=9984, stack(0x00000050478b0000,0x00000050479b0000) (1024K)]
  0x000000502b5140e0 ConcurrentGCThread "G1 Service"                [id=1560, stack(0x00000050479b0000,0x0000005047ab0000) (1024K)]
Total: 10

Threads with active compile tasks:
C2 CompilerThread0     2285 1118   !   4       sun.nio.cs.StreamDecoder::read (78 bytes)
C2 CompilerThread1     2285 1119       4       sun.nio.cs.StreamDecoder::lockedRead (189 bytes)
Total: 2

VM state: not at safepoint (normal execution)

VM Mutex/Monitor currently owned by a thread: None

Heap address: 0x0000000081800000, size: 2024 MB, Compressed Oops mode: 32-bit

CDS archive(s) mapped at: [0x0000005048000000-0x0000005048c90000-0x0000005048c90000), size 13172736, SharedBaseAddress: 0x0000005048000000, ArchiveRelocationMode: 1.
Compressed class space mapped at: 0x0000005049000000-0x0000005089000000, reserved size: 1073741824
Narrow klass base: 0x0000005048000000, Narrow klass shift: 0, Narrow klass range: 0x100000000

GC Precious Log:
 CardTable entry size: 512
 Card Set container configuration: InlinePtr #cards 5 size 8 Array Of Cards #cards 12 size 40 Howl #buckets 4 coarsen threshold 1843 Howl Bitmap #cards 512 size 80 coarsen threshold 460 Card regions per heap region 1 cards per card region 2048
 CPUs: 4 total, 4 available
 Memory: 8088M
 Large Page Support: Disabled
 NUMA Support: Disabled
 Compressed Oops: Enabled (32-bit)
 Heap Region Size: 1M
 Heap Min Capacity: 8M
 Heap Initial Capacity: 128M
 Heap Max Capacity: 2024M
 Pre-touch: Disabled
 Parallel Workers: 4
 Concurrent Workers: 1
 Concurrent Refinement Workers: 4
 Periodic GC: Disabled

Heap:
 garbage-first heap   total 131072K, used 10495K [0x0000000081800000, 0x0000000100000000)
  region size 1024K, 10 young (10240K), 2 survivors (2048K)
 Metaspace       used 5780K, committed 6016K, reserved 1114112K
  class space    used 660K, committed 768K, reserved 1048576K

Heap Regions: E=young(eden), S=young(survivor), O=old, HS=humongous(starts), HC=humongous(continues), CS=collection set, F=free, TAMS=top-at-mark-start, PB=parsable bottom
|   0|0x0000000081800000, 0x0000000081900000, 0x0000000081900000|100%| O|  |TAMS 0x0000000081800000| PB 0x0000000081800000| Untracked 
|   1|0x0000000081900000, 0x000000008193ffc0, 0x0000000081a00000| 24%| O|  |TAMS 0x0000000081900000| PB 0x0000000081900000| Untracked 
|   2|0x0000000081a00000, 0x0000000081a00000, 0x0000000081b00000|  0%| F|  |TAMS 0x0000000081a00000| PB 0x0000000081a00000| Untracked 
|   3|0x0000000081b00000, 0x0000000081b00000, 0x0000000081c00000|  0%| F|  |TAMS 0x0000000081b00000| PB 0x0000000081b00000| Untracked 
|   4|0x0000000081c00000, 0x0000000081c00000, 0x0000000081d00000|  0%| F|  |TAMS 0x0000000081c00000| PB 0x0000000081c00000| Untracked 
|   5|0x0000000081d00000, 0x0000000081d00000, 0x0000000081e00000|  0%| F|  |TAMS 0x0000000081d00000| PB 0x0000000081d00000| Untracked 
|   6|0x0000000081e00000, 0x0000000081e00000, 0x0000000081f00000|  0%| F|  |TAMS 0x0000000081e00000| PB 0x0000000081e00000| Untracked 
|   7|0x0000000081f00000, 0x0000000081f00000, 0x0000000082000000|  0%| F|  |TAMS 0x0000000081f00000| PB 0x0000000081f00000| Untracked 
|   8|0x0000000082000000, 0x0000000082000000, 0x0000000082100000|  0%| F|  |TAMS 0x0000000082000000| PB 0x0000000082000000| Untracked 
|   9|0x0000000082100000, 0x0000000082100000, 0x0000000082200000|  0%| F|  |TAMS 0x0000000082100000| PB 0x0000000082100000| Untracked 
|  10|0x0000000082200000, 0x0000000082200000, 0x0000000082300000|  0%| F|  |TAMS 0x0000000082200000| PB 0x0000000082200000| Untracked 
|  11|0x0000000082300000, 0x0000000082300000, 0x0000000082400000|  0%| F|  |TAMS 0x0000000082300000| PB 0x0000000082300000| Untracked 
|  12|0x0000000082400000, 0x0000000082400000, 0x0000000082500000|  0%| F|  |TAMS 0x0000000082400000| PB 0x0000000082400000| Untracked 
|  13|0x0000000082500000, 0x0000000082500000, 0x0000000082600000|  0%| F|  |TAMS 0x0000000082500000| PB 0x0000000082500000| Untracked 
|  14|0x0000000082600000, 0x0000000082600000, 0x0000000082700000|  0%| F|  |TAMS 0x0000000082600000| PB 0x0000000082600000| Untracked 
|  15|0x0000000082700000, 0x0000000082700000, 0x0000000082800000|  0%| F|  |TAMS 0x0000000082700000| PB 0x0000000082700000| Untracked 
|  16|0x0000000082800000, 0x0000000082800000, 0x0000000082900000|  0%| F|  |TAMS 0x0000000082800000| PB 0x0000000082800000| Untracked 
|  17|0x0000000082900000, 0x0000000082900000, 0x0000000082a00000|  0%| F|  |TAMS 0x0000000082900000| PB 0x0000000082900000| Untracked 
|  18|0x0000000082a00000, 0x0000000082a00000, 0x0000000082b00000|  0%| F|  |TAMS 0x0000000082a00000| PB 0x0000000082a00000| Untracked 
|  19|0x0000000082b00000, 0x0000000082b00000, 0x0000000082c00000|  0%| F|  |TAMS 0x0000000082b00000| PB 0x0000000082b00000| Untracked 
|  20|0x0000000082c00000, 0x0000000082c00000, 0x0000000082d00000|  0%| F|  |TAMS 0x0000000082c00000| PB 0x0000000082c00000| Untracked 
|  21|0x0000000082d00000, 0x0000000082d00000, 0x0000000082e00000|  0%| F|  |TAMS 0x0000000082d00000| PB 0x0000000082d00000| Untracked 
|  22|0x0000000082e00000, 0x0000000082e00000, 0x0000000082f00000|  0%| F|  |TAMS 0x0000000082e00000| PB 0x0000000082e00000| Untracked 
|  23|0x0000000082f00000, 0x0000000082f00000, 0x0000000083000000|  0%| F|  |TAMS 0x0000000082f00000| PB 0x0000000082f00000| Untracked 
|  24|0x0000000083000000, 0x0000000083000000, 0x0000000083100000|  0%| F|  |TAMS 0x0000000083000000| PB 0x0000000083000000| Untracked 
|  25|0x0000000083100000, 0x0000000083100000, 0x0000000083200000|  0%| F|  |TAMS 0x0000000083100000| PB 0x0000000083100000| Untracked 
|  26|0x0000000083200000, 0x0000000083200000, 0x0000000083300000|  0%| F|  |TAMS 0x0000000083200000| PB 0x0000000083200000| Untracked 
|  27|0x0000000083300000, 0x0000000083300000, 0x0000000083400000|  0%| F|  |TAMS 0x0000000083300000| PB 0x0000000083300000| Untracked 
|  28|0x0000000083400000, 0x0000000083400000, 0x0000000083500000|  0%| F|  |TAMS 0x0000000083400000| PB 0x0000000083400000| Untracked 
|  29|0x0000000083500000, 0x0000000083500000, 0x0000000083600000|  0%| F|  |TAMS 0x0000000083500000| PB 0x0000000083500000| Untracked 
|  30|0x0000000083600000, 0x0000000083600000, 0x0000000083700000|  0%| F|  |TAMS 0x0000000083600000| PB 0x0000000083600000| Untracked 
|  31|0x0000000083700000, 0x0000000083700000, 0x0000000083800000|  0%| F|  |TAMS 0x0000000083700000| PB 0x0000000083700000| Untracked 
|  32|0x0000000083800000, 0x0000000083800000, 0x0000000083900000|  0%| F|  |TAMS 0x0000000083800000| PB 0x0000000083800000| Untracked 
|  33|0x0000000083900000, 0x0000000083900000, 0x0000000083a00000|  0%| F|  |TAMS 0x0000000083900000| PB 0x0000000083900000| Untracked 
|  34|0x0000000083a00000, 0x0000000083a00000, 0x0000000083b00000|  0%| F|  |TAMS 0x0000000083a00000| PB 0x0000000083a00000| Untracked 
|  35|0x0000000083b00000, 0x0000000083b00000, 0x0000000083c00000|  0%| F|  |TAMS 0x0000000083b00000| PB 0x0000000083b00000| Untracked 
|  36|0x0000000083c00000, 0x0000000083c00000, 0x0000000083d00000|  0%| F|  |TAMS 0x0000000083c00000| PB 0x0000000083c00000| Untracked 
|  37|0x0000000083d00000, 0x0000000083d00000, 0x0000000083e00000|  0%| F|  |TAMS 0x0000000083d00000| PB 0x0000000083d00000| Untracked 
|  38|0x0000000083e00000, 0x0000000083e00000, 0x0000000083f00000|  0%| F|  |TAMS 0x0000000083e00000| PB 0x0000000083e00000| Untracked 
|  39|0x0000000083f00000, 0x0000000083f00000, 0x0000000084000000|  0%| F|  |TAMS 0x0000000083f00000| PB 0x0000000083f00000| Untracked 
|  40|0x0000000084000000, 0x0000000084000000, 0x0000000084100000|  0%| F|  |TAMS 0x0000000084000000| PB 0x0000000084000000| Untracked 
|  41|0x0000000084100000, 0x0000000084100000, 0x0000000084200000|  0%| F|  |TAMS 0x0000000084100000| PB 0x0000000084100000| Untracked 
|  42|0x0000000084200000, 0x0000000084200000, 0x0000000084300000|  0%| F|  |TAMS 0x0000000084200000| PB 0x0000000084200000| Untracked 
|  43|0x0000000084300000, 0x0000000084300000, 0x0000000084400000|  0%| F|  |TAMS 0x0000000084300000| PB 0x0000000084300000| Untracked 
|  44|0x0000000084400000, 0x0000000084400000, 0x0000000084500000|  0%| F|  |TAMS 0x0000000084400000| PB 0x0000000084400000| Untracked 
|  45|0x0000000084500000, 0x0000000084500000, 0x0000000084600000|  0%| F|  |TAMS 0x0000000084500000| PB 0x0000000084500000| Untracked 
|  46|0x0000000084600000, 0x0000000084600000, 0x0000000084700000|  0%| F|  |TAMS 0x0000000084600000| PB 0x0000000084600000| Untracked 
|  47|0x0000000084700000, 0x0000000084700000, 0x0000000084800000|  0%| F|  |TAMS 0x0000000084700000| PB 0x0000000084700000| Untracked 
|  48|0x0000000084800000, 0x0000000084800000, 0x0000000084900000|  0%| F|  |TAMS 0x0000000084800000| PB 0x0000000084800000| Untracked 
|  49|0x0000000084900000, 0x0000000084900000, 0x0000000084a00000|  0%| F|  |TAMS 0x0000000084900000| PB 0x0000000084900000| Untracked 
|  50|0x0000000084a00000, 0x0000000084a00000, 0x0000000084b00000|  0%| F|  |TAMS 0x0000000084a00000| PB 0x0000000084a00000| Untracked 
|  51|0x0000000084b00000, 0x0000000084b00000, 0x0000000084c00000|  0%| F|  |TAMS 0x0000000084b00000| PB 0x0000000084b00000| Untracked 
|  52|0x0000000084c00000, 0x0000000084c00000, 0x0000000084d00000|  0%| F|  |TAMS 0x0000000084c00000| PB 0x0000000084c00000| Untracked 
|  53|0x0000000084d00000, 0x0000000084d00000, 0x0000000084e00000|  0%| F|  |TAMS 0x0000000084d00000| PB 0x0000000084d00000| Untracked 
|  54|0x0000000084e00000, 0x0000000084e00000, 0x0000000084f00000|  0%| F|  |TAMS 0x0000000084e00000| PB 0x0000000084e00000| Untracked 
|  55|0x0000000084f00000, 0x0000000084f00000, 0x0000000085000000|  0%| F|  |TAMS 0x0000000084f00000| PB 0x0000000084f00000| Untracked 
|  56|0x0000000085000000, 0x0000000085000000, 0x0000000085100000|  0%| F|  |TAMS 0x0000000085000000| PB 0x0000000085000000| Untracked 
|  57|0x0000000085100000, 0x0000000085100000, 0x0000000085200000|  0%| F|  |TAMS 0x0000000085100000| PB 0x0000000085100000| Untracked 
|  58|0x0000000085200000, 0x0000000085200000, 0x0000000085300000|  0%| F|  |TAMS 0x0000000085200000| PB 0x0000000085200000| Untracked 
|  59|0x0000000085300000, 0x0000000085300000, 0x0000000085400000|  0%| F|  |TAMS 0x0000000085300000| PB 0x0000000085300000| Untracked 
|  60|0x0000000085400000, 0x0000000085400000, 0x0000000085500000|  0%| F|  |TAMS 0x0000000085400000| PB 0x0000000085400000| Untracked 
|  61|0x0000000085500000, 0x0000000085500000, 0x0000000085600000|  0%| F|  |TAMS 0x0000000085500000| PB 0x0000000085500000| Untracked 
|  62|0x0000000085600000, 0x0000000085600000, 0x0000000085700000|  0%| F|  |TAMS 0x0000000085600000| PB 0x0000000085600000| Untracked 
|  63|0x0000000085700000, 0x0000000085700000, 0x0000000085800000|  0%| F|  |TAMS 0x0000000085700000| PB 0x0000000085700000| Untracked 
|  64|0x0000000085800000, 0x0000000085800000, 0x0000000085900000|  0%| F|  |TAMS 0x0000000085800000| PB 0x0000000085800000| Untracked 
|  65|0x0000000085900000, 0x0000000085900000, 0x0000000085a00000|  0%| F|  |TAMS 0x0000000085900000| PB 0x0000000085900000| Untracked 
|  66|0x0000000085a00000, 0x0000000085a00000, 0x0000000085b00000|  0%| F|  |TAMS 0x0000000085a00000| PB 0x0000000085a00000| Untracked 
|  67|0x0000000085b00000, 0x0000000085b00000, 0x0000000085c00000|  0%| F|  |TAMS 0x0000000085b00000| PB 0x0000000085b00000| Untracked 
|  68|0x0000000085c00000, 0x0000000085c00000, 0x0000000085d00000|  0%| F|  |TAMS 0x0000000085c00000| PB 0x0000000085c00000| Untracked 
|  69|0x0000000085d00000, 0x0000000085d00000, 0x0000000085e00000|  0%| F|  |TAMS 0x0000000085d00000| PB 0x0000000085d00000| Untracked 
|  70|0x0000000085e00000, 0x0000000085e00000, 0x0000000085f00000|  0%| F|  |TAMS 0x0000000085e00000| PB 0x0000000085e00000| Untracked 
|  71|0x0000000085f00000, 0x0000000085f00000, 0x0000000086000000|  0%| F|  |TAMS 0x0000000085f00000| PB 0x0000000085f00000| Untracked 
|  72|0x0000000086000000, 0x0000000086000000, 0x0000000086100000|  0%| F|  |TAMS 0x0000000086000000| PB 0x0000000086000000| Untracked 
|  73|0x0000000086100000, 0x0000000086100000, 0x0000000086200000|  0%| F|  |TAMS 0x0000000086100000| PB 0x0000000086100000| Untracked 
|  74|0x0000000086200000, 0x0000000086200000, 0x0000000086300000|  0%| F|  |TAMS 0x0000000086200000| PB 0x0000000086200000| Untracked 
|  75|0x0000000086300000, 0x0000000086300000, 0x0000000086400000|  0%| F|  |TAMS 0x0000000086300000| PB 0x0000000086300000| Untracked 
|  76|0x0000000086400000, 0x0000000086400000, 0x0000000086500000|  0%| F|  |TAMS 0x0000000086400000| PB 0x0000000086400000| Untracked 
|  77|0x0000000086500000, 0x0000000086500000, 0x0000000086600000|  0%| F|  |TAMS 0x0000000086500000| PB 0x0000000086500000| Untracked 
|  78|0x0000000086600000, 0x0000000086600000, 0x0000000086700000|  0%| F|  |TAMS 0x0000000086600000| PB 0x0000000086600000| Untracked 
|  79|0x0000000086700000, 0x0000000086700000, 0x0000000086800000|  0%| F|  |TAMS 0x0000000086700000| PB 0x0000000086700000| Untracked 
|  80|0x0000000086800000, 0x0000000086800000, 0x0000000086900000|  0%| F|  |TAMS 0x0000000086800000| PB 0x0000000086800000| Untracked 
|  81|0x0000000086900000, 0x0000000086900000, 0x0000000086a00000|  0%| F|  |TAMS 0x0000000086900000| PB 0x0000000086900000| Untracked 
|  82|0x0000000086a00000, 0x0000000086a00000, 0x0000000086b00000|  0%| F|  |TAMS 0x0000000086a00000| PB 0x0000000086a00000| Untracked 
|  83|0x0000000086b00000, 0x0000000086b00000, 0x0000000086c00000|  0%| F|  |TAMS 0x0000000086b00000| PB 0x0000000086b00000| Untracked 
|  84|0x0000000086c00000, 0x0000000086c00000, 0x0000000086d00000|  0%| F|  |TAMS 0x0000000086c00000| PB 0x0000000086c00000| Untracked 
|  85|0x0000000086d00000, 0x0000000086d00000, 0x0000000086e00000|  0%| F|  |TAMS 0x0000000086d00000| PB 0x0000000086d00000| Untracked 
|  86|0x0000000086e00000, 0x0000000086e00000, 0x0000000086f00000|  0%| F|  |TAMS 0x0000000086e00000| PB 0x0000000086e00000| Untracked 
|  87|0x0000000086f00000, 0x0000000086f00000, 0x0000000087000000|  0%| F|  |TAMS 0x0000000086f00000| PB 0x0000000086f00000| Untracked 
|  88|0x0000000087000000, 0x0000000087000000, 0x0000000087100000|  0%| F|  |TAMS 0x0000000087000000| PB 0x0000000087000000| Untracked 
|  89|0x0000000087100000, 0x0000000087100000, 0x0000000087200000|  0%| F|  |TAMS 0x0000000087100000| PB 0x0000000087100000| Untracked 
|  90|0x0000000087200000, 0x0000000087200000, 0x0000000087300000|  0%| F|  |TAMS 0x0000000087200000| PB 0x0000000087200000| Untracked 
|  91|0x0000000087300000, 0x0000000087300000, 0x0000000087400000|  0%| F|  |TAMS 0x0000000087300000| PB 0x0000000087300000| Untracked 
|  92|0x0000000087400000, 0x0000000087400000, 0x0000000087500000|  0%| F|  |TAMS 0x0000000087400000| PB 0x0000000087400000| Untracked 
|  93|0x0000000087500000, 0x0000000087500000, 0x0000000087600000|  0%| F|  |TAMS 0x0000000087500000| PB 0x0000000087500000| Untracked 
|  94|0x0000000087600000, 0x0000000087600000, 0x0000000087700000|  0%| F|  |TAMS 0x0000000087600000| PB 0x0000000087600000| Untracked 
|  95|0x0000000087700000, 0x0000000087700000, 0x0000000087800000|  0%| F|  |TAMS 0x0000000087700000| PB 0x0000000087700000| Untracked 
|  96|0x0000000087800000, 0x0000000087800000, 0x0000000087900000|  0%| F|  |TAMS 0x0000000087800000| PB 0x0000000087800000| Untracked 
|  97|0x0000000087900000, 0x0000000087900000, 0x0000000087a00000|  0%| F|  |TAMS 0x0000000087900000| PB 0x0000000087900000| Untracked 
|  98|0x0000000087a00000, 0x0000000087a00000, 0x0000000087b00000|  0%| F|  |TAMS 0x0000000087a00000| PB 0x0000000087a00000| Untracked 
|  99|0x0000000087b00000, 0x0000000087b00000, 0x0000000087c00000|  0%| F|  |TAMS 0x0000000087b00000| PB 0x0000000087b00000| Untracked 
| 100|0x0000000087c00000, 0x0000000087c00000, 0x0000000087d00000|  0%| F|  |TAMS 0x0000000087c00000| PB 0x0000000087c00000| Untracked 
| 101|0x0000000087d00000, 0x0000000087d00000, 0x0000000087e00000|  0%| F|  |TAMS 0x0000000087d00000| PB 0x0000000087d00000| Untracked 
| 102|0x0000000087e00000, 0x0000000087e00000, 0x0000000087f00000|  0%| F|  |TAMS 0x0000000087e00000| PB 0x0000000087e00000| Untracked 
| 103|0x0000000087f00000, 0x0000000087f00000, 0x0000000088000000|  0%| F|  |TAMS 0x0000000087f00000| PB 0x0000000087f00000| Untracked 
| 104|0x0000000088000000, 0x0000000088000000, 0x0000000088100000|  0%| F|  |TAMS 0x0000000088000000| PB 0x0000000088000000| Untracked 
| 105|0x0000000088100000, 0x0000000088100000, 0x0000000088200000|  0%| F|  |TAMS 0x0000000088100000| PB 0x0000000088100000| Untracked 
| 106|0x0000000088200000, 0x0000000088200000, 0x0000000088300000|  0%| F|  |TAMS 0x0000000088200000| PB 0x0000000088200000| Untracked 
| 107|0x0000000088300000, 0x0000000088300000, 0x0000000088400000|  0%| F|  |TAMS 0x0000000088300000| PB 0x0000000088300000| Untracked 
| 108|0x0000000088400000, 0x0000000088400000, 0x0000000088500000|  0%| F|  |TAMS 0x0000000088400000| PB 0x0000000088400000| Untracked 
| 109|0x0000000088500000, 0x0000000088500000, 0x0000000088600000|  0%| F|  |TAMS 0x0000000088500000| PB 0x0000000088500000| Untracked 
| 110|0x0000000088600000, 0x0000000088600000, 0x0000000088700000|  0%| F|  |TAMS 0x0000000088600000| PB 0x0000000088600000| Untracked 
| 111|0x0000000088700000, 0x0000000088700000, 0x0000000088800000|  0%| F|  |TAMS 0x0000000088700000| PB 0x0000000088700000| Untracked 
| 112|0x0000000088800000, 0x0000000088800000, 0x0000000088900000|  0%| F|  |TAMS 0x0000000088800000| PB 0x0000000088800000| Untracked 
| 113|0x0000000088900000, 0x0000000088a00000, 0x0000000088a00000|100%| S|CS|TAMS 0x0000000088900000| PB 0x0000000088900000| Complete 
| 114|0x0000000088a00000, 0x0000000088b00000, 0x0000000088b00000|100%| S|CS|TAMS 0x0000000088a00000| PB 0x0000000088a00000| Complete 
| 115|0x0000000088b00000, 0x0000000088b00000, 0x0000000088c00000|  0%| F|  |TAMS 0x0000000088b00000| PB 0x0000000088b00000| Untracked 
| 116|0x0000000088c00000, 0x0000000088c00000, 0x0000000088d00000|  0%| F|  |TAMS 0x0000000088c00000| PB 0x0000000088c00000| Untracked 
| 117|0x0000000088d00000, 0x0000000088d00000, 0x0000000088e00000|  0%| F|  |TAMS 0x0000000088d00000| PB 0x0000000088d00000| Untracked 
| 118|0x0000000088e00000, 0x0000000088e00000, 0x0000000088f00000|  0%| F|  |TAMS 0x0000000088e00000| PB 0x0000000088e00000| Untracked 
| 119|0x0000000088f00000, 0x0000000088f36848, 0x0000000089000000| 21%| E|  |TAMS 0x0000000088f00000| PB 0x0000000088f00000| Complete 
| 120|0x0000000089000000, 0x0000000089100000, 0x0000000089100000|100%| E|CS|TAMS 0x0000000089000000| PB 0x0000000089000000| Complete 
| 121|0x0000000089100000, 0x0000000089200000, 0x0000000089200000|100%| E|CS|TAMS 0x0000000089100000| PB 0x0000000089100000| Complete 
| 122|0x0000000089200000, 0x0000000089300000, 0x0000000089300000|100%| E|CS|TAMS 0x0000000089200000| PB 0x0000000089200000| Complete 
| 123|0x0000000089300000, 0x0000000089400000, 0x0000000089400000|100%| E|CS|TAMS 0x0000000089300000| PB 0x0000000089300000| Complete 
| 124|0x0000000089400000, 0x0000000089500000, 0x0000000089500000|100%| E|CS|TAMS 0x0000000089400000| PB 0x0000000089400000| Complete 
| 125|0x0000000089500000, 0x0000000089600000, 0x0000000089600000|100%| E|CS|TAMS 0x0000000089500000| PB 0x0000000089500000| Complete 
| 126|0x0000000089600000, 0x0000000089700000, 0x0000000089700000|100%| E|CS|TAMS 0x0000000089600000| PB 0x0000000089600000| Complete 
| 127|0x0000000089700000, 0x0000000089800000, 0x0000000089800000|100%| E|CS|TAMS 0x0000000089700000| PB 0x0000000089700000| Complete 

Card table byte_map: [0x0000005042cd0000,0x00000050430d0000] _byte_map_base: 0x00000050428c4000

Marking Bits: (CMBitMap*) 0x000000502b4920d0
 Bits: [0x00000050430d0000, 0x0000005045070000)

Polling page: 0x0000005028fa0000

Metaspace:

Usage:
  Non-class:      5.01 MB used.
      Class:    660.76 KB used.
       Both:      5.65 MB used.

Virtual space:
  Non-class space:       64.00 MB reserved,       5.13 MB (  8%) committed,  1 nodes.
      Class space:        1.00 GB reserved,     768.00 KB ( <1%) committed,  1 nodes.
             Both:        1.06 GB reserved,       5.88 MB ( <1%) committed. 

Chunk freelists:
   Non-Class:  9.16 MB
       Class:  15.28 MB
        Both:  24.44 MB

MaxMetaspaceSize: unlimited
CompressedClassSpaceSize: 1.00 GB
Initial GC threshold: 21.00 MB
Current GC threshold: 21.00 MB
CDS: on
 - commit_granule_bytes: 65536.
 - commit_granule_words: 8192.
 - virtual_space_node_default_size: 8388608.
 - enlarge_chunks_in_place: 1.
 - use_allocation_guard: 0.


Internal statistics:

num_allocs_failed_limit: 0.
num_arena_births: 54.
num_arena_deaths: 0.
num_vsnodes_births: 2.
num_vsnodes_deaths: 0.
num_space_committed: 94.
num_space_uncommitted: 0.
num_chunks_returned_to_freelist: 0.
num_chunks_taken_from_freelist: 215.
num_chunk_merges: 0.
num_chunk_splits: 137.
num_chunks_enlarged: 114.
num_inconsistent_stats: 0.

CodeHeap 'non-profiled nmethods': size=120000Kb used=326Kb max_used=326Kb free=119673Kb
 bounds [0x000000503b3a0000, 0x000000503b610000, 0x00000050428d0000]
CodeHeap 'profiled nmethods': size=120000Kb used=2282Kb max_used=2282Kb free=117717Kb
 bounds [0x00000050338d0000, 0x0000005033b40000, 0x000000503ae00000]
CodeHeap 'non-nmethods': size=5760Kb used=1352Kb max_used=1370Kb free=4407Kb
 bounds [0x000000503ae00000, 0x000000503b070000, 0x000000503b3a0000]
 total_blobs=1597 nmethods=1138 adapters=364
 compilation: enabled
              stopped_count=0, restarted_count=0
 full_count=0

Compilation events (20 events):
Event: 2.205 Thread 0x0000005047836400 nmethod 1137 0x0000005033afc510 code [0x0000005033afc7a0, 0x0000005033afd100]
Event: 2.205 Thread 0x0000005047836400 1138       3       java.lang.StringLatin1::trim (76 bytes)
Event: 2.205 Thread 0x0000005047836400 nmethod 1138 0x0000005033afd490 code [0x0000005033afd660, 0x0000005033afda38]
Event: 2.206 Thread 0x0000005047836400 1139       3       org.codehaus.plexus.util.xml.pull.MXParser::newString (11 bytes)
Event: 2.206 Thread 0x0000005047836400 nmethod 1139 0x0000005033afdb90 code [0x0000005033afdd40, 0x0000005033afdee8]
Event: 2.207 Thread 0x0000005047836400 1140       3       org.codehaus.plexus.util.xml.pull.MXParser::ensureElementsCapacity (265 bytes)
Event: 2.208 Thread 0x0000005047836400 nmethod 1140 0x0000005033afe010 code [0x0000005033afe280, 0x0000005033aff2f8]
Event: 2.229 Thread 0x0000005047836400 1141       3       org.eclipse.sisu.plexus.PlexusXmlScanner::TEXT (10 bytes)
Event: 2.229 Thread 0x0000005047836400 nmethod 1141 0x0000005033aff610 code [0x0000005033aff800, 0x0000005033affba0]
Event: 2.229 Thread 0x0000005047836400 1142       3       org.codehaus.plexus.util.xml.pull.MXParser::nextText (103 bytes)
Event: 2.230 Thread 0x0000005047836400 nmethod 1142 0x0000005033affd10 code [0x0000005033afffe0, 0x0000005033b00b78]
Event: 2.236 Thread 0x0000005047836400 1143       1       sun.nio.fs.NativeBuffer::setOwner (6 bytes)
Event: 2.236 Thread 0x0000005047836400 nmethod 1143 0x000000503b3f0e90 code [0x000000503b3f1020, 0x000000503b3f1130]
Event: 2.236 Thread 0x0000005047836400 1144       1       sun.nio.fs.NativeBuffer::size (5 bytes)
Event: 2.236 Thread 0x0000005047836400 nmethod 1144 0x000000503b3f1190 code [0x000000503b3f1320, 0x000000503b3f13e8]
Event: 2.236 Thread 0x0000005047836400 1145   !   3       java.lang.String::<init> (893 bytes)
Event: 2.240 Thread 0x000000508e1ff2e0 1131       4       org.codehaus.plexus.util.xml.pull.MXParser::more (106 bytes)
Event: 2.243 Thread 0x0000005047836400 nmethod 1145 0x0000005033b01010 code [0x0000005033b018c0, 0x0000005033b06f20]
Event: 2.243 Thread 0x000000508e1ff2e0 nmethod 1131 0x000000503b3f1490 code [0x000000503b3f1620, 0x000000503b3f1780]
Event: 2.243 Thread 0x000000508e1ff2e0 1119       4       sun.nio.cs.StreamDecoder::lockedRead (189 bytes)

GC Heap History (2 events):
Event: 1.745 GC heap before
{Heap before GC invocations=0 (full 0):
 garbage-first heap   total 131072K, used 12288K [0x0000000081800000, 0x0000000100000000)
  region size 1024K, 13 young (13312K), 0 survivors (0K)
 Metaspace       used 4026K, committed 4224K, reserved 1114112K
  class space    used 406K, committed 512K, reserved 1048576K
}
Event: 1.780 GC heap after
{Heap after GC invocations=1 (full 0):
 garbage-first heap   total 131072K, used 3327K [0x0000000081800000, 0x0000000100000000)
  region size 1024K, 2 young (2048K), 2 survivors (2048K)
 Metaspace       used 4026K, committed 4224K, reserved 1114112K
  class space    used 406K, committed 512K, reserved 1048576K
}

Dll operation events (8 events):
Event: 0.013 Loaded shared library C:\Program Files\Java\jdk-21\bin\java.dll
Event: 0.095 Loaded shared library C:\Program Files\Java\jdk-21\bin\jsvml.dll
Event: 0.189 Loaded shared library C:\Program Files\Java\jdk-21\bin\net.dll
Event: 0.192 Loaded shared library C:\Program Files\Java\jdk-21\bin\nio.dll
Event: 0.197 Loaded shared library C:\Program Files\Java\jdk-21\bin\zip.dll
Event: 0.528 Loaded shared library C:\Program Files\Java\jdk-21\bin\jimage.dll
Event: 0.587 Loaded shared library C:\Program Files\NetBeans-21\netbeans\java\maven\lib\jansi-native\Windows\x86_64\jansi.dll
Event: 0.614 Loaded shared library C:\Program Files\Java\jdk-21\bin\verify.dll

Deoptimization events (20 events):
Event: 2.043 Thread 0x000000502b440d50 DEOPT PACKING pc=0x000000503b3e7bcc sp=0x000000502ac1c810
Event: 2.043 Thread 0x000000502b440d50 DEOPT UNPACKING pc=0x000000503ae546a2 sp=0x000000502ac1c7a0 mode 2
Event: 2.043 Thread 0x000000502b440d50 Uncommon trap: trap_request=0xffffffde fr.pc=0x000000503b3e7bcc relative=0x000000000000012c
Event: 2.043 Thread 0x000000502b440d50 Uncommon trap: reason=class_check action=maybe_recompile pc=0x000000503b3e7bcc method=jdk.internal.misc.Unsafe.allocateUninitializedArray(Ljava/lang/Class;I)Ljava/lang/Object; @ 51 c2
Event: 2.043 Thread 0x000000502b440d50 DEOPT PACKING pc=0x000000503b3e7bcc sp=0x000000502ac1c810
Event: 2.043 Thread 0x000000502b440d50 DEOPT UNPACKING pc=0x000000503ae546a2 sp=0x000000502ac1c7a0 mode 2
Event: 2.122 Thread 0x000000502b440d50 Uncommon trap: trap_request=0xffffff6e fr.pc=0x000000503b3d9be0 relative=0x0000000000000420
Event: 2.122 Thread 0x000000502b440d50 Uncommon trap: reason=loop_limit_check action=maybe_recompile pc=0x000000503b3d9be0 method=java.lang.StringLatin1.indexOf([BI[BII)I @ 37 c2
Event: 2.122 Thread 0x000000502b440d50 DEOPT PACKING pc=0x000000503b3d9be0 sp=0x000000502ac1d750
Event: 2.122 Thread 0x000000502b440d50 DEOPT UNPACKING pc=0x000000503ae546a2 sp=0x000000502ac1d6b0 mode 2
Event: 2.128 Thread 0x000000502b440d50 Uncommon trap: trap_request=0xffffff76 fr.pc=0x000000503b3cde8c relative=0x000000000000032c
Event: 2.128 Thread 0x000000502b440d50 Uncommon trap: reason=predicate action=maybe_recompile pc=0x000000503b3cde8c method=java.util.regex.Pattern$BmpCharPropertyGreedy.match(Ljava/util/regex/Matcher;ILjava/lang/CharSequence;)Z @ 12 c2
Event: 2.128 Thread 0x000000502b440d50 DEOPT PACKING pc=0x000000503b3cde8c sp=0x000000502ac1db50
Event: 2.128 Thread 0x000000502b440d50 DEOPT UNPACKING pc=0x000000503ae546a2 sp=0x000000502ac1db08 mode 2
Event: 2.129 Thread 0x000000502b440d50 Uncommon trap: trap_request=0xffffff45 fr.pc=0x000000503b3c7960 relative=0x00000000000000c0
Event: 2.129 Thread 0x000000502b440d50 Uncommon trap: reason=unstable_if action=reinterpret pc=0x000000503b3c7960 method=org.codehaus.plexus.util.xml.pull.MXParser.more()C @ 8 c2
Event: 2.129 Thread 0x000000502b440d50 DEOPT PACKING pc=0x000000503b3c7960 sp=0x000000502ac1df20
Event: 2.129 Thread 0x000000502b440d50 DEOPT UNPACKING pc=0x000000503ae546a2 sp=0x000000502ac1deb0 mode 2
Event: 2.236 Thread 0x000000502b440d50 DEOPT PACKING pc=0x00000050339316f0 sp=0x000000502ac1db70
Event: 2.236 Thread 0x000000502b440d50 DEOPT UNPACKING pc=0x000000503ae54e42 sp=0x000000502ac1d148 mode 0

Classes loaded (20 events):
Event: 2.058 Loading class java/security/PrivilegedActionException
Event: 2.058 Loading class java/security/PrivilegedActionException done
Event: 2.058 Loading class sun/misc/Unsafe
Event: 2.058 Loading class sun/misc/Unsafe done
Event: 2.060 Loading class java/lang/invoke/DirectMethodHandle$StaticAccessor
Event: 2.060 Loading class java/lang/invoke/DirectMethodHandle$StaticAccessor done
Event: 2.071 Loading class java/lang/reflect/ParameterizedType
Event: 2.071 Loading class java/lang/reflect/ParameterizedType done
Event: 2.077 Loading class java/lang/reflect/WildcardType
Event: 2.078 Loading class java/lang/reflect/WildcardType done
Event: 2.083 Loading class sun/reflect/generics/tree/TypeVariableSignature
Event: 2.083 Loading class sun/reflect/generics/tree/TypeVariableSignature done
Event: 2.112 Loading class java/lang/annotation/IncompleteAnnotationException
Event: 2.112 Loading class java/lang/annotation/IncompleteAnnotationException done
Event: 2.122 Loading class jdk/internal/foreign/MemorySessionImpl
Event: 2.122 Loading class java/lang/foreign/MemorySegment$Scope
Event: 2.122 Loading class java/lang/foreign/MemorySegment$Scope done
Event: 2.122 Loading class jdk/internal/foreign/MemorySessionImpl done
Event: 2.254 Loading class java/lang/foreign/MemorySegment
Event: 2.254 Loading class java/lang/foreign/MemorySegment done

Classes unloaded (0 events):
No events

Classes redefined (0 events):
No events

Internal exceptions (20 events):
Event: 0.597 Thread 0x000000502b440d50 Exception <a 'java/lang/NullPointerException'{0x00000000893f9a88}> (0x00000000893f9a88) 
thrown [s\open\src\hotspot\share\interpreter\linkResolver.cpp, line 1372]
Event: 0.597 Thread 0x000000502b440d50 Exception <a 'java/lang/NullPointerException'{0x00000000893f9d68}> (0x00000000893f9d68) 
thrown [s\open\src\hotspot\share\interpreter\linkResolver.cpp, line 1372]
Event: 0.597 Thread 0x000000502b440d50 Exception <a 'java/lang/NullPointerException'{0x00000000893fa048}> (0x00000000893fa048) 
thrown [s\open\src\hotspot\share\interpreter\linkResolver.cpp, line 1372]
Event: 0.597 Thread 0x000000502b440d50 Exception <a 'java/lang/NullPointerException'{0x00000000893fa328}> (0x00000000893fa328) 
thrown [s\open\src\hotspot\share\interpreter\linkResolver.cpp, line 1372]
Event: 0.611 Thread 0x000000502b440d50 Exception <a 'sun/nio/fs/WindowsException'{0x0000000089223590}> (0x0000000089223590) 
thrown [s\open\src\hotspot\share\prims\jni.cpp, line 520]
Event: 0.611 Thread 0x000000502b440d50 Exception <a 'sun/nio/fs/WindowsException'{0x0000000089223c98}> (0x0000000089223c98) 
thrown [s\open\src\hotspot\share\prims\jni.cpp, line 520]
Event: 0.612 Thread 0x000000502b440d50 Exception <a 'sun/nio/fs/WindowsException'{0x0000000089224220}> (0x0000000089224220) 
thrown [s\open\src\hotspot\share\prims\jni.cpp, line 520]
Event: 0.612 Thread 0x000000502b440d50 Exception <a 'sun/nio/fs/WindowsException'{0x0000000089224780}> (0x0000000089224780) 
thrown [s\open\src\hotspot\share\prims\jni.cpp, line 520]
Event: 0.612 Thread 0x000000502b440d50 Exception <a 'sun/nio/fs/WindowsException'{0x0000000089224c88}> (0x0000000089224c88) 
thrown [s\open\src\hotspot\share\prims\jni.cpp, line 520]
Event: 0.612 Thread 0x000000502b440d50 Exception <a 'sun/nio/fs/WindowsException'{0x0000000089225148}> (0x0000000089225148) 
thrown [s\open\src\hotspot\share\prims\jni.cpp, line 520]
Event: 0.654 Thread 0x000000502b440d50 Exception <a 'java/lang/NoSuchMethodError'{0x0000000089296a90}: 'void java.lang.invoke.DirectMethodHandle$Holder.invokeStatic(java.lang.Object, java.lang.Object, java.lang.Object)'> (0x0000000089296a90) 
thrown [s\open\src\hotspot\share\interpreter\linkResolver.cpp, line 773]
Event: 0.922 Thread 0x000000502b440d50 Exception <a 'java/lang/NoSuchMethodError'{0x0000000089046c98}: 'java.lang.Object java.lang.invoke.DirectMethodHandle$Holder.invokeSpecialIFC(java.lang.Object, java.lang.Object, java.lang.Object, java.lang.Object)'> (0x0000000089046c98) 
thrown [s\open\src\hotspot\share\interpreter\linkResolver.cpp, line 773]
Event: 1.730 Thread 0x000000502b440d50 Exception <a 'java/lang/NoSuchMethodError'{0x0000000088baed30}: 'void java.lang.invoke.DirectMethodHandle$Holder.invokeSpecial(java.lang.Object, java.lang.Object, java.lang.Object)'> (0x0000000088baed30) 
thrown [s\open\src\hotspot\share\interpreter\linkResolver.cpp, line 773]
Event: 1.821 Thread 0x000000502b440d50 Exception <a 'java/lang/NoSuchMethodError'{0x00000000896291c8}: 'java.lang.Object java.lang.invoke.DirectMethodHandle$Holder.invokeInterface(java.lang.Object, java.lang.Object)'> (0x00000000896291c8) 
thrown [s\open\src\hotspot\share\interpreter\linkResolver.cpp, line 773]
Event: 1.900 Thread 0x000000502b440d50 Exception <a 'java/lang/NoSuchMethodError'{0x00000000896bbeb0}: 'int java.lang.invoke.DirectMethodHandle$Holder.invokeStatic(java.lang.Object, java.lang.Object, java.lang.Object, java.lang.Object)'> (0x00000000896bbeb0) 
thrown [s\open\src\hotspot\share\interpreter\linkResolver.cpp, line 773]
Event: 1.900 Thread 0x000000502b440d50 Exception <a 'java/lang/NoSuchMethodError'{0x00000000896bf530}: 'java.lang.Object java.lang.invoke.Invokers$Holder.invokeExact_MT(java.lang.Object, java.lang.Object, java.lang.Object, java.lang.Object, java.lang.Object, java.lang.Object)'> (0x00000000896bf530) 
thrown [s\open\src\hotspot\share\interpreter\linkResolver.cpp, line 773]
Event: 1.905 Thread 0x000000502b440d50 Exception <a 'java/lang/NoSuchMethodError'{0x00000000896cdc20}: 'int java.lang.invoke.DirectMethodHandle$Holder.invokeSpecialIFC(java.lang.Object, java.lang.Object, java.lang.Object, java.lang.Object, java.lang.Object)'> (0x00000000896cdc20) 
thrown [s\open\src\hotspot\share\interpreter\linkResolver.cpp, line 773]
Event: 2.038 Thread 0x000000502b440d50 Exception <a 'java/lang/NoSuchMethodError'{0x00000000894451e0}: 'java.lang.Object java.lang.invoke.DirectMethodHandle$Holder.newInvokeSpecial(java.lang.Object, java.lang.Object, java.lang.Object, java.lang.Object, java.lang.Object)'> (0x00000000894451e0) 
thrown [s\open\src\hotspot\share\interpreter\linkResolver.cpp, line 773]
Event: 2.100 Thread 0x000000502b440d50 Exception <a 'java/lang/NoSuchMethodError'{0x000000008933b188}: 'int java.lang.invoke.DirectMethodHandle$Holder.invokeStaticInit(java.lang.Object, java.lang.Object)'> (0x000000008933b188) 
thrown [s\open\src\hotspot\share\interpreter\linkResolver.cpp, line 773]
Event: 2.113 Thread 0x000000502b440d50 Exception <a 'java/lang/NoClassDefFoundError'{0x000000008936c468}: javax/enterprise/inject/Typed> (0x000000008936c468) 
thrown [s\open\src\hotspot\share\classfile\systemDictionary.cpp, line 301]

ZGC Phase Switch (0 events):
No events

VM Operations (10 events):
Event: 0.199 Executing VM operation: HandshakeAllThreads (Deoptimize)
Event: 0.199 Executing VM operation: HandshakeAllThreads (Deoptimize) done
Event: 0.507 Executing VM operation: HandshakeAllThreads (Deoptimize)
Event: 0.507 Executing VM operation: HandshakeAllThreads (Deoptimize) done
Event: 0.570 Executing VM operation: HandshakeAllThreads (Deoptimize)
Event: 0.570 Executing VM operation: HandshakeAllThreads (Deoptimize) done
Event: 1.566 Executing VM operation: Cleanup
Event: 1.566 Executing VM operation: Cleanup done
Event: 1.745 Executing VM operation: G1CollectForAllocation (G1 Evacuation Pause)
Event: 1.780 Executing VM operation: G1CollectForAllocation (G1 Evacuation Pause) done

Events (12 events):
Event: 0.051 Thread 0x000000502b440d50 Thread added: 0x000000502b440d50
Event: 0.083 Thread 0x000000504782c2d0 Thread added: 0x000000504782c2d0
Event: 0.083 Thread 0x000000504782cff0 Thread added: 0x000000504782cff0
Event: 0.083 Thread 0x000000504782edc0 Thread added: 0x000000504782edc0
Event: 0.083 Thread 0x000000504782fa20 Thread added: 0x000000504782fa20
Event: 0.084 Thread 0x0000005047832590 Thread added: 0x0000005047832590
Event: 0.084 Thread 0x0000005047832ff0 Thread added: 0x0000005047832ff0
Event: 0.084 Thread 0x0000005047833d80 Thread added: 0x0000005047833d80
Event: 0.085 Thread 0x0000005047836400 Thread added: 0x0000005047836400
Event: 0.178 Thread 0x000000508d5d4720 Thread added: 0x000000508d5d4720
Event: 0.183 Thread 0x000000508d5de3b0 Thread added: 0x000000508d5de3b0
Event: 2.164 Thread 0x000000508e1ff2e0 Thread added: 0x000000508e1ff2e0


Dynamic libraries:
0x00007ff7c2620000 - 0x00007ff7c2630000 	C:\Program Files\Java\jdk-21\bin\java.exe
0x00007ffcd0600000 - 0x00007ffcd07c2000 	C:\Windows\SYSTEM32\ntdll.dll
0x00007ffccdde0000 - 0x00007ffccde8d000 	C:\Windows\system32\KERNEL32.DLL
0x00007ffccd0a0000 - 0x00007ffccd27d000 	C:\Windows\system32\KERNELBASE.dll
0x00007ffcc8b20000 - 0x00007ffcc8b39000 	C:\Program Files\Java\jdk-21\bin\jli.dll
0x00007ffccec90000 - 0x00007ffcced36000 	C:\Windows\system32\ADVAPI32.dll
0x00007ffcce400000 - 0x00007ffcce49d000 	C:\Windows\system32\msvcrt.dll
0x00007ffcce630000 - 0x00007ffcce68b000 	C:\Windows\system32\sechost.dll
0x00007ffcce7e0000 - 0x00007ffcce906000 	C:\Windows\system32\RPCRT4.dll
0x00007ffccee00000 - 0x00007ffccef4e000 	C:\Windows\system32\USER32.dll
0x00007ffcce4a0000 - 0x00007ffcce625000 	C:\Windows\system32\GDI32.dll
0x00007ffcc6150000 - 0x00007ffcc616b000 	C:\Program Files\Java\jdk-21\bin\VCRUNTIME140.dll
0x00007ffcc8e20000 - 0x00007ffcc8f12000 	C:\Windows\SYSTEM32\ucrtbase.dll
0x00007ffcc0390000 - 0x00007ffcc0604000 	C:\Windows\WinSxS\amd64_microsoft.windows.common-controls_6595b64144ccf1df_6.0.10240.16384_none_f41f7b285750ef43\COMCTL32.dll
0x00007ffcc5590000 - 0x00007ffcc559a000 	C:\Windows\SYSTEM32\VERSION.dll
0x00007ffcce3c0000 - 0x00007ffcce3f6000 	C:\Windows\system32\IMM32.DLL
0x00007ffccde90000 - 0x00007ffccdfec000 	C:\Windows\system32\MSCTF.dll
0x00007ffccb790000 - 0x00007ffccb79c000 	C:\Program Files\Java\jdk-21\bin\vcruntime140_1.dll
0x00007ffcc02b0000 - 0x00007ffcc033e000 	C:\Program Files\Java\jdk-21\bin\msvcp140.dll
0x00007ffcafdc0000 - 0x00007ffcb0acd000 	C:\Program Files\Java\jdk-21\bin\server\jvm.dll
0x00007ffccd050000 - 0x00007ffccd09a000 	C:\Windows\system32\POWRPROF.dll
0x00007ffccdff0000 - 0x00007ffcce059000 	C:\Windows\system32\WS2_32.dll
0x00007ffcd0500000 - 0x00007ffcd0508000 	C:\Windows\system32\NSI.dll
0x00007ffcbf080000 - 0x00007ffcbf0a3000 	C:\Windows\SYSTEM32\WINMM.dll
0x00007ffcbf050000 - 0x00007ffcbf07c000 	C:\Windows\SYSTEM32\WINMMBASE.dll
0x00007ffccd910000 - 0x00007ffccd954000 	C:\Windows\system32\cfgmgr32.dll
0x00007ffccb970000 - 0x00007ffccb997000 	C:\Windows\SYSTEM32\DEVOBJ.dll
0x00007ffccd040000 - 0x00007ffccd04f000 	C:\Windows\system32\kernel.appcore.dll
0x00007ffcc8c10000 - 0x00007ffcc8c1a000 	C:\Program Files\Java\jdk-21\bin\jimage.dll
0x00007ffca6790000 - 0x00007ffca691a000 	C:\Windows\SYSTEM32\DBGHELP.DLL
0x00007ffcc60c0000 - 0x00007ffcc60e5000 	C:\Windows\SYSTEM32\dbgcore.DLL
0x00007ffcc60f0000 - 0x00007ffcc610f000 	C:\Program Files\Java\jdk-21\bin\java.dll
0x00007ffccefc0000 - 0x00007ffcd04e5000 	C:\Windows\system32\SHELL32.dll
0x00007ffccd2e0000 - 0x00007ffccd908000 	C:\Windows\system32\windows.storage.dll
0x00007ffcce120000 - 0x00007ffcce39c000 	C:\Windows\system32\combase.dll
0x00007ffcce060000 - 0x00007ffcce0b1000 	C:\Windows\system32\shlwapi.dll
0x00007ffccda10000 - 0x00007ffccdac3000 	C:\Windows\system32\shcore.dll
0x00007ffccd020000 - 0x00007ffccd033000 	C:\Windows\system32\profapi.dll
0x00007ffcb9e20000 - 0x00007ffcb9ef7000 	C:\Program Files\Java\jdk-21\bin\jsvml.dll
0x00007ffcc8a90000 - 0x00007ffcc8aa0000 	C:\Program Files\Java\jdk-21\bin\net.dll
0x00007ffcc9b20000 - 0x00007ffcc9bf6000 	C:\Windows\SYSTEM32\WINHTTP.dll
0x00007ffccc870000 - 0x00007ffccc8cd000 	C:\Windows\system32\mswsock.dll
0x00007ffcc60a0000 - 0x00007ffcc60b6000 	C:\Program Files\Java\jdk-21\bin\nio.dll
0x00007ffcc6080000 - 0x00007ffcc6098000 	C:\Program Files\Java\jdk-21\bin\zip.dll
0x0000000069ac0000 - 0x0000000069ae4000 	C:\Program Files\NetBeans-21\netbeans\java\maven\lib\jansi-native\Windows\x86_64\jansi.dll
0x00007ffcc8240000 - 0x00007ffcc8250000 	C:\Program Files\Java\jdk-21\bin\verify.dll

dbghelp: loaded successfully - version: 4.0.5 - missing functions: none
symbol engine: initialized successfully - sym options: 0x614 - pdb path: .;C:\Program Files\Java\jdk-21\bin;C:\Windows\SYSTEM32;C:\Windows\WinSxS\amd64_microsoft.windows.common-controls_6595b64144ccf1df_6.0.10240.16384_none_f41f7b285750ef43;C:\Program Files\Java\jdk-21\bin\server;C:\Program Files\NetBeans-21\netbeans\java\maven\lib\jansi-native\Windows\x86_64

VM Arguments:
jvm_args: -Dclassworlds.conf=C:\Program Files\NetBeans-21\netbeans\java\maven\bin\m2.conf -Dmaven.home=C:\Program Files\NetBeans-21\netbeans\java\maven -Dlibrary.jansi.path=C:\Program Files\NetBeans-21\netbeans\java\maven\lib\jansi-native -Dmaven.multiModuleProjectDirectory=C:\Users\Student\Documents\sumaiya\Arrayproblem 
java_command: org.codehaus.plexus.classworlds.launcher.Launcher -Dexec.vmArgs= -Dexec.args=${exec.vmArgs} -classpath %classpath ${exec.mainClass} ${exec.appArgs} -Dexec.appArgs= -Dexec.mainClass=arrayproblem.Arrayproblem -Dexec.executable=C:\Program Files\Java\jdk-21\bin\java.exe -Dmaven.ext.class.path=C:\Program Files\NetBeans-21\netbeans\java\maven-nblib\netbeans-eventspy.jar --no-transfer-progress process-classes org.codehaus.mojo:exec-maven-plugin:3.1.0:exec
java_class_path (initial): C:\Program Files\NetBeans-21\netbeans\java\maven\boot\plexus-classworlds-2.7.0.jar
Launcher Type: SUN_STANDARD

[Global flags]
     intx CICompilerCount                          = 3                                         {product} {ergonomic}
     uint ConcGCThreads                            = 1                                         {product} {ergonomic}
     uint G1ConcRefinementThreads                  = 4                                         {product} {ergonomic}
   size_t G1HeapRegionSize                         = 1048576                                   {product} {ergonomic}
    uintx GCDrainStackTargetSize                   = 64                                        {product} {ergonomic}
   size_t InitialHeapSize                          = 134217728                                 {product} {ergonomic}
   size_t MarkStackSize                            = 4194304                                   {product} {ergonomic}
   size_t MaxHeapSize                              = 2122317824                                {product} {ergonomic}
   size_t MaxNewSize                               = 1272971264                                {product} {ergonomic}
   size_t MinHeapDeltaBytes                        = 1048576                                   {product} {ergonomic}
   size_t MinHeapSize                              = 8388608                                   {product} {ergonomic}
    uintx NonNMethodCodeHeapSize                   = 5832780                                {pd product} {ergonomic}
    uintx NonProfiledCodeHeapSize                  = 122912730                              {pd product} {ergonomic}
    uintx ProfiledCodeHeapSize                     = 122912730                              {pd product} {ergonomic}
    uintx ReservedCodeCacheSize                    = 251658240                              {pd product} {ergonomic}
     bool SegmentedCodeCache                       = true                                      {product} {ergonomic}
   size_t SoftMaxHeapSize                          = 2122317824                             {manageable} {ergonomic}
     bool UseCompressedOops                        = true                           {product lp64_product} {ergonomic}
     bool UseG1GC                                  = true                                      {product} {ergonomic}
     bool UseLargePagesIndividualAllocation        = false                                  {pd product} {ergonomic}

Logging:
Log output configuration:
 #0: stdout all=warning uptime,level,tags foldmultilines=false
 #1: stderr all=off uptime,level,tags foldmultilines=false

Environment Variables:
JAVA_HOME=C:\Program Files\Java\jdk-21
PATH=C:\Program Files\Common Files\Oracle\Java\javapath;C:\oraclexe\app\oracle\product\10.2.0\server\bin;C:\ProgramData\Oracle\Java\javapath;C:\Windows\system32;C:\Windows;C:\Windows\System32\Wbem;C:\Windows\System32\WindowsPowerShell\v1.0\;C:\Program Files\MATLAB\R2013a\runtime\win64;C:\Program Files\MATLAB\R2013a\bin;C:\Program Files\Java\jdk-21\bin;;C:\Users\Student\AppData\Local\Programs\Microsoft VS Code\bin;C:\Program Files (x86)\EaseUS\Todo Backup\bin\x64\
USERNAME=Student
OS=Windows_NT
PROCESSOR_IDENTIFIER=Intel64 Family 6 Model 42 Stepping 7, GenuineIntel
TMP=C:\Users\Student\AppData\Local\Temp
TEMP=C:\Users\Student\AppData\Local\Temp




Periodic native trim disabled

---------------  S Y S T E M  ---------------

OS:
 Windows 10 , 64 bit Build 10240 (10.0.10240.16384)
OS uptime: 0 days 2:02 hours

CPU: total 4 (initial active 4) (2 cores per cpu, 2 threads per core) family 6 model 42 stepping 7 microcode 0x29, cx8, cmov, fxsr, ht, mmx, sse, sse2, sse3, ssse3, sse4.1, sse4.2, popcnt, tsc, tscinvbit, avx, clmul, vzeroupper, clflush, rdtscp
Processor Information for all 4 processors :
  Max Mhz: 3100, Current Mhz: 3100, Mhz Limit: 3100

Memory: 4k page, system-wide physical 8088M (3342M free)
TotalPageFile size 8187M (AvailPageFile size 3M)
current process WorkingSet (physical memory assigned to process): 72M, peak: 72M
current process commit charge ("private bytes"): 220M, peak: 220M

vm_info: Java HotSpot(TM) 64-Bit Server VM (21.0.3+7-LTS-152) for windows-amd64 JRE (21.0.3+7-LTS-152), built on 2024-03-11T17:42:26Z by "mach5one" with MS VC++ 17.6 (VS2022)

END.
